<?xml version="1.0" encoding="UTF-8"?>
<testsuite xmlns:xsi="http://www.w3.org/2001/XMLSchema-instance" xsi:noNamespaceSchemaLocation="https://maven.apache.org/surefire/maven-failsafe-plugin/xsd/failsafe-test-report-3.0.xsd" version="3.0" name="Transaction user" time="5.963" tests="14" errors="0" skipped="0" failures="0">
  <properties>
    <property name="sun.desktop" value="windows"/>
    <property name="awt.toolkit" value="sun.awt.windows.WToolkit"/>
    <property name="java.specification.version" value="11"/>
    <property name="sun.cpu.isalist" value="amd64"/>
    <property name="sun.jnu.encoding" value="Cp1252"/>
    <property name="java.class.path" value="C:\Users\syawa\API-Automate\target\test-classes;C:\Users\syawa\.m2\repository\ch\qos\logback\logback-classic\1.2.3\logback-classic-1.2.3.jar;C:\Users\syawa\.m2\repository\ch\qos\logback\logback-core\1.2.3\logback-core-1.2.3.jar;C:\Users\syawa\.m2\repository\org\slf4j\slf4j-api\1.7.25\slf4j-api-1.7.25.jar;C:\Users\syawa\.m2\repository\net\serenity-bdd\serenity-core\2.4.51\serenity-core-2.4.51.jar;C:\Users\syawa\.m2\repository\net\serenity-bdd\serenity-model\2.4.51\serenity-model-2.4.51.jar;C:\Users\syawa\.m2\repository\org\apache\commons\commons-text\1.9\commons-text-1.9.jar;C:\Users\syawa\.m2\repository\commons-net\commons-net\3.6\commons-net-3.6.jar;C:\Users\syawa\.m2\repository\com\google\guava\guava\30.1-jre\guava-30.1-jre.jar;C:\Users\syawa\.m2\repository\com\google\guava\failureaccess\1.0.1\failureaccess-1.0.1.jar;C:\Users\syawa\.m2\repository\com\google\guava\listenablefuture\9999.0-empty-to-avoid-conflict-with-guava\listenablefuture-9999.0-empty-to-avoid-conflict-with-guava.jar;C:\Users\syawa\.m2\repository\org\checkerframework\checker-qual\3.5.0\checker-qual-3.5.0.jar;C:\Users\syawa\.m2\repository\com\google\errorprone\error_prone_annotations\2.3.4\error_prone_annotations-2.3.4.jar;C:\Users\syawa\.m2\repository\com\google\j2objc\j2objc-annotations\1.3\j2objc-annotations-1.3.jar;C:\Users\syawa\.m2\repository\com\google\inject\guice\5.0.1\guice-5.0.1.jar;C:\Users\syawa\.m2\repository\javax\inject\javax.inject\1\javax.inject-1.jar;C:\Users\syawa\.m2\repository\aopalliance\aopalliance\1.0\aopalliance-1.0.jar;C:\Users\syawa\.m2\repository\org\jsoup\jsoup\1.13.1\jsoup-1.13.1.jar;C:\Users\syawa\.m2\repository\com\thoughtworks\xstream\xstream\1.4.17\xstream-1.4.17.jar;C:\Users\syawa\.m2\repository\io\github\x-stream\mxparser\1.2.1\mxparser-1.2.1.jar;C:\Users\syawa\.m2\repository\xmlpull\xmlpull\1.1.3.1\xmlpull-1.1.3.1.jar;C:\Users\syawa\.m2\repository\io\cucumber\cucumber-core\6.10.2\cucumber-core-6.10.2.jar;C:\Users\syawa\.m2\repository\io\cucumber\cucumber-gherkin\6.10.2\cucumber-gherkin-6.10.2.jar;C:\Users\syawa\.m2\repository\io\cucumber\cucumber-gherkin-messages\6.10.2\cucumber-gherkin-messages-6.10.2.jar;C:\Users\syawa\.m2\repository\io\cucumber\messages\14.0.1\messages-14.0.1.jar;C:\Users\syawa\.m2\repository\io\cucumber\tag-expressions\3.0.0\tag-expressions-3.0.0.jar;C:\Users\syawa\.m2\repository\io\cucumber\cucumber-expressions\10.3.0\cucumber-expressions-10.3.0.jar;C:\Users\syawa\.m2\repository\io\cucumber\cucumber-plugin\6.10.2\cucumber-plugin-6.10.2.jar;C:\Users\syawa\.m2\repository\io\cucumber\docstring\6.10.2\docstring-6.10.2.jar;C:\Users\syawa\.m2\repository\io\cucumber\html-formatter\12.0.0\html-formatter-12.0.0.jar;C:\Users\syawa\.m2\repository\io\cucumber\create-meta\3.0.0\create-meta-3.0.0.jar;C:\Users\syawa\.m2\repository\com\typesafe\config\1.3.1\config-1.3.1.jar;C:\Users\syawa\.m2\repository\org\imgscalr\imgscalr-lib\4.2\imgscalr-lib-4.2.jar;C:\Users\syawa\.m2\repository\org\awaitility\awaitility\4.0.3\awaitility-4.0.3.jar;C:\Users\syawa\.m2\repository\org\freemarker\freemarker\2.3.29\freemarker-2.3.29.jar;C:\Users\syawa\.m2\repository\net\sourceforge\jexcelapi\jxl\2.6.12\jxl-2.6.12.jar;C:\Users\syawa\.m2\repository\org\asciidoctor\asciidoctorj\2.5.1\asciidoctorj-2.5.1.jar;C:\Users\syawa\.m2\repository\org\asciidoctor\asciidoctorj-api\2.5.1\asciidoctorj-api-2.5.1.jar;C:\Users\syawa\.m2\repository\org\jruby\jruby\9.2.17.0\jruby-9.2.17.0.jar;C:\Users\syawa\.m2\repository\org\jruby\jruby-core\9.2.17.0\jruby-core-9.2.17.0.jar;C:\Users\syawa\.m2\repository\com\github\jnr\jnr-netdb\1.2.0\jnr-netdb-1.2.0.jar;C:\Users\syawa\.m2\repository\com\github\jnr\jnr-enxio\0.32.3\jnr-enxio-0.32.3.jar;C:\Users\syawa\.m2\repository\com\github\jnr\jnr-unixsocket\0.38.5\jnr-unixsocket-0.38.5.jar;C:\Users\syawa\.m2\repository\com\github\jnr\jnr-posix\3.1.4\jnr-posix-3.1.4.jar;C:\Users\syawa\.m2\repository\com\github\jnr\jnr-constants\0.10.1\jnr-constants-0.10.1.jar;C:\Users\syawa\.m2\repository\com\github\jnr\jffi\1.3.1\jffi-1.3.1.jar;C:\Users\syawa\.m2\repository\com\github\jnr\jffi\1.3.1\jffi-1.3.1-native.jar;C:\Users\syawa\.m2\repository\org\jruby\joni\joni\2.1.31\joni-2.1.31.jar;C:\Users\syawa\.m2\repository\org\jruby\jcodings\jcodings\1.0.46\jcodings-1.0.46.jar;C:\Users\syawa\.m2\repository\org\jruby\dirgra\0.3\dirgra-0.3.jar;C:\Users\syawa\.m2\repository\com\headius\invokebinder\1.11\invokebinder-1.11.jar;C:\Users\syawa\.m2\repository\com\headius\options\1.4\options-1.4.jar;C:\Users\syawa\.m2\repository\com\jcraft\jzlib\1.1.3\jzlib-1.1.3.jar;C:\Users\syawa\.m2\repository\com\martiansoftware\nailgun-server\0.9.1\nailgun-server-0.9.1.jar;C:\Users\syawa\.m2\repository\com\headius\backport9\1.8\backport9-1.8.jar;C:\Users\syawa\.m2\repository\javax\annotation\javax.annotation-api\1.3.1\javax.annotation-api-1.3.1.jar;C:\Users\syawa\.m2\repository\org\jruby\jruby-stdlib\9.2.17.0\jruby-stdlib-9.2.17.0.jar;C:\Users\syawa\.m2\repository\net\bytebuddy\byte-buddy\1.11.1\byte-buddy-1.11.1.jar;C:\Users\syawa\.m2\repository\net\bytebuddy\byte-buddy-agent\1.11.1\byte-buddy-agent-1.11.1.jar;C:\Users\syawa\.m2\repository\org\objenesis\objenesis\3.1\objenesis-3.1.jar;C:\Users\syawa\.m2\repository\net\serenity-bdd\serenity-reports\2.4.51\serenity-reports-2.4.51.jar;C:\Users\syawa\.m2\repository\net\serenity-bdd\serenity-stats\2.4.51\serenity-stats-2.4.51.jar;C:\Users\syawa\.m2\repository\org\jetbrains\kotlin\kotlin-stdlib\1.5.0\kotlin-stdlib-1.5.0.jar;C:\Users\syawa\.m2\repository\org\jetbrains\annotations\13.0\annotations-13.0.jar;C:\Users\syawa\.m2\repository\org\jetbrains\kotlin\kotlin-stdlib-common\1.5.0\kotlin-stdlib-common-1.5.0.jar;C:\Users\syawa\.m2\repository\net\serenity-bdd\serenity-reports-configuration\2.4.51\serenity-reports-configuration-2.4.51.jar;C:\Users\syawa\.m2\repository\com\vladsch\flexmark\flexmark-all\0.34.30\flexmark-all-0.34.30.jar;C:\Users\syawa\.m2\repository\com\vladsch\flexmark\flexmark\0.34.30\flexmark-0.34.30.jar;C:\Users\syawa\.m2\repository\com\vladsch\flexmark\flexmark-ext-abbreviation\0.34.30\flexmark-ext-abbreviation-0.34.30.jar;C:\Users\syawa\.m2\repository\com\vladsch\flexmark\flexmark-ext-admonition\0.34.30\flexmark-ext-admonition-0.34.30.jar;C:\Users\syawa\.m2\repository\com\vladsch\flexmark\flexmark-ext-anchorlink\0.34.30\flexmark-ext-anchorlink-0.34.30.jar;C:\Users\syawa\.m2\repository\com\vladsch\flexmark\flexmark-ext-aside\0.34.30\flexmark-ext-aside-0.34.30.jar;C:\Users\syawa\.m2\repository\com\vladsch\flexmark\flexmark-ext-attributes\0.34.30\flexmark-ext-attributes-0.34.30.jar;C:\Users\syawa\.m2\repository\com\vladsch\flexmark\flexmark-ext-autolink\0.34.30\flexmark-ext-autolink-0.34.30.jar;C:\Users\syawa\.m2\repository\org\nibor\autolink\autolink\0.6.0\autolink-0.6.0.jar;C:\Users\syawa\.m2\repository\com\vladsch\flexmark\flexmark-ext-definition\0.34.30\flexmark-ext-definition-0.34.30.jar;C:\Users\syawa\.m2\repository\com\vladsch\flexmark\flexmark-ext-emoji\0.34.30\flexmark-ext-emoji-0.34.30.jar;C:\Users\syawa\.m2\repository\com\vladsch\flexmark\flexmark-ext-enumerated-reference\0.34.30\flexmark-ext-enumerated-reference-0.34.30.jar;C:\Users\syawa\.m2\repository\com\vladsch\flexmark\flexmark-ext-escaped-character\0.34.30\flexmark-ext-escaped-character-0.34.30.jar;C:\Users\syawa\.m2\repository\com\vladsch\flexmark\flexmark-ext-footnotes\0.34.30\flexmark-ext-footnotes-0.34.30.jar;C:\Users\syawa\.m2\repository\com\vladsch\flexmark\flexmark-ext-gfm-issues\0.34.30\flexmark-ext-gfm-issues-0.34.30.jar;C:\Users\syawa\.m2\repository\com\vladsch\flexmark\flexmark-ext-gfm-strikethrough\0.34.30\flexmark-ext-gfm-strikethrough-0.34.30.jar;C:\Users\syawa\.m2\repository\com\vladsch\flexmark\flexmark-ext-gfm-tables\0.34.30\flexmark-ext-gfm-tables-0.34.30.jar;C:\Users\syawa\.m2\repository\com\vladsch\flexmark\flexmark-ext-gfm-tasklist\0.34.30\flexmark-ext-gfm-tasklist-0.34.30.jar;C:\Users\syawa\.m2\repository\com\vladsch\flexmark\flexmark-ext-gfm-users\0.34.30\flexmark-ext-gfm-users-0.34.30.jar;C:\Users\syawa\.m2\repository\com\vladsch\flexmark\flexmark-ext-gitlab\0.34.30\flexmark-ext-gitlab-0.34.30.jar;C:\Users\syawa\.m2\repository\com\vladsch\flexmark\flexmark-ext-jekyll-front-matter\0.34.30\flexmark-ext-jekyll-front-matter-0.34.30.jar;C:\Users\syawa\.m2\repository\com\vladsch\flexmark\flexmark-ext-jekyll-tag\0.34.30\flexmark-ext-jekyll-tag-0.34.30.jar;C:\Users\syawa\.m2\repository\com\vladsch\flexmark\flexmark-ext-media-tags\0.34.30\flexmark-ext-media-tags-0.34.30.jar;C:\Users\syawa\.m2\repository\com\vladsch\flexmark\flexmark-test-util\0.34.30\flexmark-test-util-0.34.30.jar;C:\Users\syawa\.m2\repository\com\vladsch\flexmark\flexmark-ext-ins\0.34.30\flexmark-ext-ins-0.34.30.jar;C:\Users\syawa\.m2\repository\com\vladsch\flexmark\flexmark-ext-xwiki-macros\0.34.30\flexmark-ext-xwiki-macros-0.34.30.jar;C:\Users\syawa\.m2\repository\com\vladsch\flexmark\flexmark-ext-superscript\0.34.30\flexmark-ext-superscript-0.34.30.jar;C:\Users\syawa\.m2\repository\com\vladsch\flexmark\flexmark-ext-tables\0.34.30\flexmark-ext-tables-0.34.30.jar;C:\Users\syawa\.m2\repository\com\vladsch\flexmark\flexmark-ext-toc\0.34.30\flexmark-ext-toc-0.34.30.jar;C:\Users\syawa\.m2\repository\com\vladsch\flexmark\flexmark-ext-typographic\0.34.30\flexmark-ext-typographic-0.34.30.jar;C:\Users\syawa\.m2\repository\com\vladsch\flexmark\flexmark-ext-wikilink\0.34.30\flexmark-ext-wikilink-0.34.30.jar;C:\Users\syawa\.m2\repository\com\vladsch\flexmark\flexmark-ext-yaml-front-matter\0.34.30\flexmark-ext-yaml-front-matter-0.34.30.jar;C:\Users\syawa\.m2\repository\com\vladsch\flexmark\flexmark-ext-youtube-embedded\0.34.30\flexmark-ext-youtube-embedded-0.34.30.jar;C:\Users\syawa\.m2\repository\com\vladsch\flexmark\flexmark-formatter\0.34.30\flexmark-formatter-0.34.30.jar;C:\Users\syawa\.m2\repository\com\vladsch\flexmark\flexmark-html-parser\0.34.30\flexmark-html-parser-0.34.30.jar;C:\Users\syawa\.m2\repository\com\vladsch\flexmark\flexmark-jira-converter\0.34.30\flexmark-jira-converter-0.34.30.jar;C:\Users\syawa\.m2\repository\com\vladsch\flexmark\flexmark-pdf-converter\0.34.30\flexmark-pdf-converter-0.34.30.jar;C:\Users\syawa\.m2\repository\com\openhtmltopdf\openhtmltopdf-core\0.0.1-RC13\openhtmltopdf-core-0.0.1-RC13.jar;C:\Users\syawa\.m2\repository\com\openhtmltopdf\openhtmltopdf-pdfbox\0.0.1-RC13\openhtmltopdf-pdfbox-0.0.1-RC13.jar;C:\Users\syawa\.m2\repository\org\apache\pdfbox\pdfbox\2.0.8\pdfbox-2.0.8.jar;C:\Users\syawa\.m2\repository\org\apache\pdfbox\fontbox\2.0.8\fontbox-2.0.8.jar;C:\Users\syawa\.m2\repository\org\apache\pdfbox\xmpbox\2.0.8\xmpbox-2.0.8.jar;C:\Users\syawa\.m2\repository\de\rototor\pdfbox\graphics2d\0.12\graphics2d-0.12.jar;C:\Users\syawa\.m2\repository\com\openhtmltopdf\openhtmltopdf-rtl-support\0.0.1-RC13\openhtmltopdf-rtl-support-0.0.1-RC13.jar;C:\Users\syawa\.m2\repository\com\ibm\icu\icu4j\59.1\icu4j-59.1.jar;C:\Users\syawa\.m2\repository\com\openhtmltopdf\openhtmltopdf-jsoup-dom-converter\0.0.1-RC13\openhtmltopdf-jsoup-dom-converter-0.0.1-RC13.jar;C:\Users\syawa\.m2\repository\com\vladsch\flexmark\flexmark-profile-pegdown\0.34.30\flexmark-profile-pegdown-0.34.30.jar;C:\Users\syawa\.m2\repository\com\vladsch\flexmark\flexmark-util\0.34.30\flexmark-util-0.34.30.jar;C:\Users\syawa\.m2\repository\com\vladsch\flexmark\flexmark-youtrack-converter\0.34.30\flexmark-youtrack-converter-0.34.30.jar;C:\Users\syawa\.m2\repository\es\nitaur\markdown\txtmark\0.16\txtmark-0.16.jar;C:\Users\syawa\.m2\repository\net\serenity-bdd\serenity-report-resources\2.4.51\serenity-report-resources-2.4.51.jar;C:\Users\syawa\.m2\repository\com\google\code\gson\gson\2.8.7\gson-2.8.7.jar;C:\Users\syawa\.m2\repository\com\fasterxml\jackson\core\jackson-core\2.12.4\jackson-core-2.12.4.jar;C:\Users\syawa\.m2\repository\com\fasterxml\jackson\core\jackson-databind\2.12.4\jackson-databind-2.12.4.jar;C:\Users\syawa\.m2\repository\com\fasterxml\jackson\core\jackson-annotations\2.12.4\jackson-annotations-2.12.4.jar;C:\Users\syawa\.m2\repository\commons-codec\commons-codec\1.15\commons-codec-1.15.jar;C:\Users\syawa\.m2\repository\commons-io\commons-io\2.8.0\commons-io-2.8.0.jar;C:\Users\syawa\.m2\repository\org\seleniumhq\selenium\selenium-server\3.141.59\selenium-server-3.141.59.jar;C:\Users\syawa\.m2\repository\org\seleniumhq\selenium\selenium-opera-driver\3.141.59\selenium-opera-driver-3.141.59.jar;C:\Users\syawa\.m2\repository\org\seleniumhq\selenium\selenium-remote-driver\3.141.59\selenium-remote-driver-3.141.59.jar;C:\Users\syawa\.m2\repository\org\seleniumhq\selenium\selenium-safari-driver\3.141.59\selenium-safari-driver-3.141.59.jar;C:\Users\syawa\.m2\repository\com\beust\jcommander\1.72\jcommander-1.72.jar;C:\Users\syawa\.m2\repository\org\apache\commons\commons-exec\1.3\commons-exec-1.3.jar;C:\Users\syawa\.m2\repository\net\jcip\jcip-annotations\1.0\jcip-annotations-1.0.jar;C:\Users\syawa\.m2\repository\org\seleniumhq\selenium\jetty-repacked\9.4.12.v20180830\jetty-repacked-9.4.12.v20180830.jar;C:\Users\syawa\.m2\repository\com\squareup\okhttp3\okhttp\3.11.0\okhttp-3.11.0.jar;C:\Users\syawa\.m2\repository\com\squareup\okio\okio\1.14.0\okio-1.14.0.jar;C:\Users\syawa\.m2\repository\javax\servlet\javax.servlet-api\3.1.0\javax.servlet-api-3.1.0.jar;C:\Users\syawa\.m2\repository\org\yaml\snakeyaml\1.19\snakeyaml-1.19.jar;C:\Users\syawa\.m2\repository\org\seleniumhq\selenium\selenium-java\3.141.59\selenium-java-3.141.59.jar;C:\Users\syawa\.m2\repository\org\seleniumhq\selenium\selenium-api\3.141.59\selenium-api-3.141.59.jar;C:\Users\syawa\.m2\repository\org\seleniumhq\selenium\selenium-support\3.141.59\selenium-support-3.141.59.jar;C:\Users\syawa\.m2\repository\org\seleniumhq\selenium\selenium-chrome-driver\3.141.59\selenium-chrome-driver-3.141.59.jar;C:\Users\syawa\.m2\repository\org\seleniumhq\selenium\selenium-firefox-driver\3.141.59\selenium-firefox-driver-3.141.59.jar;C:\Users\syawa\.m2\repository\org\seleniumhq\selenium\selenium-edge-driver\3.141.59\selenium-edge-driver-3.141.59.jar;C:\Users\syawa\.m2\repository\org\seleniumhq\selenium\selenium-ie-driver\3.141.59\selenium-ie-driver-3.141.59.jar;C:\Users\syawa\.m2\repository\net\sourceforge\htmlunit\htmlunit\2.47.1\htmlunit-2.47.1.jar;C:\Users\syawa\.m2\repository\xalan\xalan\2.7.2\xalan-2.7.2.jar;C:\Users\syawa\.m2\repository\xalan\serializer\2.7.2\serializer-2.7.2.jar;C:\Users\syawa\.m2\repository\net\sourceforge\htmlunit\htmlunit-core-js\2.47.0\htmlunit-core-js-2.47.0.jar;C:\Users\syawa\.m2\repository\net\sourceforge\htmlunit\neko-htmlunit\2.47.1\neko-htmlunit-2.47.1.jar;C:\Users\syawa\.m2\repository\xerces\xercesImpl\2.12.0\xercesImpl-2.12.0.jar;C:\Users\syawa\.m2\repository\xml-apis\xml-apis\1.4.01\xml-apis-1.4.01.jar;C:\Users\syawa\.m2\repository\net\sourceforge\htmlunit\htmlunit-cssparser\1.7.0\htmlunit-cssparser-1.7.0.jar;C:\Users\syawa\.m2\repository\org\brotli\dec\0.1.2\dec-0.1.2.jar;C:\Users\syawa\.m2\repository\com\shapesecurity\salvation2\3.0.0\salvation2-3.0.0.jar;C:\Users\syawa\.m2\repository\org\eclipse\jetty\websocket\websocket-client\9.4.36.v20210114\websocket-client-9.4.36.v20210114.jar;C:\Users\syawa\.m2\repository\org\eclipse\jetty\jetty-client\9.4.36.v20210114\jetty-client-9.4.36.v20210114.jar;C:\Users\syawa\.m2\repository\org\eclipse\jetty\jetty-http\9.4.36.v20210114\jetty-http-9.4.36.v20210114.jar;C:\Users\syawa\.m2\repository\org\eclipse\jetty\jetty-util\9.4.36.v20210114\jetty-util-9.4.36.v20210114.jar;C:\Users\syawa\.m2\repository\org\eclipse\jetty\jetty-io\9.4.36.v20210114\jetty-io-9.4.36.v20210114.jar;C:\Users\syawa\.m2\repository\org\eclipse\jetty\websocket\websocket-common\9.4.36.v20210114\websocket-common-9.4.36.v20210114.jar;C:\Users\syawa\.m2\repository\org\eclipse\jetty\websocket\websocket-api\9.4.36.v20210114\websocket-api-9.4.36.v20210114.jar;C:\Users\syawa\.m2\repository\org\projectlombok\lombok\1.18.20\lombok-1.18.20.jar;C:\Users\syawa\.m2\repository\org\seleniumhq\selenium\htmlunit-driver\2.47.1\htmlunit-driver-2.47.1.jar;C:\Users\syawa\.m2\repository\com\codeborne\phantomjsdriver\1.4.4\phantomjsdriver-1.4.4.jar;C:\Users\syawa\.m2\repository\io\appium\java-client\7.5.1\java-client-7.5.1.jar;C:\Users\syawa\.m2\repository\commons-validator\commons-validator\1.7\commons-validator-1.7.jar;C:\Users\syawa\.m2\repository\commons-digester\commons-digester\2.1\commons-digester-2.1.jar;C:\Users\syawa\.m2\repository\org\aspectj\aspectjweaver\1.9.6\aspectjweaver-1.9.6.jar;C:\Users\syawa\.m2\repository\net\sf\opencsv\opencsv\2.0\opencsv-2.0.jar;C:\Users\syawa\.m2\repository\commons-beanutils\commons-beanutils\1.9.4\commons-beanutils-1.9.4.jar;C:\Users\syawa\.m2\repository\org\apache\commons\commons-lang3\3.11\commons-lang3-3.11.jar;C:\Users\syawa\.m2\repository\commons-collections\commons-collections\3.2.2\commons-collections-3.2.2.jar;C:\Users\syawa\.m2\repository\org\fluentlenium\fluentlenium-core\0.10.2\fluentlenium-core-0.10.2.jar;C:\Users\syawa\.m2\repository\io\github\bonigarcia\webdrivermanager\4.4.1\webdrivermanager-4.4.1.jar;C:\Users\syawa\.m2\repository\org\apache\httpcomponents\client5\httpclient5\5.0.3\httpclient5-5.0.3.jar;C:\Users\syawa\.m2\repository\org\apache\httpcomponents\core5\httpcore5\5.0.2\httpcore5-5.0.2.jar;C:\Users\syawa\.m2\repository\org\apache\httpcomponents\core5\httpcore5-h2\5.0.2\httpcore5-h2-5.0.2.jar;C:\Users\syawa\.m2\repository\org\rauschig\jarchivelib\1.1.0\jarchivelib-1.1.0.jar;C:\Users\syawa\.m2\repository\org\apache\commons\commons-compress\1.20\commons-compress-1.20.jar;C:\Users\syawa\.m2\repository\com\jhlabs\filters\2.0.235\filters-2.0.235.jar;C:\Users\syawa\.m2\repository\com\paulhammant\ngwebdriver\1.1.5\ngwebdriver-1.1.5.jar;C:\Users\syawa\.m2\repository\joda-time\joda-time\2.8.2\joda-time-2.8.2.jar;C:\Users\syawa\.m2\repository\com\google\jimfs\jimfs\1.1\jimfs-1.1.jar;C:\Users\syawa\.m2\repository\org\mockito\mockito-core\3.3.3\mockito-core-3.3.3.jar;C:\Users\syawa\.m2\repository\javax\xml\bind\jaxb-api\2.3.1\jaxb-api-2.3.1.jar;C:\Users\syawa\.m2\repository\javax\activation\javax.activation-api\1.2.0\javax.activation-api-1.2.0.jar;C:\Users\syawa\.m2\repository\com\sun\xml\bind\jaxb-core\2.3.0.1\jaxb-core-2.3.0.1.jar;C:\Users\syawa\.m2\repository\com\sun\xml\bind\jaxb-impl\2.3.3\jaxb-impl-2.3.3.jar;C:\Users\syawa\.m2\repository\com\sun\activation\jakarta.activation\1.2.2\jakarta.activation-1.2.2.jar;C:\Users\syawa\.m2\repository\javax\activation\activation\1.1.1\activation-1.1.1.jar;C:\Users\syawa\.m2\repository\net\serenity-bdd\serenity-junit\2.4.51\serenity-junit-2.4.51.jar;C:\Users\syawa\.m2\repository\net\serenity-bdd\serenity-rest-assured\2.4.51\serenity-rest-assured-2.4.51.jar;C:\Users\syawa\.m2\repository\org\codehaus\groovy\groovy-json\3.0.8\groovy-json-3.0.8.jar;C:\Users\syawa\.m2\repository\org\opentest4j\opentest4j\1.2.0\opentest4j-1.2.0.jar;C:\Users\syawa\.m2\repository\net\serenity-bdd\serenity-screenplay\2.4.51\serenity-screenplay-2.4.51.jar;C:\Users\syawa\.m2\repository\net\serenity-bdd\serenity-screenplay-rest\2.4.51\serenity-screenplay-rest-2.4.51.jar;C:\Users\syawa\.m2\repository\net\serenity-bdd\serenity-cucumber6\2.4.51\serenity-cucumber6-2.4.51.jar;C:\Users\syawa\.m2\repository\net\serenity-bdd\serenity-screenplay-webdriver\2.4.51\serenity-screenplay-webdriver-2.4.51.jar;C:\Users\syawa\.m2\repository\io\cucumber\cucumber-java\6.10.4\cucumber-java-6.10.4.jar;C:\Users\syawa\.m2\repository\org\apiguardian\apiguardian-api\1.1.1\apiguardian-api-1.1.1.jar;C:\Users\syawa\.m2\repository\io\cucumber\cucumber-junit\6.10.4\cucumber-junit-6.10.4.jar;C:\Users\syawa\.m2\repository\io\cucumber\datatable-matchers\3.4.0\datatable-matchers-3.4.0.jar;C:\Users\syawa\.m2\repository\io\cucumber\datatable\3.4.0\datatable-3.4.0.jar;C:\Users\syawa\.m2\repository\commons-logging\commons-logging\1.2\commons-logging-1.2.jar;C:\Users\syawa\.m2\repository\org\apache\commons\commons-csv\1.5\commons-csv-1.5.jar;C:\Users\syawa\.m2\repository\io\rest-assured\rest-assured\4.3.2\rest-assured-4.3.2.jar;C:\Users\syawa\.m2\repository\org\apache\httpcomponents\httpclient\4.5.3\httpclient-4.5.3.jar;C:\Users\syawa\.m2\repository\org\apache\httpcomponents\httpcore\4.4.6\httpcore-4.4.6.jar;C:\Users\syawa\.m2\repository\org\apache\httpcomponents\httpmime\4.5.3\httpmime-4.5.3.jar;C:\Users\syawa\.m2\repository\org\ccil\cowan\tagsoup\tagsoup\1.2.1\tagsoup-1.2.1.jar;C:\Users\syawa\.m2\repository\io\rest-assured\json-path\4.3.3\json-path-4.3.3.jar;C:\Users\syawa\.m2\repository\io\rest-assured\rest-assured-common\4.3.3\rest-assured-common-4.3.3.jar;C:\Users\syawa\.m2\repository\io\rest-assured\xml-path\4.3.3\xml-path-4.3.3.jar;C:\Users\syawa\.m2\repository\jakarta\xml\bind\jakarta.xml.bind-api\2.3.3\jakarta.xml.bind-api-2.3.3.jar;C:\Users\syawa\.m2\repository\jakarta\activation\jakarta.activation-api\1.2.2\jakarta.activation-api-1.2.2.jar;C:\Users\syawa\.m2\repository\org\codehaus\groovy\groovy\3.0.6\groovy-3.0.6.jar;C:\Users\syawa\.m2\repository\org\codehaus\groovy\groovy-xml\3.0.6\groovy-xml-3.0.6.jar;C:\Users\syawa\.m2\repository\junit\junit\4.13.1\junit-4.13.1.jar;C:\Users\syawa\.m2\repository\org\hamcrest\hamcrest-core\1.3\hamcrest-core-1.3.jar;C:\Users\syawa\.m2\repository\org\assertj\assertj-core\3.6.2\assertj-core-3.6.2.jar;C:\Users\syawa\.m2\repository\org\hamcrest\hamcrest\2.2\hamcrest-2.2.jar;C:\Users\syawa\.m2\repository\io\rest-assured\json-schema-validator\5.2.0\json-schema-validator-5.2.0.jar;C:\Users\syawa\.m2\repository\com\github\java-json-tools\json-schema-validator\2.2.14\json-schema-validator-2.2.14.jar;C:\Users\syawa\.m2\repository\com\github\java-json-tools\jackson-coreutils-equivalence\1.0\jackson-coreutils-equivalence-1.0.jar;C:\Users\syawa\.m2\repository\com\github\java-json-tools\jackson-coreutils\2.0\jackson-coreutils-2.0.jar;C:\Users\syawa\.m2\repository\com\github\java-json-tools\msg-simple\1.2\msg-simple-1.2.jar;C:\Users\syawa\.m2\repository\com\github\java-json-tools\btf\1.3\btf-1.3.jar;C:\Users\syawa\.m2\repository\com\github\java-json-tools\json-schema-core\1.2.14\json-schema-core-1.2.14.jar;C:\Users\syawa\.m2\repository\com\github\java-json-tools\uri-template\0.10\uri-template-0.10.jar;C:\Users\syawa\.m2\repository\org\mozilla\rhino\1.7.7.2\rhino-1.7.7.2.jar;C:\Users\syawa\.m2\repository\com\sun\mail\mailapi\1.6.2\mailapi-1.6.2.jar;C:\Users\syawa\.m2\repository\com\googlecode\libphonenumber\libphonenumber\8.11.1\libphonenumber-8.11.1.jar;C:\Users\syawa\.m2\repository\com\google\code\findbugs\jsr305\3.0.2\jsr305-3.0.2.jar;C:\Users\syawa\.m2\repository\net\sf\jopt-simple\jopt-simple\5.0.4\jopt-simple-5.0.4.jar;"/>
    <property name="java.vm.vendor" value="Oracle Corporation"/>
    <property name="sun.arch.data.model" value="64"/>
    <property name="user.variant" value=""/>
    <property name="java.vendor.url" value="https://openjdk.java.net/"/>
    <property name="user.timezone" value="Asia/Bangkok"/>
    <property name="java.vm.specification.version" value="11"/>
    <property name="os.name" value="Windows 11"/>
    <property name="sun.java.launcher" value="SUN_STANDARD"/>
    <property name="user.country" value="ID"/>
    <property name="sun.boot.library.path" value="C:\Program Files\Java\jdk-11.0.17\bin"/>
    <property name="sun.java.command" value="org.apache.maven.surefire.booter.ForkedBooter C:\Users\syawa\AppData\Local\Temp\surefire14158338532902570826 2022-12-07T00-20-56_281-jvmRun1 surefire13943436569324810027tmp surefire_015168353690947645633tmp"/>
    <property name="jdk.debug" value="release"/>
    <property name="surefire.test.class.path" value="C:\Users\syawa\API-Automate\target\test-classes;C:\Users\syawa\.m2\repository\ch\qos\logback\logback-classic\1.2.3\logback-classic-1.2.3.jar;C:\Users\syawa\.m2\repository\ch\qos\logback\logback-core\1.2.3\logback-core-1.2.3.jar;C:\Users\syawa\.m2\repository\org\slf4j\slf4j-api\1.7.25\slf4j-api-1.7.25.jar;C:\Users\syawa\.m2\repository\net\serenity-bdd\serenity-core\2.4.51\serenity-core-2.4.51.jar;C:\Users\syawa\.m2\repository\net\serenity-bdd\serenity-model\2.4.51\serenity-model-2.4.51.jar;C:\Users\syawa\.m2\repository\org\apache\commons\commons-text\1.9\commons-text-1.9.jar;C:\Users\syawa\.m2\repository\commons-net\commons-net\3.6\commons-net-3.6.jar;C:\Users\syawa\.m2\repository\com\google\guava\guava\30.1-jre\guava-30.1-jre.jar;C:\Users\syawa\.m2\repository\com\google\guava\failureaccess\1.0.1\failureaccess-1.0.1.jar;C:\Users\syawa\.m2\repository\com\google\guava\listenablefuture\9999.0-empty-to-avoid-conflict-with-guava\listenablefuture-9999.0-empty-to-avoid-conflict-with-guava.jar;C:\Users\syawa\.m2\repository\org\checkerframework\checker-qual\3.5.0\checker-qual-3.5.0.jar;C:\Users\syawa\.m2\repository\com\google\errorprone\error_prone_annotations\2.3.4\error_prone_annotations-2.3.4.jar;C:\Users\syawa\.m2\repository\com\google\j2objc\j2objc-annotations\1.3\j2objc-annotations-1.3.jar;C:\Users\syawa\.m2\repository\com\google\inject\guice\5.0.1\guice-5.0.1.jar;C:\Users\syawa\.m2\repository\javax\inject\javax.inject\1\javax.inject-1.jar;C:\Users\syawa\.m2\repository\aopalliance\aopalliance\1.0\aopalliance-1.0.jar;C:\Users\syawa\.m2\repository\org\jsoup\jsoup\1.13.1\jsoup-1.13.1.jar;C:\Users\syawa\.m2\repository\com\thoughtworks\xstream\xstream\1.4.17\xstream-1.4.17.jar;C:\Users\syawa\.m2\repository\io\github\x-stream\mxparser\1.2.1\mxparser-1.2.1.jar;C:\Users\syawa\.m2\repository\xmlpull\xmlpull\1.1.3.1\xmlpull-1.1.3.1.jar;C:\Users\syawa\.m2\repository\io\cucumber\cucumber-core\6.10.2\cucumber-core-6.10.2.jar;C:\Users\syawa\.m2\repository\io\cucumber\cucumber-gherkin\6.10.2\cucumber-gherkin-6.10.2.jar;C:\Users\syawa\.m2\repository\io\cucumber\cucumber-gherkin-messages\6.10.2\cucumber-gherkin-messages-6.10.2.jar;C:\Users\syawa\.m2\repository\io\cucumber\messages\14.0.1\messages-14.0.1.jar;C:\Users\syawa\.m2\repository\io\cucumber\tag-expressions\3.0.0\tag-expressions-3.0.0.jar;C:\Users\syawa\.m2\repository\io\cucumber\cucumber-expressions\10.3.0\cucumber-expressions-10.3.0.jar;C:\Users\syawa\.m2\repository\io\cucumber\cucumber-plugin\6.10.2\cucumber-plugin-6.10.2.jar;C:\Users\syawa\.m2\repository\io\cucumber\docstring\6.10.2\docstring-6.10.2.jar;C:\Users\syawa\.m2\repository\io\cucumber\html-formatter\12.0.0\html-formatter-12.0.0.jar;C:\Users\syawa\.m2\repository\io\cucumber\create-meta\3.0.0\create-meta-3.0.0.jar;C:\Users\syawa\.m2\repository\com\typesafe\config\1.3.1\config-1.3.1.jar;C:\Users\syawa\.m2\repository\org\imgscalr\imgscalr-lib\4.2\imgscalr-lib-4.2.jar;C:\Users\syawa\.m2\repository\org\awaitility\awaitility\4.0.3\awaitility-4.0.3.jar;C:\Users\syawa\.m2\repository\org\freemarker\freemarker\2.3.29\freemarker-2.3.29.jar;C:\Users\syawa\.m2\repository\net\sourceforge\jexcelapi\jxl\2.6.12\jxl-2.6.12.jar;C:\Users\syawa\.m2\repository\org\asciidoctor\asciidoctorj\2.5.1\asciidoctorj-2.5.1.jar;C:\Users\syawa\.m2\repository\org\asciidoctor\asciidoctorj-api\2.5.1\asciidoctorj-api-2.5.1.jar;C:\Users\syawa\.m2\repository\org\jruby\jruby\9.2.17.0\jruby-9.2.17.0.jar;C:\Users\syawa\.m2\repository\org\jruby\jruby-core\9.2.17.0\jruby-core-9.2.17.0.jar;C:\Users\syawa\.m2\repository\com\github\jnr\jnr-netdb\1.2.0\jnr-netdb-1.2.0.jar;C:\Users\syawa\.m2\repository\com\github\jnr\jnr-enxio\0.32.3\jnr-enxio-0.32.3.jar;C:\Users\syawa\.m2\repository\com\github\jnr\jnr-unixsocket\0.38.5\jnr-unixsocket-0.38.5.jar;C:\Users\syawa\.m2\repository\com\github\jnr\jnr-posix\3.1.4\jnr-posix-3.1.4.jar;C:\Users\syawa\.m2\repository\com\github\jnr\jnr-constants\0.10.1\jnr-constants-0.10.1.jar;C:\Users\syawa\.m2\repository\com\github\jnr\jffi\1.3.1\jffi-1.3.1.jar;C:\Users\syawa\.m2\repository\com\github\jnr\jffi\1.3.1\jffi-1.3.1-native.jar;C:\Users\syawa\.m2\repository\org\jruby\joni\joni\2.1.31\joni-2.1.31.jar;C:\Users\syawa\.m2\repository\org\jruby\jcodings\jcodings\1.0.46\jcodings-1.0.46.jar;C:\Users\syawa\.m2\repository\org\jruby\dirgra\0.3\dirgra-0.3.jar;C:\Users\syawa\.m2\repository\com\headius\invokebinder\1.11\invokebinder-1.11.jar;C:\Users\syawa\.m2\repository\com\headius\options\1.4\options-1.4.jar;C:\Users\syawa\.m2\repository\com\jcraft\jzlib\1.1.3\jzlib-1.1.3.jar;C:\Users\syawa\.m2\repository\com\martiansoftware\nailgun-server\0.9.1\nailgun-server-0.9.1.jar;C:\Users\syawa\.m2\repository\com\headius\backport9\1.8\backport9-1.8.jar;C:\Users\syawa\.m2\repository\javax\annotation\javax.annotation-api\1.3.1\javax.annotation-api-1.3.1.jar;C:\Users\syawa\.m2\repository\org\jruby\jruby-stdlib\9.2.17.0\jruby-stdlib-9.2.17.0.jar;C:\Users\syawa\.m2\repository\net\bytebuddy\byte-buddy\1.11.1\byte-buddy-1.11.1.jar;C:\Users\syawa\.m2\repository\net\bytebuddy\byte-buddy-agent\1.11.1\byte-buddy-agent-1.11.1.jar;C:\Users\syawa\.m2\repository\org\objenesis\objenesis\3.1\objenesis-3.1.jar;C:\Users\syawa\.m2\repository\net\serenity-bdd\serenity-reports\2.4.51\serenity-reports-2.4.51.jar;C:\Users\syawa\.m2\repository\net\serenity-bdd\serenity-stats\2.4.51\serenity-stats-2.4.51.jar;C:\Users\syawa\.m2\repository\org\jetbrains\kotlin\kotlin-stdlib\1.5.0\kotlin-stdlib-1.5.0.jar;C:\Users\syawa\.m2\repository\org\jetbrains\annotations\13.0\annotations-13.0.jar;C:\Users\syawa\.m2\repository\org\jetbrains\kotlin\kotlin-stdlib-common\1.5.0\kotlin-stdlib-common-1.5.0.jar;C:\Users\syawa\.m2\repository\net\serenity-bdd\serenity-reports-configuration\2.4.51\serenity-reports-configuration-2.4.51.jar;C:\Users\syawa\.m2\repository\com\vladsch\flexmark\flexmark-all\0.34.30\flexmark-all-0.34.30.jar;C:\Users\syawa\.m2\repository\com\vladsch\flexmark\flexmark\0.34.30\flexmark-0.34.30.jar;C:\Users\syawa\.m2\repository\com\vladsch\flexmark\flexmark-ext-abbreviation\0.34.30\flexmark-ext-abbreviation-0.34.30.jar;C:\Users\syawa\.m2\repository\com\vladsch\flexmark\flexmark-ext-admonition\0.34.30\flexmark-ext-admonition-0.34.30.jar;C:\Users\syawa\.m2\repository\com\vladsch\flexmark\flexmark-ext-anchorlink\0.34.30\flexmark-ext-anchorlink-0.34.30.jar;C:\Users\syawa\.m2\repository\com\vladsch\flexmark\flexmark-ext-aside\0.34.30\flexmark-ext-aside-0.34.30.jar;C:\Users\syawa\.m2\repository\com\vladsch\flexmark\flexmark-ext-attributes\0.34.30\flexmark-ext-attributes-0.34.30.jar;C:\Users\syawa\.m2\repository\com\vladsch\flexmark\flexmark-ext-autolink\0.34.30\flexmark-ext-autolink-0.34.30.jar;C:\Users\syawa\.m2\repository\org\nibor\autolink\autolink\0.6.0\autolink-0.6.0.jar;C:\Users\syawa\.m2\repository\com\vladsch\flexmark\flexmark-ext-definition\0.34.30\flexmark-ext-definition-0.34.30.jar;C:\Users\syawa\.m2\repository\com\vladsch\flexmark\flexmark-ext-emoji\0.34.30\flexmark-ext-emoji-0.34.30.jar;C:\Users\syawa\.m2\repository\com\vladsch\flexmark\flexmark-ext-enumerated-reference\0.34.30\flexmark-ext-enumerated-reference-0.34.30.jar;C:\Users\syawa\.m2\repository\com\vladsch\flexmark\flexmark-ext-escaped-character\0.34.30\flexmark-ext-escaped-character-0.34.30.jar;C:\Users\syawa\.m2\repository\com\vladsch\flexmark\flexmark-ext-footnotes\0.34.30\flexmark-ext-footnotes-0.34.30.jar;C:\Users\syawa\.m2\repository\com\vladsch\flexmark\flexmark-ext-gfm-issues\0.34.30\flexmark-ext-gfm-issues-0.34.30.jar;C:\Users\syawa\.m2\repository\com\vladsch\flexmark\flexmark-ext-gfm-strikethrough\0.34.30\flexmark-ext-gfm-strikethrough-0.34.30.jar;C:\Users\syawa\.m2\repository\com\vladsch\flexmark\flexmark-ext-gfm-tables\0.34.30\flexmark-ext-gfm-tables-0.34.30.jar;C:\Users\syawa\.m2\repository\com\vladsch\flexmark\flexmark-ext-gfm-tasklist\0.34.30\flexmark-ext-gfm-tasklist-0.34.30.jar;C:\Users\syawa\.m2\repository\com\vladsch\flexmark\flexmark-ext-gfm-users\0.34.30\flexmark-ext-gfm-users-0.34.30.jar;C:\Users\syawa\.m2\repository\com\vladsch\flexmark\flexmark-ext-gitlab\0.34.30\flexmark-ext-gitlab-0.34.30.jar;C:\Users\syawa\.m2\repository\com\vladsch\flexmark\flexmark-ext-jekyll-front-matter\0.34.30\flexmark-ext-jekyll-front-matter-0.34.30.jar;C:\Users\syawa\.m2\repository\com\vladsch\flexmark\flexmark-ext-jekyll-tag\0.34.30\flexmark-ext-jekyll-tag-0.34.30.jar;C:\Users\syawa\.m2\repository\com\vladsch\flexmark\flexmark-ext-media-tags\0.34.30\flexmark-ext-media-tags-0.34.30.jar;C:\Users\syawa\.m2\repository\com\vladsch\flexmark\flexmark-test-util\0.34.30\flexmark-test-util-0.34.30.jar;C:\Users\syawa\.m2\repository\com\vladsch\flexmark\flexmark-ext-ins\0.34.30\flexmark-ext-ins-0.34.30.jar;C:\Users\syawa\.m2\repository\com\vladsch\flexmark\flexmark-ext-xwiki-macros\0.34.30\flexmark-ext-xwiki-macros-0.34.30.jar;C:\Users\syawa\.m2\repository\com\vladsch\flexmark\flexmark-ext-superscript\0.34.30\flexmark-ext-superscript-0.34.30.jar;C:\Users\syawa\.m2\repository\com\vladsch\flexmark\flexmark-ext-tables\0.34.30\flexmark-ext-tables-0.34.30.jar;C:\Users\syawa\.m2\repository\com\vladsch\flexmark\flexmark-ext-toc\0.34.30\flexmark-ext-toc-0.34.30.jar;C:\Users\syawa\.m2\repository\com\vladsch\flexmark\flexmark-ext-typographic\0.34.30\flexmark-ext-typographic-0.34.30.jar;C:\Users\syawa\.m2\repository\com\vladsch\flexmark\flexmark-ext-wikilink\0.34.30\flexmark-ext-wikilink-0.34.30.jar;C:\Users\syawa\.m2\repository\com\vladsch\flexmark\flexmark-ext-yaml-front-matter\0.34.30\flexmark-ext-yaml-front-matter-0.34.30.jar;C:\Users\syawa\.m2\repository\com\vladsch\flexmark\flexmark-ext-youtube-embedded\0.34.30\flexmark-ext-youtube-embedded-0.34.30.jar;C:\Users\syawa\.m2\repository\com\vladsch\flexmark\flexmark-formatter\0.34.30\flexmark-formatter-0.34.30.jar;C:\Users\syawa\.m2\repository\com\vladsch\flexmark\flexmark-html-parser\0.34.30\flexmark-html-parser-0.34.30.jar;C:\Users\syawa\.m2\repository\com\vladsch\flexmark\flexmark-jira-converter\0.34.30\flexmark-jira-converter-0.34.30.jar;C:\Users\syawa\.m2\repository\com\vladsch\flexmark\flexmark-pdf-converter\0.34.30\flexmark-pdf-converter-0.34.30.jar;C:\Users\syawa\.m2\repository\com\openhtmltopdf\openhtmltopdf-core\0.0.1-RC13\openhtmltopdf-core-0.0.1-RC13.jar;C:\Users\syawa\.m2\repository\com\openhtmltopdf\openhtmltopdf-pdfbox\0.0.1-RC13\openhtmltopdf-pdfbox-0.0.1-RC13.jar;C:\Users\syawa\.m2\repository\org\apache\pdfbox\pdfbox\2.0.8\pdfbox-2.0.8.jar;C:\Users\syawa\.m2\repository\org\apache\pdfbox\fontbox\2.0.8\fontbox-2.0.8.jar;C:\Users\syawa\.m2\repository\org\apache\pdfbox\xmpbox\2.0.8\xmpbox-2.0.8.jar;C:\Users\syawa\.m2\repository\de\rototor\pdfbox\graphics2d\0.12\graphics2d-0.12.jar;C:\Users\syawa\.m2\repository\com\openhtmltopdf\openhtmltopdf-rtl-support\0.0.1-RC13\openhtmltopdf-rtl-support-0.0.1-RC13.jar;C:\Users\syawa\.m2\repository\com\ibm\icu\icu4j\59.1\icu4j-59.1.jar;C:\Users\syawa\.m2\repository\com\openhtmltopdf\openhtmltopdf-jsoup-dom-converter\0.0.1-RC13\openhtmltopdf-jsoup-dom-converter-0.0.1-RC13.jar;C:\Users\syawa\.m2\repository\com\vladsch\flexmark\flexmark-profile-pegdown\0.34.30\flexmark-profile-pegdown-0.34.30.jar;C:\Users\syawa\.m2\repository\com\vladsch\flexmark\flexmark-util\0.34.30\flexmark-util-0.34.30.jar;C:\Users\syawa\.m2\repository\com\vladsch\flexmark\flexmark-youtrack-converter\0.34.30\flexmark-youtrack-converter-0.34.30.jar;C:\Users\syawa\.m2\repository\es\nitaur\markdown\txtmark\0.16\txtmark-0.16.jar;C:\Users\syawa\.m2\repository\net\serenity-bdd\serenity-report-resources\2.4.51\serenity-report-resources-2.4.51.jar;C:\Users\syawa\.m2\repository\com\google\code\gson\gson\2.8.7\gson-2.8.7.jar;C:\Users\syawa\.m2\repository\com\fasterxml\jackson\core\jackson-core\2.12.4\jackson-core-2.12.4.jar;C:\Users\syawa\.m2\repository\com\fasterxml\jackson\core\jackson-databind\2.12.4\jackson-databind-2.12.4.jar;C:\Users\syawa\.m2\repository\com\fasterxml\jackson\core\jackson-annotations\2.12.4\jackson-annotations-2.12.4.jar;C:\Users\syawa\.m2\repository\commons-codec\commons-codec\1.15\commons-codec-1.15.jar;C:\Users\syawa\.m2\repository\commons-io\commons-io\2.8.0\commons-io-2.8.0.jar;C:\Users\syawa\.m2\repository\org\seleniumhq\selenium\selenium-server\3.141.59\selenium-server-3.141.59.jar;C:\Users\syawa\.m2\repository\org\seleniumhq\selenium\selenium-opera-driver\3.141.59\selenium-opera-driver-3.141.59.jar;C:\Users\syawa\.m2\repository\org\seleniumhq\selenium\selenium-remote-driver\3.141.59\selenium-remote-driver-3.141.59.jar;C:\Users\syawa\.m2\repository\org\seleniumhq\selenium\selenium-safari-driver\3.141.59\selenium-safari-driver-3.141.59.jar;C:\Users\syawa\.m2\repository\com\beust\jcommander\1.72\jcommander-1.72.jar;C:\Users\syawa\.m2\repository\org\apache\commons\commons-exec\1.3\commons-exec-1.3.jar;C:\Users\syawa\.m2\repository\net\jcip\jcip-annotations\1.0\jcip-annotations-1.0.jar;C:\Users\syawa\.m2\repository\org\seleniumhq\selenium\jetty-repacked\9.4.12.v20180830\jetty-repacked-9.4.12.v20180830.jar;C:\Users\syawa\.m2\repository\com\squareup\okhttp3\okhttp\3.11.0\okhttp-3.11.0.jar;C:\Users\syawa\.m2\repository\com\squareup\okio\okio\1.14.0\okio-1.14.0.jar;C:\Users\syawa\.m2\repository\javax\servlet\javax.servlet-api\3.1.0\javax.servlet-api-3.1.0.jar;C:\Users\syawa\.m2\repository\org\yaml\snakeyaml\1.19\snakeyaml-1.19.jar;C:\Users\syawa\.m2\repository\org\seleniumhq\selenium\selenium-java\3.141.59\selenium-java-3.141.59.jar;C:\Users\syawa\.m2\repository\org\seleniumhq\selenium\selenium-api\3.141.59\selenium-api-3.141.59.jar;C:\Users\syawa\.m2\repository\org\seleniumhq\selenium\selenium-support\3.141.59\selenium-support-3.141.59.jar;C:\Users\syawa\.m2\repository\org\seleniumhq\selenium\selenium-chrome-driver\3.141.59\selenium-chrome-driver-3.141.59.jar;C:\Users\syawa\.m2\repository\org\seleniumhq\selenium\selenium-firefox-driver\3.141.59\selenium-firefox-driver-3.141.59.jar;C:\Users\syawa\.m2\repository\org\seleniumhq\selenium\selenium-edge-driver\3.141.59\selenium-edge-driver-3.141.59.jar;C:\Users\syawa\.m2\repository\org\seleniumhq\selenium\selenium-ie-driver\3.141.59\selenium-ie-driver-3.141.59.jar;C:\Users\syawa\.m2\repository\net\sourceforge\htmlunit\htmlunit\2.47.1\htmlunit-2.47.1.jar;C:\Users\syawa\.m2\repository\xalan\xalan\2.7.2\xalan-2.7.2.jar;C:\Users\syawa\.m2\repository\xalan\serializer\2.7.2\serializer-2.7.2.jar;C:\Users\syawa\.m2\repository\net\sourceforge\htmlunit\htmlunit-core-js\2.47.0\htmlunit-core-js-2.47.0.jar;C:\Users\syawa\.m2\repository\net\sourceforge\htmlunit\neko-htmlunit\2.47.1\neko-htmlunit-2.47.1.jar;C:\Users\syawa\.m2\repository\xerces\xercesImpl\2.12.0\xercesImpl-2.12.0.jar;C:\Users\syawa\.m2\repository\xml-apis\xml-apis\1.4.01\xml-apis-1.4.01.jar;C:\Users\syawa\.m2\repository\net\sourceforge\htmlunit\htmlunit-cssparser\1.7.0\htmlunit-cssparser-1.7.0.jar;C:\Users\syawa\.m2\repository\org\brotli\dec\0.1.2\dec-0.1.2.jar;C:\Users\syawa\.m2\repository\com\shapesecurity\salvation2\3.0.0\salvation2-3.0.0.jar;C:\Users\syawa\.m2\repository\org\eclipse\jetty\websocket\websocket-client\9.4.36.v20210114\websocket-client-9.4.36.v20210114.jar;C:\Users\syawa\.m2\repository\org\eclipse\jetty\jetty-client\9.4.36.v20210114\jetty-client-9.4.36.v20210114.jar;C:\Users\syawa\.m2\repository\org\eclipse\jetty\jetty-http\9.4.36.v20210114\jetty-http-9.4.36.v20210114.jar;C:\Users\syawa\.m2\repository\org\eclipse\jetty\jetty-util\9.4.36.v20210114\jetty-util-9.4.36.v20210114.jar;C:\Users\syawa\.m2\repository\org\eclipse\jetty\jetty-io\9.4.36.v20210114\jetty-io-9.4.36.v20210114.jar;C:\Users\syawa\.m2\repository\org\eclipse\jetty\websocket\websocket-common\9.4.36.v20210114\websocket-common-9.4.36.v20210114.jar;C:\Users\syawa\.m2\repository\org\eclipse\jetty\websocket\websocket-api\9.4.36.v20210114\websocket-api-9.4.36.v20210114.jar;C:\Users\syawa\.m2\repository\org\projectlombok\lombok\1.18.20\lombok-1.18.20.jar;C:\Users\syawa\.m2\repository\org\seleniumhq\selenium\htmlunit-driver\2.47.1\htmlunit-driver-2.47.1.jar;C:\Users\syawa\.m2\repository\com\codeborne\phantomjsdriver\1.4.4\phantomjsdriver-1.4.4.jar;C:\Users\syawa\.m2\repository\io\appium\java-client\7.5.1\java-client-7.5.1.jar;C:\Users\syawa\.m2\repository\commons-validator\commons-validator\1.7\commons-validator-1.7.jar;C:\Users\syawa\.m2\repository\commons-digester\commons-digester\2.1\commons-digester-2.1.jar;C:\Users\syawa\.m2\repository\org\aspectj\aspectjweaver\1.9.6\aspectjweaver-1.9.6.jar;C:\Users\syawa\.m2\repository\net\sf\opencsv\opencsv\2.0\opencsv-2.0.jar;C:\Users\syawa\.m2\repository\commons-beanutils\commons-beanutils\1.9.4\commons-beanutils-1.9.4.jar;C:\Users\syawa\.m2\repository\org\apache\commons\commons-lang3\3.11\commons-lang3-3.11.jar;C:\Users\syawa\.m2\repository\commons-collections\commons-collections\3.2.2\commons-collections-3.2.2.jar;C:\Users\syawa\.m2\repository\org\fluentlenium\fluentlenium-core\0.10.2\fluentlenium-core-0.10.2.jar;C:\Users\syawa\.m2\repository\io\github\bonigarcia\webdrivermanager\4.4.1\webdrivermanager-4.4.1.jar;C:\Users\syawa\.m2\repository\org\apache\httpcomponents\client5\httpclient5\5.0.3\httpclient5-5.0.3.jar;C:\Users\syawa\.m2\repository\org\apache\httpcomponents\core5\httpcore5\5.0.2\httpcore5-5.0.2.jar;C:\Users\syawa\.m2\repository\org\apache\httpcomponents\core5\httpcore5-h2\5.0.2\httpcore5-h2-5.0.2.jar;C:\Users\syawa\.m2\repository\org\rauschig\jarchivelib\1.1.0\jarchivelib-1.1.0.jar;C:\Users\syawa\.m2\repository\org\apache\commons\commons-compress\1.20\commons-compress-1.20.jar;C:\Users\syawa\.m2\repository\com\jhlabs\filters\2.0.235\filters-2.0.235.jar;C:\Users\syawa\.m2\repository\com\paulhammant\ngwebdriver\1.1.5\ngwebdriver-1.1.5.jar;C:\Users\syawa\.m2\repository\joda-time\joda-time\2.8.2\joda-time-2.8.2.jar;C:\Users\syawa\.m2\repository\com\google\jimfs\jimfs\1.1\jimfs-1.1.jar;C:\Users\syawa\.m2\repository\org\mockito\mockito-core\3.3.3\mockito-core-3.3.3.jar;C:\Users\syawa\.m2\repository\javax\xml\bind\jaxb-api\2.3.1\jaxb-api-2.3.1.jar;C:\Users\syawa\.m2\repository\javax\activation\javax.activation-api\1.2.0\javax.activation-api-1.2.0.jar;C:\Users\syawa\.m2\repository\com\sun\xml\bind\jaxb-core\2.3.0.1\jaxb-core-2.3.0.1.jar;C:\Users\syawa\.m2\repository\com\sun\xml\bind\jaxb-impl\2.3.3\jaxb-impl-2.3.3.jar;C:\Users\syawa\.m2\repository\com\sun\activation\jakarta.activation\1.2.2\jakarta.activation-1.2.2.jar;C:\Users\syawa\.m2\repository\javax\activation\activation\1.1.1\activation-1.1.1.jar;C:\Users\syawa\.m2\repository\net\serenity-bdd\serenity-junit\2.4.51\serenity-junit-2.4.51.jar;C:\Users\syawa\.m2\repository\net\serenity-bdd\serenity-rest-assured\2.4.51\serenity-rest-assured-2.4.51.jar;C:\Users\syawa\.m2\repository\org\codehaus\groovy\groovy-json\3.0.8\groovy-json-3.0.8.jar;C:\Users\syawa\.m2\repository\org\opentest4j\opentest4j\1.2.0\opentest4j-1.2.0.jar;C:\Users\syawa\.m2\repository\net\serenity-bdd\serenity-screenplay\2.4.51\serenity-screenplay-2.4.51.jar;C:\Users\syawa\.m2\repository\net\serenity-bdd\serenity-screenplay-rest\2.4.51\serenity-screenplay-rest-2.4.51.jar;C:\Users\syawa\.m2\repository\net\serenity-bdd\serenity-cucumber6\2.4.51\serenity-cucumber6-2.4.51.jar;C:\Users\syawa\.m2\repository\net\serenity-bdd\serenity-screenplay-webdriver\2.4.51\serenity-screenplay-webdriver-2.4.51.jar;C:\Users\syawa\.m2\repository\io\cucumber\cucumber-java\6.10.4\cucumber-java-6.10.4.jar;C:\Users\syawa\.m2\repository\org\apiguardian\apiguardian-api\1.1.1\apiguardian-api-1.1.1.jar;C:\Users\syawa\.m2\repository\io\cucumber\cucumber-junit\6.10.4\cucumber-junit-6.10.4.jar;C:\Users\syawa\.m2\repository\io\cucumber\datatable-matchers\3.4.0\datatable-matchers-3.4.0.jar;C:\Users\syawa\.m2\repository\io\cucumber\datatable\3.4.0\datatable-3.4.0.jar;C:\Users\syawa\.m2\repository\commons-logging\commons-logging\1.2\commons-logging-1.2.jar;C:\Users\syawa\.m2\repository\org\apache\commons\commons-csv\1.5\commons-csv-1.5.jar;C:\Users\syawa\.m2\repository\io\rest-assured\rest-assured\4.3.2\rest-assured-4.3.2.jar;C:\Users\syawa\.m2\repository\org\apache\httpcomponents\httpclient\4.5.3\httpclient-4.5.3.jar;C:\Users\syawa\.m2\repository\org\apache\httpcomponents\httpcore\4.4.6\httpcore-4.4.6.jar;C:\Users\syawa\.m2\repository\org\apache\httpcomponents\httpmime\4.5.3\httpmime-4.5.3.jar;C:\Users\syawa\.m2\repository\org\ccil\cowan\tagsoup\tagsoup\1.2.1\tagsoup-1.2.1.jar;C:\Users\syawa\.m2\repository\io\rest-assured\json-path\4.3.3\json-path-4.3.3.jar;C:\Users\syawa\.m2\repository\io\rest-assured\rest-assured-common\4.3.3\rest-assured-common-4.3.3.jar;C:\Users\syawa\.m2\repository\io\rest-assured\xml-path\4.3.3\xml-path-4.3.3.jar;C:\Users\syawa\.m2\repository\jakarta\xml\bind\jakarta.xml.bind-api\2.3.3\jakarta.xml.bind-api-2.3.3.jar;C:\Users\syawa\.m2\repository\jakarta\activation\jakarta.activation-api\1.2.2\jakarta.activation-api-1.2.2.jar;C:\Users\syawa\.m2\repository\org\codehaus\groovy\groovy\3.0.6\groovy-3.0.6.jar;C:\Users\syawa\.m2\repository\org\codehaus\groovy\groovy-xml\3.0.6\groovy-xml-3.0.6.jar;C:\Users\syawa\.m2\repository\junit\junit\4.13.1\junit-4.13.1.jar;C:\Users\syawa\.m2\repository\org\hamcrest\hamcrest-core\1.3\hamcrest-core-1.3.jar;C:\Users\syawa\.m2\repository\org\assertj\assertj-core\3.6.2\assertj-core-3.6.2.jar;C:\Users\syawa\.m2\repository\org\hamcrest\hamcrest\2.2\hamcrest-2.2.jar;C:\Users\syawa\.m2\repository\io\rest-assured\json-schema-validator\5.2.0\json-schema-validator-5.2.0.jar;C:\Users\syawa\.m2\repository\com\github\java-json-tools\json-schema-validator\2.2.14\json-schema-validator-2.2.14.jar;C:\Users\syawa\.m2\repository\com\github\java-json-tools\jackson-coreutils-equivalence\1.0\jackson-coreutils-equivalence-1.0.jar;C:\Users\syawa\.m2\repository\com\github\java-json-tools\jackson-coreutils\2.0\jackson-coreutils-2.0.jar;C:\Users\syawa\.m2\repository\com\github\java-json-tools\msg-simple\1.2\msg-simple-1.2.jar;C:\Users\syawa\.m2\repository\com\github\java-json-tools\btf\1.3\btf-1.3.jar;C:\Users\syawa\.m2\repository\com\github\java-json-tools\json-schema-core\1.2.14\json-schema-core-1.2.14.jar;C:\Users\syawa\.m2\repository\com\github\java-json-tools\uri-template\0.10\uri-template-0.10.jar;C:\Users\syawa\.m2\repository\org\mozilla\rhino\1.7.7.2\rhino-1.7.7.2.jar;C:\Users\syawa\.m2\repository\com\sun\mail\mailapi\1.6.2\mailapi-1.6.2.jar;C:\Users\syawa\.m2\repository\com\googlecode\libphonenumber\libphonenumber\8.11.1\libphonenumber-8.11.1.jar;C:\Users\syawa\.m2\repository\com\google\code\findbugs\jsr305\3.0.2\jsr305-3.0.2.jar;C:\Users\syawa\.m2\repository\net\sf\jopt-simple\jopt-simple\5.0.4\jopt-simple-5.0.4.jar;"/>
    <property name="sun.cpu.endian" value="little"/>
    <property name="user.home" value="C:\Users\syawa"/>
    <property name="user.language" value="en"/>
    <property name="java.specification.vendor" value="Oracle Corporation"/>
    <property name="jdk.module.path" value="C:\Users\syawa\API-Automate\target\serenity-rest-starter-1.0.0-SNAPSHOT.jar"/>
    <property name="java.version.date" value="2022-10-18"/>
    <property name="java.home" value="C:\Program Files\Java\jdk-11.0.17"/>
    <property name="file.separator" value="\"/>
    <property name="basedir" value="C:\Users\syawa\API-Automate"/>
    <property name="java.vm.compressedOopsMode" value="32-bit"/>
    <property name="line.separator" value="&#10;"/>
    <property name="java.specification.name" value="Java Platform API Specification"/>
    <property name="java.vm.specification.vendor" value="Oracle Corporation"/>
    <property name="java.awt.graphicsenv" value="sun.awt.Win32GraphicsEnvironment"/>
    <property name="surefire.real.class.path" value="C:\Users\syawa\.m2\repository\org\apache\maven\surefire\surefire-booter\3.0.0-M5\surefire-booter-3.0.0-M5.jar;C:\Users\syawa\.m2\repository\org\apache\maven\surefire\surefire-api\3.0.0-M5\surefire-api-3.0.0-M5.jar;C:\Users\syawa\.m2\repository\org\apache\maven\surefire\surefire-logger-api\3.0.0-M5\surefire-logger-api-3.0.0-M5.jar;C:\Users\syawa\.m2\repository\org\apache\maven\surefire\surefire-shared-utils\3.0.0-M4\surefire-shared-utils-3.0.0-M4.jar;C:\Users\syawa\.m2\repository\org\apache\maven\surefire\surefire-extensions-spi\3.0.0-M5\surefire-extensions-spi-3.0.0-M5.jar;C:\Users\syawa\API-Automate\target\test-classes;C:\Users\syawa\.m2\repository\ch\qos\logback\logback-classic\1.2.3\logback-classic-1.2.3.jar;C:\Users\syawa\.m2\repository\ch\qos\logback\logback-core\1.2.3\logback-core-1.2.3.jar;C:\Users\syawa\.m2\repository\org\slf4j\slf4j-api\1.7.25\slf4j-api-1.7.25.jar;C:\Users\syawa\.m2\repository\net\serenity-bdd\serenity-core\2.4.51\serenity-core-2.4.51.jar;C:\Users\syawa\.m2\repository\net\serenity-bdd\serenity-model\2.4.51\serenity-model-2.4.51.jar;C:\Users\syawa\.m2\repository\org\apache\commons\commons-text\1.9\commons-text-1.9.jar;C:\Users\syawa\.m2\repository\commons-net\commons-net\3.6\commons-net-3.6.jar;C:\Users\syawa\.m2\repository\com\google\guava\guava\30.1-jre\guava-30.1-jre.jar;C:\Users\syawa\.m2\repository\com\google\guava\failureaccess\1.0.1\failureaccess-1.0.1.jar;C:\Users\syawa\.m2\repository\com\google\guava\listenablefuture\9999.0-empty-to-avoid-conflict-with-guava\listenablefuture-9999.0-empty-to-avoid-conflict-with-guava.jar;C:\Users\syawa\.m2\repository\org\checkerframework\checker-qual\3.5.0\checker-qual-3.5.0.jar;C:\Users\syawa\.m2\repository\com\google\errorprone\error_prone_annotations\2.3.4\error_prone_annotations-2.3.4.jar;C:\Users\syawa\.m2\repository\com\google\j2objc\j2objc-annotations\1.3\j2objc-annotations-1.3.jar;C:\Users\syawa\.m2\repository\com\google\inject\guice\5.0.1\guice-5.0.1.jar;C:\Users\syawa\.m2\repository\javax\inject\javax.inject\1\javax.inject-1.jar;C:\Users\syawa\.m2\repository\aopalliance\aopalliance\1.0\aopalliance-1.0.jar;C:\Users\syawa\.m2\repository\org\jsoup\jsoup\1.13.1\jsoup-1.13.1.jar;C:\Users\syawa\.m2\repository\com\thoughtworks\xstream\xstream\1.4.17\xstream-1.4.17.jar;C:\Users\syawa\.m2\repository\io\github\x-stream\mxparser\1.2.1\mxparser-1.2.1.jar;C:\Users\syawa\.m2\repository\xmlpull\xmlpull\1.1.3.1\xmlpull-1.1.3.1.jar;C:\Users\syawa\.m2\repository\io\cucumber\cucumber-core\6.10.2\cucumber-core-6.10.2.jar;C:\Users\syawa\.m2\repository\io\cucumber\cucumber-gherkin\6.10.2\cucumber-gherkin-6.10.2.jar;C:\Users\syawa\.m2\repository\io\cucumber\cucumber-gherkin-messages\6.10.2\cucumber-gherkin-messages-6.10.2.jar;C:\Users\syawa\.m2\repository\io\cucumber\messages\14.0.1\messages-14.0.1.jar;C:\Users\syawa\.m2\repository\io\cucumber\tag-expressions\3.0.0\tag-expressions-3.0.0.jar;C:\Users\syawa\.m2\repository\io\cucumber\cucumber-expressions\10.3.0\cucumber-expressions-10.3.0.jar;C:\Users\syawa\.m2\repository\io\cucumber\cucumber-plugin\6.10.2\cucumber-plugin-6.10.2.jar;C:\Users\syawa\.m2\repository\io\cucumber\docstring\6.10.2\docstring-6.10.2.jar;C:\Users\syawa\.m2\repository\io\cucumber\html-formatter\12.0.0\html-formatter-12.0.0.jar;C:\Users\syawa\.m2\repository\io\cucumber\create-meta\3.0.0\create-meta-3.0.0.jar;C:\Users\syawa\.m2\repository\com\typesafe\config\1.3.1\config-1.3.1.jar;C:\Users\syawa\.m2\repository\org\imgscalr\imgscalr-lib\4.2\imgscalr-lib-4.2.jar;C:\Users\syawa\.m2\repository\org\awaitility\awaitility\4.0.3\awaitility-4.0.3.jar;C:\Users\syawa\.m2\repository\org\freemarker\freemarker\2.3.29\freemarker-2.3.29.jar;C:\Users\syawa\.m2\repository\net\sourceforge\jexcelapi\jxl\2.6.12\jxl-2.6.12.jar;C:\Users\syawa\.m2\repository\org\asciidoctor\asciidoctorj\2.5.1\asciidoctorj-2.5.1.jar;C:\Users\syawa\.m2\repository\org\asciidoctor\asciidoctorj-api\2.5.1\asciidoctorj-api-2.5.1.jar;C:\Users\syawa\.m2\repository\org\jruby\jruby\9.2.17.0\jruby-9.2.17.0.jar;C:\Users\syawa\.m2\repository\org\jruby\jruby-core\9.2.17.0\jruby-core-9.2.17.0.jar;C:\Users\syawa\.m2\repository\com\github\jnr\jnr-netdb\1.2.0\jnr-netdb-1.2.0.jar;C:\Users\syawa\.m2\repository\com\github\jnr\jnr-enxio\0.32.3\jnr-enxio-0.32.3.jar;C:\Users\syawa\.m2\repository\com\github\jnr\jnr-unixsocket\0.38.5\jnr-unixsocket-0.38.5.jar;C:\Users\syawa\.m2\repository\com\github\jnr\jnr-posix\3.1.4\jnr-posix-3.1.4.jar;C:\Users\syawa\.m2\repository\com\github\jnr\jnr-constants\0.10.1\jnr-constants-0.10.1.jar;C:\Users\syawa\.m2\repository\com\github\jnr\jffi\1.3.1\jffi-1.3.1.jar;C:\Users\syawa\.m2\repository\com\github\jnr\jffi\1.3.1\jffi-1.3.1-native.jar;C:\Users\syawa\.m2\repository\org\jruby\joni\joni\2.1.31\joni-2.1.31.jar;C:\Users\syawa\.m2\repository\org\jruby\jcodings\jcodings\1.0.46\jcodings-1.0.46.jar;C:\Users\syawa\.m2\repository\org\jruby\dirgra\0.3\dirgra-0.3.jar;C:\Users\syawa\.m2\repository\com\headius\invokebinder\1.11\invokebinder-1.11.jar;C:\Users\syawa\.m2\repository\com\headius\options\1.4\options-1.4.jar;C:\Users\syawa\.m2\repository\com\jcraft\jzlib\1.1.3\jzlib-1.1.3.jar;C:\Users\syawa\.m2\repository\com\martiansoftware\nailgun-server\0.9.1\nailgun-server-0.9.1.jar;C:\Users\syawa\.m2\repository\com\headius\backport9\1.8\backport9-1.8.jar;C:\Users\syawa\.m2\repository\javax\annotation\javax.annotation-api\1.3.1\javax.annotation-api-1.3.1.jar;C:\Users\syawa\.m2\repository\org\jruby\jruby-stdlib\9.2.17.0\jruby-stdlib-9.2.17.0.jar;C:\Users\syawa\.m2\repository\net\bytebuddy\byte-buddy\1.11.1\byte-buddy-1.11.1.jar;C:\Users\syawa\.m2\repository\net\bytebuddy\byte-buddy-agent\1.11.1\byte-buddy-agent-1.11.1.jar;C:\Users\syawa\.m2\repository\org\objenesis\objenesis\3.1\objenesis-3.1.jar;C:\Users\syawa\.m2\repository\net\serenity-bdd\serenity-reports\2.4.51\serenity-reports-2.4.51.jar;C:\Users\syawa\.m2\repository\net\serenity-bdd\serenity-stats\2.4.51\serenity-stats-2.4.51.jar;C:\Users\syawa\.m2\repository\org\jetbrains\kotlin\kotlin-stdlib\1.5.0\kotlin-stdlib-1.5.0.jar;C:\Users\syawa\.m2\repository\org\jetbrains\annotations\13.0\annotations-13.0.jar;C:\Users\syawa\.m2\repository\org\jetbrains\kotlin\kotlin-stdlib-common\1.5.0\kotlin-stdlib-common-1.5.0.jar;C:\Users\syawa\.m2\repository\net\serenity-bdd\serenity-reports-configuration\2.4.51\serenity-reports-configuration-2.4.51.jar;C:\Users\syawa\.m2\repository\com\vladsch\flexmark\flexmark-all\0.34.30\flexmark-all-0.34.30.jar;C:\Users\syawa\.m2\repository\com\vladsch\flexmark\flexmark\0.34.30\flexmark-0.34.30.jar;C:\Users\syawa\.m2\repository\com\vladsch\flexmark\flexmark-ext-abbreviation\0.34.30\flexmark-ext-abbreviation-0.34.30.jar;C:\Users\syawa\.m2\repository\com\vladsch\flexmark\flexmark-ext-admonition\0.34.30\flexmark-ext-admonition-0.34.30.jar;C:\Users\syawa\.m2\repository\com\vladsch\flexmark\flexmark-ext-anchorlink\0.34.30\flexmark-ext-anchorlink-0.34.30.jar;C:\Users\syawa\.m2\repository\com\vladsch\flexmark\flexmark-ext-aside\0.34.30\flexmark-ext-aside-0.34.30.jar;C:\Users\syawa\.m2\repository\com\vladsch\flexmark\flexmark-ext-attributes\0.34.30\flexmark-ext-attributes-0.34.30.jar;C:\Users\syawa\.m2\repository\com\vladsch\flexmark\flexmark-ext-autolink\0.34.30\flexmark-ext-autolink-0.34.30.jar;C:\Users\syawa\.m2\repository\org\nibor\autolink\autolink\0.6.0\autolink-0.6.0.jar;C:\Users\syawa\.m2\repository\com\vladsch\flexmark\flexmark-ext-definition\0.34.30\flexmark-ext-definition-0.34.30.jar;C:\Users\syawa\.m2\repository\com\vladsch\flexmark\flexmark-ext-emoji\0.34.30\flexmark-ext-emoji-0.34.30.jar;C:\Users\syawa\.m2\repository\com\vladsch\flexmark\flexmark-ext-enumerated-reference\0.34.30\flexmark-ext-enumerated-reference-0.34.30.jar;C:\Users\syawa\.m2\repository\com\vladsch\flexmark\flexmark-ext-escaped-character\0.34.30\flexmark-ext-escaped-character-0.34.30.jar;C:\Users\syawa\.m2\repository\com\vladsch\flexmark\flexmark-ext-footnotes\0.34.30\flexmark-ext-footnotes-0.34.30.jar;C:\Users\syawa\.m2\repository\com\vladsch\flexmark\flexmark-ext-gfm-issues\0.34.30\flexmark-ext-gfm-issues-0.34.30.jar;C:\Users\syawa\.m2\repository\com\vladsch\flexmark\flexmark-ext-gfm-strikethrough\0.34.30\flexmark-ext-gfm-strikethrough-0.34.30.jar;C:\Users\syawa\.m2\repository\com\vladsch\flexmark\flexmark-ext-gfm-tables\0.34.30\flexmark-ext-gfm-tables-0.34.30.jar;C:\Users\syawa\.m2\repository\com\vladsch\flexmark\flexmark-ext-gfm-tasklist\0.34.30\flexmark-ext-gfm-tasklist-0.34.30.jar;C:\Users\syawa\.m2\repository\com\vladsch\flexmark\flexmark-ext-gfm-users\0.34.30\flexmark-ext-gfm-users-0.34.30.jar;C:\Users\syawa\.m2\repository\com\vladsch\flexmark\flexmark-ext-gitlab\0.34.30\flexmark-ext-gitlab-0.34.30.jar;C:\Users\syawa\.m2\repository\com\vladsch\flexmark\flexmark-ext-jekyll-front-matter\0.34.30\flexmark-ext-jekyll-front-matter-0.34.30.jar;C:\Users\syawa\.m2\repository\com\vladsch\flexmark\flexmark-ext-jekyll-tag\0.34.30\flexmark-ext-jekyll-tag-0.34.30.jar;C:\Users\syawa\.m2\repository\com\vladsch\flexmark\flexmark-ext-media-tags\0.34.30\flexmark-ext-media-tags-0.34.30.jar;C:\Users\syawa\.m2\repository\com\vladsch\flexmark\flexmark-test-util\0.34.30\flexmark-test-util-0.34.30.jar;C:\Users\syawa\.m2\repository\com\vladsch\flexmark\flexmark-ext-ins\0.34.30\flexmark-ext-ins-0.34.30.jar;C:\Users\syawa\.m2\repository\com\vladsch\flexmark\flexmark-ext-xwiki-macros\0.34.30\flexmark-ext-xwiki-macros-0.34.30.jar;C:\Users\syawa\.m2\repository\com\vladsch\flexmark\flexmark-ext-superscript\0.34.30\flexmark-ext-superscript-0.34.30.jar;C:\Users\syawa\.m2\repository\com\vladsch\flexmark\flexmark-ext-tables\0.34.30\flexmark-ext-tables-0.34.30.jar;C:\Users\syawa\.m2\repository\com\vladsch\flexmark\flexmark-ext-toc\0.34.30\flexmark-ext-toc-0.34.30.jar;C:\Users\syawa\.m2\repository\com\vladsch\flexmark\flexmark-ext-typographic\0.34.30\flexmark-ext-typographic-0.34.30.jar;C:\Users\syawa\.m2\repository\com\vladsch\flexmark\flexmark-ext-wikilink\0.34.30\flexmark-ext-wikilink-0.34.30.jar;C:\Users\syawa\.m2\repository\com\vladsch\flexmark\flexmark-ext-yaml-front-matter\0.34.30\flexmark-ext-yaml-front-matter-0.34.30.jar;C:\Users\syawa\.m2\repository\com\vladsch\flexmark\flexmark-ext-youtube-embedded\0.34.30\flexmark-ext-youtube-embedded-0.34.30.jar;C:\Users\syawa\.m2\repository\com\vladsch\flexmark\flexmark-formatter\0.34.30\flexmark-formatter-0.34.30.jar;C:\Users\syawa\.m2\repository\com\vladsch\flexmark\flexmark-html-parser\0.34.30\flexmark-html-parser-0.34.30.jar;C:\Users\syawa\.m2\repository\com\vladsch\flexmark\flexmark-jira-converter\0.34.30\flexmark-jira-converter-0.34.30.jar;C:\Users\syawa\.m2\repository\com\vladsch\flexmark\flexmark-pdf-converter\0.34.30\flexmark-pdf-converter-0.34.30.jar;C:\Users\syawa\.m2\repository\com\openhtmltopdf\openhtmltopdf-core\0.0.1-RC13\openhtmltopdf-core-0.0.1-RC13.jar;C:\Users\syawa\.m2\repository\com\openhtmltopdf\openhtmltopdf-pdfbox\0.0.1-RC13\openhtmltopdf-pdfbox-0.0.1-RC13.jar;C:\Users\syawa\.m2\repository\org\apache\pdfbox\pdfbox\2.0.8\pdfbox-2.0.8.jar;C:\Users\syawa\.m2\repository\org\apache\pdfbox\fontbox\2.0.8\fontbox-2.0.8.jar;C:\Users\syawa\.m2\repository\org\apache\pdfbox\xmpbox\2.0.8\xmpbox-2.0.8.jar;C:\Users\syawa\.m2\repository\de\rototor\pdfbox\graphics2d\0.12\graphics2d-0.12.jar;C:\Users\syawa\.m2\repository\com\openhtmltopdf\openhtmltopdf-rtl-support\0.0.1-RC13\openhtmltopdf-rtl-support-0.0.1-RC13.jar;C:\Users\syawa\.m2\repository\com\ibm\icu\icu4j\59.1\icu4j-59.1.jar;C:\Users\syawa\.m2\repository\com\openhtmltopdf\openhtmltopdf-jsoup-dom-converter\0.0.1-RC13\openhtmltopdf-jsoup-dom-converter-0.0.1-RC13.jar;C:\Users\syawa\.m2\repository\com\vladsch\flexmark\flexmark-profile-pegdown\0.34.30\flexmark-profile-pegdown-0.34.30.jar;C:\Users\syawa\.m2\repository\com\vladsch\flexmark\flexmark-util\0.34.30\flexmark-util-0.34.30.jar;C:\Users\syawa\.m2\repository\com\vladsch\flexmark\flexmark-youtrack-converter\0.34.30\flexmark-youtrack-converter-0.34.30.jar;C:\Users\syawa\.m2\repository\es\nitaur\markdown\txtmark\0.16\txtmark-0.16.jar;C:\Users\syawa\.m2\repository\net\serenity-bdd\serenity-report-resources\2.4.51\serenity-report-resources-2.4.51.jar;C:\Users\syawa\.m2\repository\com\google\code\gson\gson\2.8.7\gson-2.8.7.jar;C:\Users\syawa\.m2\repository\com\fasterxml\jackson\core\jackson-core\2.12.4\jackson-core-2.12.4.jar;C:\Users\syawa\.m2\repository\com\fasterxml\jackson\core\jackson-databind\2.12.4\jackson-databind-2.12.4.jar;C:\Users\syawa\.m2\repository\com\fasterxml\jackson\core\jackson-annotations\2.12.4\jackson-annotations-2.12.4.jar;C:\Users\syawa\.m2\repository\commons-codec\commons-codec\1.15\commons-codec-1.15.jar;C:\Users\syawa\.m2\repository\commons-io\commons-io\2.8.0\commons-io-2.8.0.jar;C:\Users\syawa\.m2\repository\org\seleniumhq\selenium\selenium-server\3.141.59\selenium-server-3.141.59.jar;C:\Users\syawa\.m2\repository\org\seleniumhq\selenium\selenium-opera-driver\3.141.59\selenium-opera-driver-3.141.59.jar;C:\Users\syawa\.m2\repository\org\seleniumhq\selenium\selenium-remote-driver\3.141.59\selenium-remote-driver-3.141.59.jar;C:\Users\syawa\.m2\repository\org\seleniumhq\selenium\selenium-safari-driver\3.141.59\selenium-safari-driver-3.141.59.jar;C:\Users\syawa\.m2\repository\com\beust\jcommander\1.72\jcommander-1.72.jar;C:\Users\syawa\.m2\repository\org\apache\commons\commons-exec\1.3\commons-exec-1.3.jar;C:\Users\syawa\.m2\repository\net\jcip\jcip-annotations\1.0\jcip-annotations-1.0.jar;C:\Users\syawa\.m2\repository\org\seleniumhq\selenium\jetty-repacked\9.4.12.v20180830\jetty-repacked-9.4.12.v20180830.jar;C:\Users\syawa\.m2\repository\com\squareup\okhttp3\okhttp\3.11.0\okhttp-3.11.0.jar;C:\Users\syawa\.m2\repository\com\squareup\okio\okio\1.14.0\okio-1.14.0.jar;C:\Users\syawa\.m2\repository\javax\servlet\javax.servlet-api\3.1.0\javax.servlet-api-3.1.0.jar;C:\Users\syawa\.m2\repository\org\yaml\snakeyaml\1.19\snakeyaml-1.19.jar;C:\Users\syawa\.m2\repository\org\seleniumhq\selenium\selenium-java\3.141.59\selenium-java-3.141.59.jar;C:\Users\syawa\.m2\repository\org\seleniumhq\selenium\selenium-api\3.141.59\selenium-api-3.141.59.jar;C:\Users\syawa\.m2\repository\org\seleniumhq\selenium\selenium-support\3.141.59\selenium-support-3.141.59.jar;C:\Users\syawa\.m2\repository\org\seleniumhq\selenium\selenium-chrome-driver\3.141.59\selenium-chrome-driver-3.141.59.jar;C:\Users\syawa\.m2\repository\org\seleniumhq\selenium\selenium-firefox-driver\3.141.59\selenium-firefox-driver-3.141.59.jar;C:\Users\syawa\.m2\repository\org\seleniumhq\selenium\selenium-edge-driver\3.141.59\selenium-edge-driver-3.141.59.jar;C:\Users\syawa\.m2\repository\org\seleniumhq\selenium\selenium-ie-driver\3.141.59\selenium-ie-driver-3.141.59.jar;C:\Users\syawa\.m2\repository\net\sourceforge\htmlunit\htmlunit\2.47.1\htmlunit-2.47.1.jar;C:\Users\syawa\.m2\repository\xalan\xalan\2.7.2\xalan-2.7.2.jar;C:\Users\syawa\.m2\repository\xalan\serializer\2.7.2\serializer-2.7.2.jar;C:\Users\syawa\.m2\repository\net\sourceforge\htmlunit\htmlunit-core-js\2.47.0\htmlunit-core-js-2.47.0.jar;C:\Users\syawa\.m2\repository\net\sourceforge\htmlunit\neko-htmlunit\2.47.1\neko-htmlunit-2.47.1.jar;C:\Users\syawa\.m2\repository\xerces\xercesImpl\2.12.0\xercesImpl-2.12.0.jar;C:\Users\syawa\.m2\repository\xml-apis\xml-apis\1.4.01\xml-apis-1.4.01.jar;C:\Users\syawa\.m2\repository\net\sourceforge\htmlunit\htmlunit-cssparser\1.7.0\htmlunit-cssparser-1.7.0.jar;C:\Users\syawa\.m2\repository\org\brotli\dec\0.1.2\dec-0.1.2.jar;C:\Users\syawa\.m2\repository\com\shapesecurity\salvation2\3.0.0\salvation2-3.0.0.jar;C:\Users\syawa\.m2\repository\org\eclipse\jetty\websocket\websocket-client\9.4.36.v20210114\websocket-client-9.4.36.v20210114.jar;C:\Users\syawa\.m2\repository\org\eclipse\jetty\jetty-client\9.4.36.v20210114\jetty-client-9.4.36.v20210114.jar;C:\Users\syawa\.m2\repository\org\eclipse\jetty\jetty-http\9.4.36.v20210114\jetty-http-9.4.36.v20210114.jar;C:\Users\syawa\.m2\repository\org\eclipse\jetty\jetty-util\9.4.36.v20210114\jetty-util-9.4.36.v20210114.jar;C:\Users\syawa\.m2\repository\org\eclipse\jetty\jetty-io\9.4.36.v20210114\jetty-io-9.4.36.v20210114.jar;C:\Users\syawa\.m2\repository\org\eclipse\jetty\websocket\websocket-common\9.4.36.v20210114\websocket-common-9.4.36.v20210114.jar;C:\Users\syawa\.m2\repository\org\eclipse\jetty\websocket\websocket-api\9.4.36.v20210114\websocket-api-9.4.36.v20210114.jar;C:\Users\syawa\.m2\repository\org\projectlombok\lombok\1.18.20\lombok-1.18.20.jar;C:\Users\syawa\.m2\repository\org\seleniumhq\selenium\htmlunit-driver\2.47.1\htmlunit-driver-2.47.1.jar;C:\Users\syawa\.m2\repository\com\codeborne\phantomjsdriver\1.4.4\phantomjsdriver-1.4.4.jar;C:\Users\syawa\.m2\repository\io\appium\java-client\7.5.1\java-client-7.5.1.jar;C:\Users\syawa\.m2\repository\commons-validator\commons-validator\1.7\commons-validator-1.7.jar;C:\Users\syawa\.m2\repository\commons-digester\commons-digester\2.1\commons-digester-2.1.jar;C:\Users\syawa\.m2\repository\org\aspectj\aspectjweaver\1.9.6\aspectjweaver-1.9.6.jar;C:\Users\syawa\.m2\repository\net\sf\opencsv\opencsv\2.0\opencsv-2.0.jar;C:\Users\syawa\.m2\repository\commons-beanutils\commons-beanutils\1.9.4\commons-beanutils-1.9.4.jar;C:\Users\syawa\.m2\repository\org\apache\commons\commons-lang3\3.11\commons-lang3-3.11.jar;C:\Users\syawa\.m2\repository\commons-collections\commons-collections\3.2.2\commons-collections-3.2.2.jar;C:\Users\syawa\.m2\repository\org\fluentlenium\fluentlenium-core\0.10.2\fluentlenium-core-0.10.2.jar;C:\Users\syawa\.m2\repository\io\github\bonigarcia\webdrivermanager\4.4.1\webdrivermanager-4.4.1.jar;C:\Users\syawa\.m2\repository\org\apache\httpcomponents\client5\httpclient5\5.0.3\httpclient5-5.0.3.jar;C:\Users\syawa\.m2\repository\org\apache\httpcomponents\core5\httpcore5\5.0.2\httpcore5-5.0.2.jar;C:\Users\syawa\.m2\repository\org\apache\httpcomponents\core5\httpcore5-h2\5.0.2\httpcore5-h2-5.0.2.jar;C:\Users\syawa\.m2\repository\org\rauschig\jarchivelib\1.1.0\jarchivelib-1.1.0.jar;C:\Users\syawa\.m2\repository\org\apache\commons\commons-compress\1.20\commons-compress-1.20.jar;C:\Users\syawa\.m2\repository\com\jhlabs\filters\2.0.235\filters-2.0.235.jar;C:\Users\syawa\.m2\repository\com\paulhammant\ngwebdriver\1.1.5\ngwebdriver-1.1.5.jar;C:\Users\syawa\.m2\repository\joda-time\joda-time\2.8.2\joda-time-2.8.2.jar;C:\Users\syawa\.m2\repository\com\google\jimfs\jimfs\1.1\jimfs-1.1.jar;C:\Users\syawa\.m2\repository\org\mockito\mockito-core\3.3.3\mockito-core-3.3.3.jar;C:\Users\syawa\.m2\repository\javax\xml\bind\jaxb-api\2.3.1\jaxb-api-2.3.1.jar;C:\Users\syawa\.m2\repository\javax\activation\javax.activation-api\1.2.0\javax.activation-api-1.2.0.jar;C:\Users\syawa\.m2\repository\com\sun\xml\bind\jaxb-core\2.3.0.1\jaxb-core-2.3.0.1.jar;C:\Users\syawa\.m2\repository\com\sun\xml\bind\jaxb-impl\2.3.3\jaxb-impl-2.3.3.jar;C:\Users\syawa\.m2\repository\com\sun\activation\jakarta.activation\1.2.2\jakarta.activation-1.2.2.jar;C:\Users\syawa\.m2\repository\javax\activation\activation\1.1.1\activation-1.1.1.jar;C:\Users\syawa\.m2\repository\net\serenity-bdd\serenity-junit\2.4.51\serenity-junit-2.4.51.jar;C:\Users\syawa\.m2\repository\net\serenity-bdd\serenity-rest-assured\2.4.51\serenity-rest-assured-2.4.51.jar;C:\Users\syawa\.m2\repository\org\codehaus\groovy\groovy-json\3.0.8\groovy-json-3.0.8.jar;C:\Users\syawa\.m2\repository\org\opentest4j\opentest4j\1.2.0\opentest4j-1.2.0.jar;C:\Users\syawa\.m2\repository\net\serenity-bdd\serenity-screenplay\2.4.51\serenity-screenplay-2.4.51.jar;C:\Users\syawa\.m2\repository\net\serenity-bdd\serenity-screenplay-rest\2.4.51\serenity-screenplay-rest-2.4.51.jar;C:\Users\syawa\.m2\repository\net\serenity-bdd\serenity-cucumber6\2.4.51\serenity-cucumber6-2.4.51.jar;C:\Users\syawa\.m2\repository\net\serenity-bdd\serenity-screenplay-webdriver\2.4.51\serenity-screenplay-webdriver-2.4.51.jar;C:\Users\syawa\.m2\repository\io\cucumber\cucumber-java\6.10.4\cucumber-java-6.10.4.jar;C:\Users\syawa\.m2\repository\org\apiguardian\apiguardian-api\1.1.1\apiguardian-api-1.1.1.jar;C:\Users\syawa\.m2\repository\io\cucumber\cucumber-junit\6.10.4\cucumber-junit-6.10.4.jar;C:\Users\syawa\.m2\repository\io\cucumber\datatable-matchers\3.4.0\datatable-matchers-3.4.0.jar;C:\Users\syawa\.m2\repository\io\cucumber\datatable\3.4.0\datatable-3.4.0.jar;C:\Users\syawa\.m2\repository\commons-logging\commons-logging\1.2\commons-logging-1.2.jar;C:\Users\syawa\.m2\repository\org\apache\commons\commons-csv\1.5\commons-csv-1.5.jar;C:\Users\syawa\.m2\repository\io\rest-assured\rest-assured\4.3.2\rest-assured-4.3.2.jar;C:\Users\syawa\.m2\repository\org\apache\httpcomponents\httpclient\4.5.3\httpclient-4.5.3.jar;C:\Users\syawa\.m2\repository\org\apache\httpcomponents\httpcore\4.4.6\httpcore-4.4.6.jar;C:\Users\syawa\.m2\repository\org\apache\httpcomponents\httpmime\4.5.3\httpmime-4.5.3.jar;C:\Users\syawa\.m2\repository\org\ccil\cowan\tagsoup\tagsoup\1.2.1\tagsoup-1.2.1.jar;C:\Users\syawa\.m2\repository\io\rest-assured\json-path\4.3.3\json-path-4.3.3.jar;C:\Users\syawa\.m2\repository\io\rest-assured\rest-assured-common\4.3.3\rest-assured-common-4.3.3.jar;C:\Users\syawa\.m2\repository\io\rest-assured\xml-path\4.3.3\xml-path-4.3.3.jar;C:\Users\syawa\.m2\repository\jakarta\xml\bind\jakarta.xml.bind-api\2.3.3\jakarta.xml.bind-api-2.3.3.jar;C:\Users\syawa\.m2\repository\jakarta\activation\jakarta.activation-api\1.2.2\jakarta.activation-api-1.2.2.jar;C:\Users\syawa\.m2\repository\org\codehaus\groovy\groovy\3.0.6\groovy-3.0.6.jar;C:\Users\syawa\.m2\repository\org\codehaus\groovy\groovy-xml\3.0.6\groovy-xml-3.0.6.jar;C:\Users\syawa\.m2\repository\junit\junit\4.13.1\junit-4.13.1.jar;C:\Users\syawa\.m2\repository\org\hamcrest\hamcrest-core\1.3\hamcrest-core-1.3.jar;C:\Users\syawa\.m2\repository\org\assertj\assertj-core\3.6.2\assertj-core-3.6.2.jar;C:\Users\syawa\.m2\repository\org\hamcrest\hamcrest\2.2\hamcrest-2.2.jar;C:\Users\syawa\.m2\repository\io\rest-assured\json-schema-validator\5.2.0\json-schema-validator-5.2.0.jar;C:\Users\syawa\.m2\repository\com\github\java-json-tools\json-schema-validator\2.2.14\json-schema-validator-2.2.14.jar;C:\Users\syawa\.m2\repository\com\github\java-json-tools\jackson-coreutils-equivalence\1.0\jackson-coreutils-equivalence-1.0.jar;C:\Users\syawa\.m2\repository\com\github\java-json-tools\jackson-coreutils\2.0\jackson-coreutils-2.0.jar;C:\Users\syawa\.m2\repository\com\github\java-json-tools\msg-simple\1.2\msg-simple-1.2.jar;C:\Users\syawa\.m2\repository\com\github\java-json-tools\btf\1.3\btf-1.3.jar;C:\Users\syawa\.m2\repository\com\github\java-json-tools\json-schema-core\1.2.14\json-schema-core-1.2.14.jar;C:\Users\syawa\.m2\repository\com\github\java-json-tools\uri-template\0.10\uri-template-0.10.jar;C:\Users\syawa\.m2\repository\org\mozilla\rhino\1.7.7.2\rhino-1.7.7.2.jar;C:\Users\syawa\.m2\repository\com\sun\mail\mailapi\1.6.2\mailapi-1.6.2.jar;C:\Users\syawa\.m2\repository\com\googlecode\libphonenumber\libphonenumber\8.11.1\libphonenumber-8.11.1.jar;C:\Users\syawa\.m2\repository\com\google\code\findbugs\jsr305\3.0.2\jsr305-3.0.2.jar;C:\Users\syawa\.m2\repository\net\sf\jopt-simple\jopt-simple\5.0.4\jopt-simple-5.0.4.jar;C:\Users\syawa\.m2\repository\org\apache\maven\surefire\surefire-junit47\3.0.0-M5\surefire-junit47-3.0.0-M5.jar;C:\Users\syawa\.m2\repository\org\apache\maven\surefire\common-java5\3.0.0-M5\common-java5-3.0.0-M5.jar;C:\Users\syawa\.m2\repository\org\apache\maven\surefire\common-junit3\3.0.0-M5\common-junit3-3.0.0-M5.jar;C:\Users\syawa\.m2\repository\org\apache\maven\surefire\common-junit4\3.0.0-M5\common-junit4-3.0.0-M5.jar;C:\Users\syawa\.m2\repository\org\apache\maven\surefire\common-junit48\3.0.0-M5\common-junit48-3.0.0-M5.jar;C:\Users\syawa\.m2\repository\org\apache\maven\surefire\surefire-grouper\3.0.0-M5\surefire-grouper-3.0.0-M5.jar"/>
    <property name="user.script" value=""/>
    <property name="sun.management.compiler" value="HotSpot 64-Bit Tiered Compilers"/>
    <property name="java.runtime.version" value="11.0.17+10-LTS-269"/>
    <property name="user.name" value="syawa"/>
    <property name="path.separator" value=";"/>
    <property name="os.version" value="10.0"/>
    <property name="java.runtime.name" value="Java(TM) SE Runtime Environment"/>
    <property name="file.encoding" value="Cp1252"/>
    <property name="webdriver.base.url" value=""/>
    <property name="java.vm.name" value="Java HotSpot(TM) 64-Bit Server VM"/>
    <property name="java.vendor.version" value="18.9"/>
    <property name="localRepository" value="C:\Users\syawa\.m2\repository"/>
    <property name="java.vendor.url.bug" value="https://bugreport.java.com/bugreport/"/>
    <property name="java.io.tmpdir" value="C:\Users\syawa\AppData\Local\Temp\"/>
    <property name="java.version" value="11.0.17"/>
    <property name="user.dir" value="C:\Users\syawa\API-Automate"/>
    <property name="os.arch" value="amd64"/>
    <property name="java.vm.specification.name" value="Java Virtual Machine Specification"/>
    <property name="java.awt.printerjob" value="sun.awt.windows.WPrinterJob"/>
    <property name="sun.os.patch.level" value=""/>
    <property name="java.library.path" value="C:\Program Files\Java\jdk-11.0.17\bin;C:\WINDOWS\Sun\Java\bin;C:\WINDOWS\system32;C:\WINDOWS;C:\Program Files\Common Files\Oracle\Java\javapath;C:\Python311\Scripts\;C:\Python311\;C:\Program Files (x86)\Common Files\Oracle\Java\javapath;C:\WINDOWS\system32;C:\WINDOWS;C:\WINDOWS\System32\Wbem;C:\WINDOWS\System32\WindowsPowerShell\v1.0\;C:\WINDOWS\System32\OpenSSH\;C:\Users\syawa\AppData\Local\Android\Sdk\platform-tools;C:\Users\syawa\AppData\Local\Android\Sdk\tools;%JAVA_HOME%\bin;C:\Program Files\nodejs\;C:\ProgramData\chocolatey\bin;C:\Program Files\Git\cmd;C:\apache-maven-3.8.6\bin;C:\Users\syawa\AppData\Local\Microsoft\WindowsApps;;C:\Program Files\JetBrains\IntelliJ IDEA Community Edition 2022.2.2\bin;;C:\Users\syawa\AppData\Roaming\npm;."/>
    <property name="java.vendor" value="Oracle Corporation"/>
    <property name="java.vm.info" value="mixed mode"/>
    <property name="java.vm.version" value="11.0.17+10-LTS-269"/>
    <property name="sun.io.unicode.encoding" value="UnicodeLittle"/>
    <property name="java.class.version" value="55.0"/>
  </properties>
  <testcase name="Transaction user with valid path" classname="Transaction user" time="1.142">
    <system-out><![CDATA[

28
 Scenarios (
&amp#27;[32m28 passed&amp#27;[0m
)


140
 Steps (
&amp#27;[32m140 passed&amp#27;[0m
)


0m
15.810s






00:21:16.993 [pool-2-thread-1] DEBUG net.thucydides.core.reports.ReportService - Reporting formats: [JSON, HTML]

00:21:17.088 [pool-2-thread-1] DEBUG net.thucydides.core.reports.ReportService - Reporting formats: [JSON, HTML]

00:21:17.105 [pool-2-thread-1] DEBUG net.thucydides.core.reports.ReportService - Generating reports for 24 test outcomes using: net.thucydides.core.reports.json.JSONTestOutcomeReporter@2a0f5feb

00:21:17.106 [pool-3-thread-1] DEBUG net.thucydides.core.reports.ReportService - Processing test outcome Login admin Feature testing:Login Admin with valid email and password

00:21:17.107 [pool-3-thread-5] DEBUG net.thucydides.core.reports.ReportService - Processing test outcome Login admin Feature testing:Login admin Without Password

00:21:17.107 [pool-3-thread-4] DEBUG net.thucydides.core.reports.ReportService - Processing test outcome Login admin Feature testing:Login Admin Without Email

00:21:17.107 [pool-3-thread-8] DEBUG net.thucydides.core.reports.ReportService - Processing test outcome Service vehicle customer:Get Vehicle service without id

00:21:17.107 [pool-3-thread-6] DEBUG net.thucydides.core.reports.ReportService - Processing test outcome Service vehicle customer:Get all vehicle service with valid parameter id

00:21:17.107 [pool-3-thread-2] DEBUG net.thucydides.core.reports.ReportService - Processing test outcome Login admin Feature testing:Login Admin with invalid email and password

00:21:17.107 [pool-3-thread-7] DEBUG net.thucydides.core.reports.ReportService - Processing test outcome Service vehicle customer:Get all Vehicle service with invalid parameter id

00:21:17.107 [pool-3-thread-3] DEBUG net.thucydides.core.reports.ReportService - Processing test outcome Login admin Feature testing:Login Admin With Invalid path

00:21:17.108 [pool-3-thread-5] INFO net.thucydides.core.reports.ReportService - net.thucydides.core.reports.json.JSONTestOutcomeReporter@2a0f5feb: Generating report for test outcome: Login admin Feature testing:Login admin Without Password

00:21:17.108 [pool-3-thread-1] INFO net.thucydides.core.reports.ReportService - net.thucydides.core.reports.json.JSONTestOutcomeReporter@2a0f5feb: Generating report for test outcome: Login admin Feature testing:Login Admin with valid email and password

00:21:17.108 [pool-3-thread-4] INFO net.thucydides.core.reports.ReportService - net.thucydides.core.reports.json.JSONTestOutcomeReporter@2a0f5feb: Generating report for test outcome: Login admin Feature testing:Login Admin Without Email

00:21:17.108 [pool-3-thread-8] INFO net.thucydides.core.reports.ReportService - net.thucydides.core.reports.json.JSONTestOutcomeReporter@2a0f5feb: Generating report for test outcome: Service vehicle customer:Get Vehicle service without id

00:21:17.108 [pool-3-thread-6] INFO net.thucydides.core.reports.ReportService - net.thucydides.core.reports.json.JSONTestOutcomeReporter@2a0f5feb: Generating report for test outcome: Service vehicle customer:Get all vehicle service with valid parameter id

00:21:17.108 [pool-3-thread-2] INFO net.thucydides.core.reports.ReportService - net.thucydides.core.reports.json.JSONTestOutcomeReporter@2a0f5feb: Generating report for test outcome: Login admin Feature testing:Login Admin with invalid email and password

00:21:17.108 [pool-3-thread-7] INFO net.thucydides.core.reports.ReportService - net.thucydides.core.reports.json.JSONTestOutcomeReporter@2a0f5feb: Generating report for test outcome: Service vehicle customer:Get all Vehicle service with invalid parameter id

00:21:17.108 [pool-3-thread-3] INFO net.thucydides.core.reports.ReportService - net.thucydides.core.reports.json.JSONTestOutcomeReporter@2a0f5feb: Generating report for test outcome: Login admin Feature testing:Login Admin With Invalid path

00:21:17.120 [pool-3-thread-4] DEBUG net.thucydides.core.reports.json.JSONTestOutcomeReporter - Generating JSON report for Login Admin Without Email to file C:\Users\syawa\API-Automate\target\site\serenity\83c9b53c8f5ce34d15b4f2f34d166d8f59bb1683964fd2bd9bc145a3e5cbe0e8.json (using temp file C:\Users\syawa\API-Automate\target\site\serenity\83c9b53c8f5ce34d15b4f2f34d166d8f59bb1683964fd2bd9bc145a3e5cbe0e8.jsonf04f57b4-ceb5-48d9-8eae-d6f9a4acf6c0)

00:21:17.121 [pool-3-thread-8] DEBUG net.thucydides.core.reports.json.JSONTestOutcomeReporter - Generating JSON report for Get Vehicle service without id to file C:\Users\syawa\API-Automate\target\site\serenity\b4253d05fc152eca07045f09493a78864415aa350c8d20468bce3ba89f2abec0.json (using temp file C:\Users\syawa\API-Automate\target\site\serenity\b4253d05fc152eca07045f09493a78864415aa350c8d20468bce3ba89f2abec0.json43f3e25c-dd9f-4ff1-ba4b-219ae415aa21)

00:21:17.121 [pool-3-thread-3] DEBUG net.thucydides.core.reports.json.JSONTestOutcomeReporter - Generating JSON report for Login Admin With Invalid path to file C:\Users\syawa\API-Automate\target\site\serenity\4de04a11f425462b846f9e7dc3e7155188e6e4eddf32446b57b6873131a5edb2.json (using temp file C:\Users\syawa\API-Automate\target\site\serenity\4de04a11f425462b846f9e7dc3e7155188e6e4eddf32446b57b6873131a5edb2.jsona801da58-ae71-4c0f-9181-e6d1d40d7ae4)

00:21:17.121 [pool-3-thread-1] DEBUG net.thucydides.core.reports.json.JSONTestOutcomeReporter - Generating JSON report for Login Admin with valid email and password to file C:\Users\syawa\API-Automate\target\site\serenity\11835b7c0977ff4d9ad4eb4f3271a9d5bfb1845b8884c77f7127031411c6ce15.json (using temp file C:\Users\syawa\API-Automate\target\site\serenity\11835b7c0977ff4d9ad4eb4f3271a9d5bfb1845b8884c77f7127031411c6ce15.json0b2fdec4-25d4-4d8d-979c-e310186ff893)

00:21:17.121 [pool-3-thread-6] DEBUG net.thucydides.core.reports.json.JSONTestOutcomeReporter - Generating JSON report for Get all vehicle service with valid parameter id to file C:\Users\syawa\API-Automate\target\site\serenity\a3cacb694d12629372cf1b4fbc1f2b58e6a3e5431dcf01f2f0bfa3cc9559394f.json (using temp file C:\Users\syawa\API-Automate\target\site\serenity\a3cacb694d12629372cf1b4fbc1f2b58e6a3e5431dcf01f2f0bfa3cc9559394f.jsonb1199a21-7e26-492e-9962-5a721f4670e5)

00:21:17.121 [pool-3-thread-5] DEBUG net.thucydides.core.reports.json.JSONTestOutcomeReporter - Generating JSON report for Login admin Without Password to file C:\Users\syawa\API-Automate\target\site\serenity\6ea875f397e3a87e2695d2fdde2e7d91e6fc67d9478dd3d293e56f8ba1adf043.json (using temp file C:\Users\syawa\API-Automate\target\site\serenity\6ea875f397e3a87e2695d2fdde2e7d91e6fc67d9478dd3d293e56f8ba1adf043.jsonff9f8db2-770a-4ba6-9ccf-b9fe4af893d1)

00:21:17.121 [pool-3-thread-2] DEBUG net.thucydides.core.reports.json.JSONTestOutcomeReporter - Generating JSON report for Login Admin with invalid email and password to file C:\Users\syawa\API-Automate\target\site\serenity\e8934c2f025c0198248d272923abf1de4d1e83dbcfef4a22bfc95463609cb232.json (using temp file C:\Users\syawa\API-Automate\target\site\serenity\e8934c2f025c0198248d272923abf1de4d1e83dbcfef4a22bfc95463609cb232.json26eef567-82c4-44c0-b0ca-b2493d3d100a)

00:21:17.122 [pool-3-thread-7] DEBUG net.thucydides.core.reports.json.JSONTestOutcomeReporter - Generating JSON report for Get all Vehicle service with invalid parameter id to file C:\Users\syawa\API-Automate\target\site\serenity\80da72096313fe96dfc7dd10250301c81f29a8a8fdb41eef94cb8f8efdb535f7.json (using temp file C:\Users\syawa\API-Automate\target\site\serenity\80da72096313fe96dfc7dd10250301c81f29a8a8fdb41eef94cb8f8efdb535f7.json4c6805b8-f071-4a59-94f8-5e23dce49c0a)

00:21:17.174 [pool-3-thread-3] DEBUG net.thucydides.core.reports.ReportService - Processing test outcome Login admin Feature testing:Login Admin With Invalid path done

00:21:17.174 [pool-3-thread-8] DEBUG net.thucydides.core.reports.ReportService - Processing test outcome Service vehicle customer:Get Vehicle service without id done

00:21:17.174 [pool-3-thread-4] DEBUG net.thucydides.core.reports.ReportService - Processing test outcome Login admin Feature testing:Login Admin Without Email done

00:21:17.175 [pool-3-thread-3] DEBUG net.thucydides.core.reports.ReportService - Processing test outcome Service vehicle customer:Get vehicle service customer with invalid path

00:21:17.175 [pool-3-thread-4] DEBUG net.thucydides.core.reports.ReportService - Processing test outcome Transaction user:Transaction user with valid path

00:21:17.174 [pool-3-thread-2] DEBUG net.thucydides.core.reports.ReportService - Processing test outcome Login admin Feature testing:Login Admin with invalid email and password done

00:21:17.175 [pool-3-thread-4] INFO net.thucydides.core.reports.ReportService - net.thucydides.core.reports.json.JSONTestOutcomeReporter@2a0f5feb: Generating report for test outcome: Transaction user:Transaction user with valid path

00:21:17.175 [pool-3-thread-8] DEBUG net.thucydides.core.reports.ReportService - Processing test outcome Service vehicle customer:Get vehicle service customer with invalid token

00:21:17.175 [pool-3-thread-3] INFO net.thucydides.core.reports.ReportService - net.thucydides.core.reports.json.JSONTestOutcomeReporter@2a0f5feb: Generating report for test outcome: Service vehicle customer:Get vehicle service customer with invalid path

00:21:17.175 [pool-3-thread-2] DEBUG net.thucydides.core.reports.ReportService - Processing test outcome Transaction user:Transaction user with invalid path

00:21:17.175 [pool-3-thread-8] INFO net.thucydides.core.reports.ReportService - net.thucydides.core.reports.json.JSONTestOutcomeReporter@2a0f5feb: Generating report for test outcome: Service vehicle customer:Get vehicle service customer with invalid token

00:21:17.175 [pool-3-thread-2] INFO net.thucydides.core.reports.ReportService - net.thucydides.core.reports.json.JSONTestOutcomeReporter@2a0f5feb: Generating report for test outcome: Transaction user:Transaction user with invalid path

00:21:17.175 [pool-3-thread-5] DEBUG net.thucydides.core.reports.ReportService - Processing test outcome Login admin Feature testing:Login admin Without Password done

00:21:17.175 [pool-3-thread-1] DEBUG net.thucydides.core.reports.ReportService - Processing test outcome Login admin Feature testing:Login Admin with valid email and password done

00:21:17.175 [pool-3-thread-1] DEBUG net.thucydides.core.reports.ReportService - Processing test outcome Transaction user:Transaction user with invalid location id

00:21:17.175 [pool-3-thread-1] INFO net.thucydides.core.reports.ReportService - net.thucydides.core.reports.json.JSONTestOutcomeReporter@2a0f5feb: Generating report for test outcome: Transaction user:Transaction user with invalid location id

00:21:17.175 [pool-3-thread-5] DEBUG net.thucydides.core.reports.ReportService - Processing test outcome Transaction user:Transaction user with invalid vehicle id

00:21:17.175 [pool-3-thread-5] INFO net.thucydides.core.reports.ReportService - net.thucydides.core.reports.json.JSONTestOutcomeReporter@2a0f5feb: Generating report for test outcome: Transaction user:Transaction user with invalid vehicle id

00:21:17.175 [pool-3-thread-2] DEBUG net.thucydides.core.reports.json.JSONTestOutcomeReporter - Generating JSON report for Transaction user with invalid path to file C:\Users\syawa\API-Automate\target\site\serenity\4baf5559207e16af6153b0bede5712cc4a2c4e7215cd5ea9b35f6e43503b7380.json (using temp file C:\Users\syawa\API-Automate\target\site\serenity\4baf5559207e16af6153b0bede5712cc4a2c4e7215cd5ea9b35f6e43503b7380.json5e4ecbf7-d8f0-4ab0-a1bc-c92e07c5b0be)

00:21:17.176 [pool-3-thread-4] DEBUG net.thucydides.core.reports.json.JSONTestOutcomeReporter - Generating JSON report for Transaction user with valid path to file C:\Users\syawa\API-Automate\target\site\serenity\415b6dbc3e83a15a190201908be37555dc1a4d5c2837e018ecb5a0f16f38d28f.json (using temp file C:\Users\syawa\API-Automate\target\site\serenity\415b6dbc3e83a15a190201908be37555dc1a4d5c2837e018ecb5a0f16f38d28f.json1989fd97-cd41-470a-902b-aad0f192493d)

00:21:17.175 [pool-3-thread-3] DEBUG net.thucydides.core.reports.json.JSONTestOutcomeReporter - Generating JSON report for Get vehicle service customer with invalid path to file C:\Users\syawa\API-Automate\target\site\serenity\c5024a99877ac58d43604494974d9b402e09a5ee7bc6cac523d35367431d8cb0.json (using temp file C:\Users\syawa\API-Automate\target\site\serenity\c5024a99877ac58d43604494974d9b402e09a5ee7bc6cac523d35367431d8cb0.json3f587123-9603-4fa9-9438-be3f991b94b5)

00:21:17.176 [pool-3-thread-1] DEBUG net.thucydides.core.reports.json.JSONTestOutcomeReporter - Generating JSON report for Transaction user with invalid location id to file C:\Users\syawa\API-Automate\target\site\serenity\a88eefe792da54727941aa25508439f38d4fdc503fb55fa8dbdcf103517052fa.json (using temp file C:\Users\syawa\API-Automate\target\site\serenity\a88eefe792da54727941aa25508439f38d4fdc503fb55fa8dbdcf103517052fa.json94ebd8a5-7a1c-453d-ac05-5a711773f3cb)

00:21:17.177 [pool-3-thread-8] DEBUG net.thucydides.core.reports.json.JSONTestOutcomeReporter - Generating JSON report for Get vehicle service customer with invalid token to file C:\Users\syawa\API-Automate\target\site\serenity\805c6e250cc5e95ad3abc3699f7edac9f66e69bf3f36c1d92b20e96da4f61279.json (using temp file C:\Users\syawa\API-Automate\target\site\serenity\805c6e250cc5e95ad3abc3699f7edac9f66e69bf3f36c1d92b20e96da4f61279.jsonac0e86a7-71a4-4bbb-99a5-b2dd8cd3b64c)

00:21:17.183 [pool-3-thread-5] DEBUG net.thucydides.core.reports.json.JSONTestOutcomeReporter - Generating JSON report for Transaction user with invalid vehicle id to file C:\Users\syawa\API-Automate\target\site\serenity\4a44f098308c43a006402c8c606d1135f845226035f9afa37aad67294bb081a0.json (using temp file C:\Users\syawa\API-Automate\target\site\serenity\4a44f098308c43a006402c8c606d1135f845226035f9afa37aad67294bb081a0.json0bd86320-98b4-4e14-8363-f4b6d9343a97)

00:21:17.185 [pool-3-thread-6] DEBUG net.thucydides.core.reports.ReportService - Processing test outcome Service vehicle customer:Get all vehicle service with valid parameter id done

00:21:17.185 [pool-3-thread-6] DEBUG net.thucydides.core.reports.ReportService - Processing test outcome Transaction user:Transaction user with invalid service id

00:21:17.185 [pool-3-thread-6] INFO net.thucydides.core.reports.ReportService - net.thucydides.core.reports.json.JSONTestOutcomeReporter@2a0f5feb: Generating report for test outcome: Transaction user:Transaction user with invalid service id

00:21:17.185 [pool-3-thread-3] DEBUG net.thucydides.core.reports.ReportService - Processing test outcome Service vehicle customer:Get vehicle service customer with invalid path done

00:21:17.186 [pool-3-thread-3] DEBUG net.thucydides.core.reports.ReportService - Processing test outcome Transaction user:Transaction user without date

00:21:17.186 [pool-3-thread-4] DEBUG net.thucydides.core.reports.ReportService - Processing test outcome Transaction user:Transaction user with valid path done

00:21:17.186 [pool-3-thread-2] DEBUG net.thucydides.core.reports.ReportService - Processing test outcome Transaction user:Transaction user with invalid path done

00:21:17.186 [pool-3-thread-3] INFO net.thucydides.core.reports.ReportService - net.thucydides.core.reports.json.JSONTestOutcomeReporter@2a0f5feb: Generating report for test outcome: Transaction user:Transaction user without date

00:21:17.186 [pool-3-thread-4] DEBUG net.thucydides.core.reports.ReportService - Processing test outcome Transaction user:Transaction user without phone number

00:21:17.186 [pool-3-thread-2] DEBUG net.thucydides.core.reports.ReportService - Processing test outcome Transaction user:Transaction user without Address

00:21:17.186 [pool-3-thread-4] INFO net.thucydides.core.reports.ReportService - net.thucydides.core.reports.json.JSONTestOutcomeReporter@2a0f5feb: Generating report for test outcome: Transaction user:Transaction user without phone number

00:21:17.186 [pool-3-thread-2] INFO net.thucydides.core.reports.ReportService - net.thucydides.core.reports.json.JSONTestOutcomeReporter@2a0f5feb: Generating report for test outcome: Transaction user:Transaction user without Address

00:21:17.187 [pool-3-thread-7] DEBUG net.thucydides.core.reports.ReportService - Processing test outcome Service vehicle customer:Get all Vehicle service with invalid parameter id done

00:21:17.187 [pool-3-thread-7] DEBUG net.thucydides.core.reports.ReportService - Processing test outcome Transaction user:Get on going Transaction with valid parameter and valid token

00:21:17.187 [pool-3-thread-1] DEBUG net.thucydides.core.reports.ReportService - Processing test outcome Transaction user:Transaction user with invalid location id done

00:21:17.188 [pool-3-thread-1] DEBUG net.thucydides.core.reports.ReportService - Processing test outcome Transaction user:Get on going Transaction with invalid parameter

00:21:17.188 [pool-3-thread-1] INFO net.thucydides.core.reports.ReportService - net.thucydides.core.reports.json.JSONTestOutcomeReporter@2a0f5feb: Generating report for test outcome: Transaction user:Get on going Transaction with invalid parameter

00:21:17.188 [pool-3-thread-6] DEBUG net.thucydides.core.reports.json.JSONTestOutcomeReporter - Generating JSON report for Transaction user with invalid service id to file C:\Users\syawa\API-Automate\target\site\serenity\6b0c1d6450e7b6c47fd66fa36d7ff2334a89d0e4e617033b7fc05dbb190e4399.json (using temp file C:\Users\syawa\API-Automate\target\site\serenity\6b0c1d6450e7b6c47fd66fa36d7ff2334a89d0e4e617033b7fc05dbb190e4399.jsone0e9913d-bd79-4e37-982f-8fbe043454d9)

00:21:17.188 [pool-3-thread-7] INFO net.thucydides.core.reports.ReportService - net.thucydides.core.reports.json.JSONTestOutcomeReporter@2a0f5feb: Generating report for test outcome: Transaction user:Get on going Transaction with valid parameter and valid token

00:21:17.188 [pool-3-thread-3] DEBUG net.thucydides.core.reports.json.JSONTestOutcomeReporter - Generating JSON report for Transaction user without date to file C:\Users\syawa\API-Automate\target\site\serenity\fb01d6fabbfe3392a1e28fe840744fc750e11d1d0701343f91ca2564fabb9699.json (using temp file C:\Users\syawa\API-Automate\target\site\serenity\fb01d6fabbfe3392a1e28fe840744fc750e11d1d0701343f91ca2564fabb9699.jsonfcd42d39-0316-4a82-9e58-15fb22b12946)

00:21:17.188 [pool-3-thread-4] DEBUG net.thucydides.core.reports.json.JSONTestOutcomeReporter - Generating JSON report for Transaction user without phone number to file C:\Users\syawa\API-Automate\target\site\serenity\cfd36c5942035cc5ee2c61f2858625570e7040b7377ff348417d3e6c76ab366d.json (using temp file C:\Users\syawa\API-Automate\target\site\serenity\cfd36c5942035cc5ee2c61f2858625570e7040b7377ff348417d3e6c76ab366d.jsonf5ac88c9-61fb-4723-91a4-534c448f3cf2)

00:21:17.188 [pool-3-thread-2] DEBUG net.thucydides.core.reports.json.JSONTestOutcomeReporter - Generating JSON report for Transaction user without Address to file C:\Users\syawa\API-Automate\target\site\serenity\080f62b5b5f23d2d6ab3a15de4310b1acf40aa00b699e35a7ba1a8455b61856e.json (using temp file C:\Users\syawa\API-Automate\target\site\serenity\080f62b5b5f23d2d6ab3a15de4310b1acf40aa00b699e35a7ba1a8455b61856e.jsond92f468f-1ff5-49b6-b84c-44ed2f081963)

00:21:17.189 [pool-3-thread-8] DEBUG net.thucydides.core.reports.ReportService - Processing test outcome Service vehicle customer:Get vehicle service customer with invalid token done

00:21:17.189 [pool-3-thread-8] DEBUG net.thucydides.core.reports.ReportService - Processing test outcome Transaction user:Get on going Transaction with invalid token

00:21:17.189 [pool-3-thread-8] INFO net.thucydides.core.reports.ReportService - net.thucydides.core.reports.json.JSONTestOutcomeReporter@2a0f5feb: Generating report for test outcome: Transaction user:Get on going Transaction with invalid token

00:21:17.190 [pool-3-thread-1] DEBUG net.thucydides.core.reports.json.JSONTestOutcomeReporter - Generating JSON report for Get on going Transaction with invalid parameter to file C:\Users\syawa\API-Automate\target\site\serenity\e3ade565a85e3127575c1a921d45a4ad7447839d146bdb2cf961c27ad1225aab.json (using temp file C:\Users\syawa\API-Automate\target\site\serenity\e3ade565a85e3127575c1a921d45a4ad7447839d146bdb2cf961c27ad1225aab.json42fff26f-c0c7-4595-93e3-d61ab33f91fe)

00:21:17.190 [pool-3-thread-7] DEBUG net.thucydides.core.reports.json.JSONTestOutcomeReporter - Generating JSON report for Get on going Transaction with valid parameter and valid token to file C:\Users\syawa\API-Automate\target\site\serenity\623f3f991d2f0c937bdac8699c767b1ce897c65b05e1e2beea8ef4fa2671fb4e.json (using temp file C:\Users\syawa\API-Automate\target\site\serenity\623f3f991d2f0c937bdac8699c767b1ce897c65b05e1e2beea8ef4fa2671fb4e.json791d959a-ac48-4988-9ebd-3cba8404bd4c)

00:21:17.192 [pool-3-thread-8] DEBUG net.thucydides.core.reports.json.JSONTestOutcomeReporter - Generating JSON report for Get on going Transaction with invalid token to file C:\Users\syawa\API-Automate\target\site\serenity\15ccd2e4740b5b17dde2abedec2d188b647e3f2dc567e37fa10ad4a00b4c605a.json (using temp file C:\Users\syawa\API-Automate\target\site\serenity\15ccd2e4740b5b17dde2abedec2d188b647e3f2dc567e37fa10ad4a00b4c605a.json7cc89901-dc6b-47cb-a00d-3243fe1df2ad)

00:21:17.193 [pool-3-thread-5] DEBUG net.thucydides.core.reports.ReportService - Processing test outcome Transaction user:Transaction user with invalid vehicle id done

00:21:17.193 [pool-3-thread-5] DEBUG net.thucydides.core.reports.ReportService - Processing test outcome Transaction user:Get detail transaction with valid parameter id

00:21:17.193 [pool-3-thread-5] INFO net.thucydides.core.reports.ReportService - net.thucydides.core.reports.json.JSONTestOutcomeReporter@2a0f5feb: Generating report for test outcome: Transaction user:Get detail transaction with valid parameter id

00:21:17.197 [pool-3-thread-4] DEBUG net.thucydides.core.reports.ReportService - Processing test outcome Transaction user:Transaction user without phone number done

00:21:17.197 [pool-3-thread-6] DEBUG net.thucydides.core.reports.ReportService - Processing test outcome Transaction user:Transaction user with invalid service id done

00:21:17.197 [pool-3-thread-5] DEBUG net.thucydides.core.reports.json.JSONTestOutcomeReporter - Generating JSON report for Get detail transaction with valid parameter id to file C:\Users\syawa\API-Automate\target\site\serenity\bdcb1e0589d0c638867885d10cf337b7175203ab52b917d3ec565ac68fe31995.json (using temp file C:\Users\syawa\API-Automate\target\site\serenity\bdcb1e0589d0c638867885d10cf337b7175203ab52b917d3ec565ac68fe31995.jsonbf589350-941e-484c-8190-96755b6e2d29)

00:21:17.197 [pool-3-thread-4] DEBUG net.thucydides.core.reports.ReportService - Processing test outcome Transaction user:Get detail transaction with invalid parameter id

00:21:17.197 [pool-3-thread-6] DEBUG net.thucydides.core.reports.ReportService - Processing test outcome Transaction user:Get detail transaction with invalid token

00:21:17.197 [pool-3-thread-4] INFO net.thucydides.core.reports.ReportService - net.thucydides.core.reports.json.JSONTestOutcomeReporter@2a0f5feb: Generating report for test outcome: Transaction user:Get detail transaction with invalid parameter id

00:21:17.197 [pool-3-thread-6] INFO net.thucydides.core.reports.ReportService - net.thucydides.core.reports.json.JSONTestOutcomeReporter@2a0f5feb: Generating report for test outcome: Transaction user:Get detail transaction with invalid token

00:21:17.197 [pool-3-thread-3] DEBUG net.thucydides.core.reports.ReportService - Processing test outcome Transaction user:Transaction user without date done

00:21:17.198 [pool-3-thread-2] DEBUG net.thucydides.core.reports.ReportService - Processing test outcome Transaction user:Transaction user without Address done

00:21:17.199 [pool-3-thread-7] DEBUG net.thucydides.core.reports.ReportService - Processing test outcome Transaction user:Get on going Transaction with valid parameter and valid token done

00:21:17.199 [pool-3-thread-1] DEBUG net.thucydides.core.reports.ReportService - Processing test outcome Transaction user:Get on going Transaction with invalid parameter done

00:21:17.200 [pool-3-thread-4] DEBUG net.thucydides.core.reports.json.JSONTestOutcomeReporter - Generating JSON report for Get detail transaction with invalid parameter id to file C:\Users\syawa\API-Automate\target\site\serenity\880c8cfd98445b0bbbcb1a945e29d2600bb22b0181cf67dd4c36dd21c11e5b78.json (using temp file C:\Users\syawa\API-Automate\target\site\serenity\880c8cfd98445b0bbbcb1a945e29d2600bb22b0181cf67dd4c36dd21c11e5b78.json1f9c9f76-217d-4685-b7e1-a3087f2e265d)

00:21:17.200 [pool-3-thread-6] DEBUG net.thucydides.core.reports.json.JSONTestOutcomeReporter - Generating JSON report for Get detail transaction with invalid token to file C:\Users\syawa\API-Automate\target\site\serenity\7bc6a913254ae618c6e1149d8d5c4373259287eb9dab96802f1688835706859c.json (using temp file C:\Users\syawa\API-Automate\target\site\serenity\7bc6a913254ae618c6e1149d8d5c4373259287eb9dab96802f1688835706859c.json8afd9d1d-6fee-4831-ba91-706d295e51d7)

00:21:17.201 [pool-3-thread-8] DEBUG net.thucydides.core.reports.ReportService - Processing test outcome Transaction user:Get on going Transaction with invalid token done

00:21:17.205 [pool-3-thread-5] DEBUG net.thucydides.core.reports.ReportService - Processing test outcome Transaction user:Get detail transaction with valid parameter id done

00:21:17.206 [pool-3-thread-6] DEBUG net.thucydides.core.reports.ReportService - Processing test outcome Transaction user:Get detail transaction with invalid token done

00:21:17.206 [pool-3-thread-4] DEBUG net.thucydides.core.reports.ReportService - Processing test outcome Transaction user:Get detail transaction with invalid parameter id done

00:21:17.206 [pool-2-thread-1] DEBUG net.thucydides.core.reports.ReportService - Shutting down executor service

00:21:17.206 [pool-2-thread-1] DEBUG net.thucydides.core.reports.ReportService - Reports generated in: 101 ms

00:21:17.206 [pool-2-thread-1] DEBUG net.thucydides.core.reports.ReportService - Generating reports for 24 test outcomes using: net.thucydides.core.reports.html.HtmlAcceptanceTestReporter@701dbb73

00:21:17.207 [pool-4-thread-2] DEBUG net.thucydides.core.reports.ReportService - Processing test outcome Login admin Feature testing:Login Admin with invalid email and password

00:21:17.207 [pool-4-thread-3] DEBUG net.thucydides.core.reports.ReportService - Processing test outcome Login admin Feature testing:Login Admin With Invalid path

00:21:17.207 [pool-4-thread-2] INFO net.thucydides.core.reports.ReportService - net.thucydides.core.reports.html.HtmlAcceptanceTestReporter@701dbb73: Generating report for test outcome: Login admin Feature testing:Login Admin with invalid email and password

00:21:17.207 [pool-4-thread-3] INFO net.thucydides.core.reports.ReportService - net.thucydides.core.reports.html.HtmlAcceptanceTestReporter@701dbb73: Generating report for test outcome: Login admin Feature testing:Login Admin With Invalid path

00:21:17.207 [pool-4-thread-1] DEBUG net.thucydides.core.reports.ReportService - Processing test outcome Login admin Feature testing:Login Admin with valid email and password

00:21:17.208 [pool-4-thread-1] INFO net.thucydides.core.reports.ReportService - net.thucydides.core.reports.html.HtmlAcceptanceTestReporter@701dbb73: Generating report for test outcome: Login admin Feature testing:Login Admin with valid email and password

00:21:17.208 [pool-4-thread-4] DEBUG net.thucydides.core.reports.ReportService - Processing test outcome Login admin Feature testing:Login Admin Without Email

00:21:17.208 [pool-4-thread-5] DEBUG net.thucydides.core.reports.ReportService - Processing test outcome Login admin Feature testing:Login admin Without Password

00:21:17.208 [pool-4-thread-4] INFO net.thucydides.core.reports.ReportService - net.thucydides.core.reports.html.HtmlAcceptanceTestReporter@701dbb73: Generating report for test outcome: Login admin Feature testing:Login Admin Without Email

00:21:17.208 [pool-4-thread-5] INFO net.thucydides.core.reports.ReportService - net.thucydides.core.reports.html.HtmlAcceptanceTestReporter@701dbb73: Generating report for test outcome: Login admin Feature testing:Login admin Without Password

00:21:17.209 [pool-4-thread-6] DEBUG net.thucydides.core.reports.ReportService - Processing test outcome Service vehicle customer:Get all vehicle service with valid parameter id

00:21:17.209 [pool-4-thread-6] INFO net.thucydides.core.reports.ReportService - net.thucydides.core.reports.html.HtmlAcceptanceTestReporter@701dbb73: Generating report for test outcome: Service vehicle customer:Get all vehicle service with valid parameter id

00:21:17.209 [pool-4-thread-7] DEBUG net.thucydides.core.reports.ReportService - Processing test outcome Service vehicle customer:Get all Vehicle service with invalid parameter id

00:21:17.210 [pool-4-thread-7] INFO net.thucydides.core.reports.ReportService - net.thucydides.core.reports.html.HtmlAcceptanceTestReporter@701dbb73: Generating report for test outcome: Service vehicle customer:Get all Vehicle service with invalid parameter id

00:21:17.210 [pool-4-thread-8] DEBUG net.thucydides.core.reports.ReportService - Processing test outcome Service vehicle customer:Get Vehicle service without id

00:21:17.210 [pool-4-thread-8] INFO net.thucydides.core.reports.ReportService - net.thucydides.core.reports.html.HtmlAcceptanceTestReporter@701dbb73: Generating report for test outcome: Service vehicle customer:Get Vehicle service without id

00:21:17.310 [pool-4-thread-3] DEBUG net.thucydides.core.requirements.model.cucumber.CucumberParser - Added feature Login admin Feature testing

00:21:17.311 [pool-4-thread-2] DEBUG net.thucydides.core.requirements.model.cucumber.CucumberParser - Added feature Login admin Feature testing

00:21:17.316 [pool-4-thread-5] DEBUG net.thucydides.core.requirements.model.cucumber.CucumberParser - Added feature Login admin Feature testing

00:21:17.317 [pool-4-thread-7] DEBUG net.thucydides.core.requirements.model.cucumber.CucumberParser - Added feature Login admin Feature testing

00:21:17.317 [pool-4-thread-4] DEBUG net.thucydides.core.requirements.model.cucumber.CucumberParser - Added feature Login admin Feature testing

00:21:17.318 [pool-4-thread-1] DEBUG net.thucydides.core.requirements.model.cucumber.CucumberParser - Added feature Login admin Feature testing

00:21:17.318 [pool-4-thread-8] DEBUG net.thucydides.core.requirements.model.cucumber.CucumberParser - Added feature Login admin Feature testing

00:21:17.337 [pool-4-thread-6] DEBUG net.thucydides.core.requirements.model.cucumber.CucumberParser - Added feature Login admin Feature testing

00:21:17.337 [pool-4-thread-3] DEBUG net.thucydides.core.requirements.model.cucumber.CucumberParser - Added feature Service vehicle customer

00:21:17.337 [pool-4-thread-2] DEBUG net.thucydides.core.requirements.model.cucumber.CucumberParser - Added feature Service vehicle customer

00:21:17.340 [pool-4-thread-5] DEBUG net.thucydides.core.requirements.model.cucumber.CucumberParser - Added feature Service vehicle customer

00:21:17.343 [pool-4-thread-8] DEBUG net.thucydides.core.requirements.model.cucumber.CucumberParser - Added feature Service vehicle customer

00:21:17.344 [pool-4-thread-7] DEBUG net.thucydides.core.requirements.model.cucumber.CucumberParser - Added feature Service vehicle customer

00:21:17.345 [pool-4-thread-4] DEBUG net.thucydides.core.requirements.model.cucumber.CucumberParser - Added feature Service vehicle customer

00:21:17.355 [pool-4-thread-1] DEBUG net.thucydides.core.requirements.model.cucumber.CucumberParser - Added feature Service vehicle customer

00:21:17.355 [pool-4-thread-3] DEBUG net.thucydides.core.requirements.model.cucumber.CucumberParser - Added feature Transaction user

00:21:17.359 [pool-4-thread-6] DEBUG net.thucydides.core.requirements.model.cucumber.CucumberParser - Added feature Service vehicle customer

00:21:17.359 [pool-4-thread-5] DEBUG net.thucydides.core.requirements.model.cucumber.CucumberParser - Added feature Transaction user

00:21:17.364 [pool-4-thread-7] DEBUG net.thucydides.core.requirements.model.cucumber.CucumberParser - Added feature Transaction user

00:21:17.364 [pool-4-thread-2] DEBUG net.thucydides.core.requirements.model.cucumber.CucumberParser - Added feature Transaction user

00:21:17.365 [pool-4-thread-8] DEBUG net.thucydides.core.requirements.model.cucumber.CucumberParser - Added feature Transaction user

00:21:17.367 [pool-4-thread-4] DEBUG net.thucydides.core.requirements.model.cucumber.CucumberParser - Added feature Transaction user

00:21:17.368 [pool-4-thread-1] DEBUG net.thucydides.core.requirements.model.cucumber.CucumberParser - Added feature Transaction user

00:21:17.375 [pool-4-thread-6] DEBUG net.thucydides.core.requirements.model.cucumber.CucumberParser - Added feature Transaction user

00:21:17.376 [pool-4-thread-8] DEBUG net.thucydides.core.requirements.BaseRequirementsService - Requirement found for test outcome Get Vehicle service without id-[]: Optional[Requirement{name='Service vehicle customer', type='feature' parent = 'User', cardNumber='null'}]

00:21:17.376 [pool-4-thread-4] DEBUG net.thucydides.core.requirements.BaseRequirementsService - Requirement found for test outcome Login Admin Without Email-[]: Optional[Requirement{name='Login admin Feature testing', type='feature' parent = 'Admin', cardNumber='null'}]

00:21:17.376 [pool-4-thread-7] DEBUG net.thucydides.core.requirements.BaseRequirementsService - Requirement found for test outcome Get all Vehicle service with invalid parameter id-[]: Optional[Requirement{name='Service vehicle customer', type='feature' parent = 'User', cardNumber='null'}]

00:21:17.376 [pool-4-thread-1] DEBUG net.thucydides.core.requirements.BaseRequirementsService - Requirement found for test outcome Login Admin with valid email and password-[]: Optional[Requirement{name='Login admin Feature testing', type='feature' parent = 'Admin', cardNumber='null'}]

00:21:17.376 [pool-4-thread-5] DEBUG net.thucydides.core.requirements.BaseRequirementsService - Requirement found for test outcome Login admin Without Password-[]: Optional[Requirement{name='Login admin Feature testing', type='feature' parent = 'Admin', cardNumber='null'}]

00:21:17.376 [pool-4-thread-3] DEBUG net.thucydides.core.requirements.BaseRequirementsService - Requirement found for test outcome Login Admin With Invalid path-[]: Optional[Requirement{name='Login admin Feature testing', type='feature' parent = 'Admin', cardNumber='null'}]

00:21:17.376 [pool-4-thread-2] DEBUG net.thucydides.core.requirements.BaseRequirementsService - Requirement found for test outcome Login Admin with invalid email and password-[]: Optional[Requirement{name='Login admin Feature testing', type='feature' parent = 'Admin', cardNumber='null'}]

00:21:17.377 [pool-4-thread-6] DEBUG net.thucydides.core.requirements.BaseRequirementsService - Requirement found for test outcome Get all vehicle service with valid parameter id-[]: Optional[Requirement{name='Service vehicle customer', type='feature' parent = 'User', cardNumber='null'}]

00:21:17.379 [pool-4-thread-4] DEBUG net.thucydides.core.requirements.BaseRequirementsService - Requirement found for test outcome Login Admin Without Email-[]: Optional[Requirement{name='Login admin Feature testing', type='feature' parent = 'Admin', cardNumber='null'}]

00:21:17.379 [pool-4-thread-8] DEBUG net.thucydides.core.requirements.BaseRequirementsService - Requirement found for test outcome Get Vehicle service without id-[]: Optional[Requirement{name='Service vehicle customer', type='feature' parent = 'User', cardNumber='null'}]

00:21:17.380 [pool-4-thread-1] DEBUG net.thucydides.core.requirements.BaseRequirementsService - Requirement found for test outcome Login Admin with valid email and password-[]: Optional[Requirement{name='Login admin Feature testing', type='feature' parent = 'Admin', cardNumber='null'}]

00:21:17.380 [pool-4-thread-5] DEBUG net.thucydides.core.requirements.BaseRequirementsService - Requirement found for test outcome Login admin Without Password-[]: Optional[Requirement{name='Login admin Feature testing', type='feature' parent = 'Admin', cardNumber='null'}]

00:21:17.379 [pool-4-thread-3] DEBUG net.thucydides.core.requirements.BaseRequirementsService - Requirement found for test outcome Login Admin With Invalid path-[]: Optional[Requirement{name='Login admin Feature testing', type='feature' parent = 'Admin', cardNumber='null'}]

00:21:17.379 [pool-4-thread-6] DEBUG net.thucydides.core.requirements.BaseRequirementsService - Requirement found for test outcome Get all vehicle service with valid parameter id-[]: Optional[Requirement{name='Service vehicle customer', type='feature' parent = 'User', cardNumber='null'}]

00:21:17.379 [pool-4-thread-7] DEBUG net.thucydides.core.requirements.BaseRequirementsService - Requirement found for test outcome Get all Vehicle service with invalid parameter id-[]: Optional[Requirement{name='Service vehicle customer', type='feature' parent = 'User', cardNumber='null'}]

00:21:17.380 [pool-4-thread-2] DEBUG net.thucydides.core.requirements.BaseRequirementsService - Requirement found for test outcome Login Admin with invalid email and password-[]: Optional[Requirement{name='Login admin Feature testing', type='feature' parent = 'Admin', cardNumber='null'}]

00:21:18.728 [pool-4-thread-6] DEBUG serenity.reporting - Generating report in a3cacb694d12629372cf1b4fbc1f2b58e6a3e5431dcf01f2f0bfa3cc9559394f.html

00:21:18.728 [pool-4-thread-1] DEBUG serenity.reporting - Generating report in 11835b7c0977ff4d9ad4eb4f3271a9d5bfb1845b8884c77f7127031411c6ce15.html

00:21:18.728 [pool-4-thread-8] DEBUG serenity.reporting - Generating report in b4253d05fc152eca07045f09493a78864415aa350c8d20468bce3ba89f2abec0.html

00:21:18.728 [pool-4-thread-3] DEBUG serenity.reporting - Generating report in 4de04a11f425462b846f9e7dc3e7155188e6e4eddf32446b57b6873131a5edb2.html

00:21:18.728 [pool-4-thread-7] DEBUG serenity.reporting - Generating report in 80da72096313fe96dfc7dd10250301c81f29a8a8fdb41eef94cb8f8efdb535f7.html

00:21:18.728 [pool-4-thread-4] DEBUG serenity.reporting - Generating report in 83c9b53c8f5ce34d15b4f2f34d166d8f59bb1683964fd2bd9bc145a3e5cbe0e8.html

00:21:18.728 [pool-4-thread-5] DEBUG serenity.reporting - Generating report in 6ea875f397e3a87e2695d2fdde2e7d91e6fc67d9478dd3d293e56f8ba1adf043.html

00:21:18.728 [pool-4-thread-2] DEBUG serenity.reporting - Generating report in e8934c2f025c0198248d272923abf1de4d1e83dbcfef4a22bfc95463609cb232.html

00:21:19.358 [pool-4-thread-1] DEBUG serenity.reporting - Generated report 11835b7c0977ff4d9ad4eb4f3271a9d5bfb1845b8884c77f7127031411c6ce15.html in 630 ms

00:21:19.358 [pool-4-thread-1] DEBUG net.thucydides.core.reports.ReportService - Processing test outcome Login admin Feature testing:Login Admin with valid email and password done

00:21:19.358 [pool-4-thread-1] DEBUG net.thucydides.core.reports.ReportService - Processing test outcome Service vehicle customer:Get vehicle service customer with invalid path

00:21:19.358 [pool-4-thread-1] INFO net.thucydides.core.reports.ReportService - net.thucydides.core.reports.html.HtmlAcceptanceTestReporter@701dbb73: Generating report for test outcome: Service vehicle customer:Get vehicle service customer with invalid path

00:21:19.358 [pool-4-thread-3] DEBUG serenity.reporting - Generated report 4de04a11f425462b846f9e7dc3e7155188e6e4eddf32446b57b6873131a5edb2.html in 630 ms

00:21:19.358 [pool-4-thread-2] DEBUG serenity.reporting - Generated report e8934c2f025c0198248d272923abf1de4d1e83dbcfef4a22bfc95463609cb232.html in 630 ms

00:21:19.358 [pool-4-thread-2] DEBUG net.thucydides.core.reports.ReportService - Processing test outcome Login admin Feature testing:Login Admin with invalid email and password done

00:21:19.358 [pool-4-thread-2] DEBUG net.thucydides.core.reports.ReportService - Processing test outcome Service vehicle customer:Get vehicle service customer with invalid token

00:21:19.358 [pool-4-thread-2] INFO net.thucydides.core.reports.ReportService - net.thucydides.core.reports.html.HtmlAcceptanceTestReporter@701dbb73: Generating report for test outcome: Service vehicle customer:Get vehicle service customer with invalid token

00:21:19.359 [pool-4-thread-5] DEBUG serenity.reporting - Generated report 6ea875f397e3a87e2695d2fdde2e7d91e6fc67d9478dd3d293e56f8ba1adf043.html in 631 ms

00:21:19.359 [pool-4-thread-5] DEBUG net.thucydides.core.reports.ReportService - Processing test outcome Login admin Feature testing:Login admin Without Password done

00:21:19.359 [pool-4-thread-5] DEBUG net.thucydides.core.reports.ReportService - Processing test outcome Transaction user:Transaction user with valid path

00:21:19.359 [pool-4-thread-5] INFO net.thucydides.core.reports.ReportService - net.thucydides.core.reports.html.HtmlAcceptanceTestReporter@701dbb73: Generating report for test outcome: Transaction user:Transaction user with valid path

00:21:19.360 [pool-4-thread-2] DEBUG net.thucydides.core.requirements.BaseRequirementsService - Requirement found for test outcome Get vehicle service customer with invalid token-[]: Optional[Requirement{name='Service vehicle customer', type='feature' parent = 'User', cardNumber='null'}]

00:21:19.361 [pool-4-thread-2] DEBUG net.thucydides.core.requirements.BaseRequirementsService - Requirement found for test outcome Get vehicle service customer with invalid token-[]: Optional[Requirement{name='Service vehicle customer', type='feature' parent = 'User', cardNumber='null'}]

00:21:19.363 [pool-4-thread-2] DEBUG serenity.reporting - Generating report in 805c6e250cc5e95ad3abc3699f7edac9f66e69bf3f36c1d92b20e96da4f61279.html

00:21:19.382 [pool-4-thread-4] DEBUG serenity.reporting - Generated report 83c9b53c8f5ce34d15b4f2f34d166d8f59bb1683964fd2bd9bc145a3e5cbe0e8.html in 654 ms

00:21:19.383 [pool-4-thread-4] DEBUG net.thucydides.core.reports.ReportService - Processing test outcome Login admin Feature testing:Login Admin Without Email done

00:21:19.383 [pool-4-thread-4] DEBUG net.thucydides.core.reports.ReportService - Processing test outcome Transaction user:Transaction user with invalid path

00:21:19.383 [pool-4-thread-4] INFO net.thucydides.core.reports.ReportService - net.thucydides.core.reports.html.HtmlAcceptanceTestReporter@701dbb73: Generating report for test outcome: Transaction user:Transaction user with invalid path

00:21:19.383 [pool-4-thread-8] DEBUG serenity.reporting - Generated report b4253d05fc152eca07045f09493a78864415aa350c8d20468bce3ba89f2abec0.html in 655 ms

00:21:19.383 [pool-4-thread-8] DEBUG net.thucydides.core.reports.ReportService - Processing test outcome Service vehicle customer:Get Vehicle service without id done

00:21:19.383 [pool-4-thread-8] DEBUG net.thucydides.core.reports.ReportService - Processing test outcome Transaction user:Transaction user with invalid location id

00:21:19.383 [pool-4-thread-8] INFO net.thucydides.core.reports.ReportService - net.thucydides.core.reports.html.HtmlAcceptanceTestReporter@701dbb73: Generating report for test outcome: Transaction user:Transaction user with invalid location id

00:21:19.358 [pool-4-thread-3] DEBUG net.thucydides.core.reports.ReportService - Processing test outcome Login admin Feature testing:Login Admin With Invalid path done

00:21:19.385 [pool-4-thread-3] DEBUG net.thucydides.core.reports.ReportService - Processing test outcome Transaction user:Transaction user with invalid vehicle id

00:21:19.385 [pool-4-thread-3] INFO net.thucydides.core.reports.ReportService - net.thucydides.core.reports.html.HtmlAcceptanceTestReporter@701dbb73: Generating report for test outcome: Transaction user:Transaction user with invalid vehicle id

00:21:19.386 [pool-4-thread-4] DEBUG net.thucydides.core.requirements.BaseRequirementsService - Requirement found for test outcome Transaction user with invalid path-[]: Optional[Requirement{name='Transaction user', type='feature' parent = 'User', cardNumber='null'}]

00:21:19.387 [pool-4-thread-4] DEBUG net.thucydides.core.requirements.BaseRequirementsService - Requirement found for test outcome Transaction user with invalid path-[]: Optional[Requirement{name='Transaction user', type='feature' parent = 'User', cardNumber='null'}]

00:21:19.390 [pool-4-thread-4] DEBUG serenity.reporting - Generating report in 4baf5559207e16af6153b0bede5712cc4a2c4e7215cd5ea9b35f6e43503b7380.html

00:21:19.392 [pool-4-thread-8] DEBUG net.thucydides.core.requirements.BaseRequirementsService - Requirement found for test outcome Transaction user with invalid location id-[]: Optional[Requirement{name='Transaction user', type='feature' parent = 'User', cardNumber='null'}]

00:21:19.393 [pool-4-thread-8] DEBUG net.thucydides.core.requirements.BaseRequirementsService - Requirement found for test outcome Transaction user with invalid location id-[]: Optional[Requirement{name='Transaction user', type='feature' parent = 'User', cardNumber='null'}]

00:21:19.395 [pool-4-thread-8] DEBUG serenity.reporting - Generating report in a88eefe792da54727941aa25508439f38d4fdc503fb55fa8dbdcf103517052fa.html

00:21:19.395 [pool-4-thread-3] DEBUG net.thucydides.core.requirements.BaseRequirementsService - Requirement found for test outcome Transaction user with invalid vehicle id-[]: Optional[Requirement{name='Transaction user', type='feature' parent = 'User', cardNumber='null'}]

00:21:19.396 [pool-4-thread-3] DEBUG net.thucydides.core.requirements.BaseRequirementsService - Requirement found for test outcome Transaction user with invalid vehicle id-[]: Optional[Requirement{name='Transaction user', type='feature' parent = 'User', cardNumber='null'}]

00:21:19.360 [pool-4-thread-1] DEBUG net.thucydides.core.requirements.BaseRequirementsService - Requirement found for test outcome Get vehicle service customer with invalid path-[]: Optional[Requirement{name='Service vehicle customer', type='feature' parent = 'User', cardNumber='null'}]

00:21:19.397 [pool-4-thread-6] DEBUG serenity.reporting - Generated report a3cacb694d12629372cf1b4fbc1f2b58e6a3e5431dcf01f2f0bfa3cc9559394f.html in 669 ms

00:21:19.398 [pool-4-thread-6] DEBUG net.thucydides.core.reports.ReportService - Processing test outcome Service vehicle customer:Get all vehicle service with valid parameter id done

00:21:19.398 [pool-4-thread-6] DEBUG net.thucydides.core.reports.ReportService - Processing test outcome Transaction user:Transaction user with invalid service id

00:21:19.398 [pool-4-thread-6] INFO net.thucydides.core.reports.ReportService - net.thucydides.core.reports.html.HtmlAcceptanceTestReporter@701dbb73: Generating report for test outcome: Transaction user:Transaction user with invalid service id

00:21:19.398 [pool-4-thread-1] DEBUG net.thucydides.core.requirements.BaseRequirementsService - Requirement found for test outcome Get vehicle service customer with invalid path-[]: Optional[Requirement{name='Service vehicle customer', type='feature' parent = 'User', cardNumber='null'}]

00:21:19.398 [pool-4-thread-3] DEBUG serenity.reporting - Generating report in 4a44f098308c43a006402c8c606d1135f845226035f9afa37aad67294bb081a0.html

00:21:19.400 [pool-4-thread-1] DEBUG serenity.reporting - Generating report in c5024a99877ac58d43604494974d9b402e09a5ee7bc6cac523d35367431d8cb0.html

00:21:19.361 [pool-4-thread-5] DEBUG net.thucydides.core.requirements.BaseRequirementsService - Requirement found for test outcome Transaction user with valid path-[]: Optional[Requirement{name='Transaction user', type='feature' parent = 'User', cardNumber='null'}]

00:21:19.401 [pool-4-thread-6] DEBUG net.thucydides.core.requirements.BaseRequirementsService - Requirement found for test outcome Transaction user with invalid service id-[]: Optional[Requirement{name='Transaction user', type='feature' parent = 'User', cardNumber='null'}]

00:21:19.401 [pool-4-thread-5] DEBUG net.thucydides.core.requirements.BaseRequirementsService - Requirement found for test outcome Transaction user with valid path-[]: Optional[Requirement{name='Transaction user', type='feature' parent = 'User', cardNumber='null'}]

00:21:19.402 [pool-4-thread-6] DEBUG net.thucydides.core.requirements.BaseRequirementsService - Requirement found for test outcome Transaction user with invalid service id-[]: Optional[Requirement{name='Transaction user', type='feature' parent = 'User', cardNumber='null'}]

00:21:19.403 [pool-4-thread-5] DEBUG serenity.reporting - Generating report in 415b6dbc3e83a15a190201908be37555dc1a4d5c2837e018ecb5a0f16f38d28f.html

00:21:19.403 [pool-4-thread-2] DEBUG serenity.reporting - Generated report 805c6e250cc5e95ad3abc3699f7edac9f66e69bf3f36c1d92b20e96da4f61279.html in 40 ms

00:21:19.403 [pool-4-thread-7] DEBUG serenity.reporting - Generated report 80da72096313fe96dfc7dd10250301c81f29a8a8fdb41eef94cb8f8efdb535f7.html in 675 ms

00:21:19.403 [pool-4-thread-2] DEBUG net.thucydides.core.reports.ReportService - Processing test outcome Service vehicle customer:Get vehicle service customer with invalid token done

00:21:19.403 [pool-4-thread-7] DEBUG net.thucydides.core.reports.ReportService - Processing test outcome Service vehicle customer:Get all Vehicle service with invalid parameter id done

00:21:19.403 [pool-4-thread-7] DEBUG net.thucydides.core.reports.ReportService - Processing test outcome Transaction user:Transaction user without date

00:21:19.403 [pool-4-thread-7] INFO net.thucydides.core.reports.ReportService - net.thucydides.core.reports.html.HtmlAcceptanceTestReporter@701dbb73: Generating report for test outcome: Transaction user:Transaction user without date

00:21:19.403 [pool-4-thread-2] DEBUG net.thucydides.core.reports.ReportService - Processing test outcome Transaction user:Transaction user without phone number

00:21:19.405 [pool-4-thread-2] INFO net.thucydides.core.reports.ReportService - net.thucydides.core.reports.html.HtmlAcceptanceTestReporter@701dbb73: Generating report for test outcome: Transaction user:Transaction user without phone number

00:21:19.406 [pool-4-thread-6] DEBUG serenity.reporting - Generating report in 6b0c1d6450e7b6c47fd66fa36d7ff2334a89d0e4e617033b7fc05dbb190e4399.html

00:21:19.406 [pool-4-thread-7] DEBUG net.thucydides.core.requirements.BaseRequirementsService - Requirement found for test outcome Transaction user without date-[]: Optional[Requirement{name='Transaction user', type='feature' parent = 'User', cardNumber='null'}]

00:21:19.407 [pool-4-thread-7] DEBUG net.thucydides.core.requirements.BaseRequirementsService - Requirement found for test outcome Transaction user without date-[]: Optional[Requirement{name='Transaction user', type='feature' parent = 'User', cardNumber='null'}]

00:21:19.407 [pool-4-thread-2] DEBUG net.thucydides.core.requirements.BaseRequirementsService - Requirement found for test outcome Transaction user without phone number-[]: Optional[Requirement{name='Transaction user', type='feature' parent = 'User', cardNumber='null'}]

00:21:19.408 [pool-4-thread-2] DEBUG net.thucydides.core.requirements.BaseRequirementsService - Requirement found for test outcome Transaction user without phone number-[]: Optional[Requirement{name='Transaction user', type='feature' parent = 'User', cardNumber='null'}]

00:21:19.409 [pool-4-thread-7] DEBUG serenity.reporting - Generating report in fb01d6fabbfe3392a1e28fe840744fc750e11d1d0701343f91ca2564fabb9699.html

00:21:19.411 [pool-4-thread-2] DEBUG serenity.reporting - Generating report in cfd36c5942035cc5ee2c61f2858625570e7040b7377ff348417d3e6c76ab366d.html

00:21:19.437 [pool-4-thread-5] DEBUG serenity.reporting - Generated report 415b6dbc3e83a15a190201908be37555dc1a4d5c2837e018ecb5a0f16f38d28f.html in 34 ms

00:21:19.438 [pool-4-thread-5] DEBUG net.thucydides.core.reports.ReportService - Processing test outcome Transaction user:Transaction user with valid path done

00:21:19.438 [pool-4-thread-5] DEBUG net.thucydides.core.reports.ReportService - Processing test outcome Transaction user:Transaction user without Address

00:21:19.438 [pool-4-thread-5] INFO net.thucydides.core.reports.ReportService - net.thucydides.core.reports.html.HtmlAcceptanceTestReporter@701dbb73: Generating report for test outcome: Transaction user:Transaction user without Address

00:21:19.439 [pool-4-thread-5] DEBUG net.thucydides.core.requirements.BaseRequirementsService - Requirement found for test outcome Transaction user without Address-[]: Optional[Requirement{name='Transaction user', type='feature' parent = 'User', cardNumber='null'}]

00:21:19.440 [pool-4-thread-5] DEBUG net.thucydides.core.requirements.BaseRequirementsService - Requirement found for test outcome Transaction user without Address-[]: Optional[Requirement{name='Transaction user', type='feature' parent = 'User', cardNumber='null'}]

00:21:19.442 [pool-4-thread-5] DEBUG serenity.reporting - Generating report in 080f62b5b5f23d2d6ab3a15de4310b1acf40aa00b699e35a7ba1a8455b61856e.html

00:21:19.443 [pool-4-thread-1] DEBUG serenity.reporting - Generated report c5024a99877ac58d43604494974d9b402e09a5ee7bc6cac523d35367431d8cb0.html in 43 ms

00:21:19.444 [pool-4-thread-1] DEBUG net.thucydides.core.reports.ReportService - Processing test outcome Service vehicle customer:Get vehicle service customer with invalid path done

00:21:19.444 [pool-4-thread-1] DEBUG net.thucydides.core.reports.ReportService - Processing test outcome Transaction user:Get on going Transaction with valid parameter and valid token

00:21:19.444 [pool-4-thread-1] INFO net.thucydides.core.reports.ReportService - net.thucydides.core.reports.html.HtmlAcceptanceTestReporter@701dbb73: Generating report for test outcome: Transaction user:Get on going Transaction with valid parameter and valid token

00:21:19.448 [pool-4-thread-1] DEBUG net.thucydides.core.requirements.BaseRequirementsService - Requirement found for test outcome Get on going Transaction with valid parameter and valid token-[]: Optional[Requirement{name='Transaction user', type='feature' parent = 'User', cardNumber='null'}]

00:21:19.453 [pool-4-thread-1] DEBUG net.thucydides.core.requirements.BaseRequirementsService - Requirement found for test outcome Get on going Transaction with valid parameter and valid token-[]: Optional[Requirement{name='Transaction user', type='feature' parent = 'User', cardNumber='null'}]

00:21:19.455 [pool-4-thread-1] DEBUG serenity.reporting - Generating report in 623f3f991d2f0c937bdac8699c767b1ce897c65b05e1e2beea8ef4fa2671fb4e.html

00:21:19.475 [pool-4-thread-7] DEBUG serenity.reporting - Generated report fb01d6fabbfe3392a1e28fe840744fc750e11d1d0701343f91ca2564fabb9699.html in 66 ms

00:21:19.475 [pool-4-thread-7] DEBUG net.thucydides.core.reports.ReportService - Processing test outcome Transaction user:Transaction user without date done

00:21:19.476 [pool-4-thread-7] DEBUG net.thucydides.core.reports.ReportService - Processing test outcome Transaction user:Get on going Transaction with invalid parameter

00:21:19.476 [pool-4-thread-7] INFO net.thucydides.core.reports.ReportService - net.thucydides.core.reports.html.HtmlAcceptanceTestReporter@701dbb73: Generating report for test outcome: Transaction user:Get on going Transaction with invalid parameter

00:21:19.476 [pool-4-thread-6] DEBUG serenity.reporting - Generated report 6b0c1d6450e7b6c47fd66fa36d7ff2334a89d0e4e617033b7fc05dbb190e4399.html in 70 ms

00:21:19.476 [pool-4-thread-6] DEBUG net.thucydides.core.reports.ReportService - Processing test outcome Transaction user:Transaction user with invalid service id done

00:21:19.476 [pool-4-thread-6] DEBUG net.thucydides.core.reports.ReportService - Processing test outcome Transaction user:Get on going Transaction with invalid token

00:21:19.476 [pool-4-thread-6] INFO net.thucydides.core.reports.ReportService - net.thucydides.core.reports.html.HtmlAcceptanceTestReporter@701dbb73: Generating report for test outcome: Transaction user:Get on going Transaction with invalid token

00:21:19.477 [pool-4-thread-7] DEBUG net.thucydides.core.requirements.BaseRequirementsService - Requirement found for test outcome Get on going Transaction with invalid parameter-[]: Optional[Requirement{name='Transaction user', type='feature' parent = 'User', cardNumber='null'}]

00:21:19.478 [pool-4-thread-6] DEBUG net.thucydides.core.requirements.BaseRequirementsService - Requirement found for test outcome Get on going Transaction with invalid token-[]: Optional[Requirement{name='Transaction user', type='feature' parent = 'User', cardNumber='null'}]

00:21:19.478 [pool-4-thread-7] DEBUG net.thucydides.core.requirements.BaseRequirementsService - Requirement found for test outcome Get on going Transaction with invalid parameter-[]: Optional[Requirement{name='Transaction user', type='feature' parent = 'User', cardNumber='null'}]

00:21:19.479 [pool-4-thread-6] DEBUG net.thucydides.core.requirements.BaseRequirementsService - Requirement found for test outcome Get on going Transaction with invalid token-[]: Optional[Requirement{name='Transaction user', type='feature' parent = 'User', cardNumber='null'}]

00:21:19.480 [pool-4-thread-7] DEBUG serenity.reporting - Generating report in e3ade565a85e3127575c1a921d45a4ad7447839d146bdb2cf961c27ad1225aab.html

00:21:19.481 [pool-4-thread-8] DEBUG serenity.reporting - Generated report a88eefe792da54727941aa25508439f38d4fdc503fb55fa8dbdcf103517052fa.html in 86 ms

00:21:19.481 [pool-4-thread-8] DEBUG net.thucydides.core.reports.ReportService - Processing test outcome Transaction user:Transaction user with invalid location id done

00:21:19.481 [pool-4-thread-8] DEBUG net.thucydides.core.reports.ReportService - Processing test outcome Transaction user:Get detail transaction with valid parameter id

00:21:19.481 [pool-4-thread-8] INFO net.thucydides.core.reports.ReportService - net.thucydides.core.reports.html.HtmlAcceptanceTestReporter@701dbb73: Generating report for test outcome: Transaction user:Get detail transaction with valid parameter id

00:21:19.483 [pool-4-thread-6] DEBUG serenity.reporting - Generating report in 15ccd2e4740b5b17dde2abedec2d188b647e3f2dc567e37fa10ad4a00b4c605a.html

00:21:19.483 [pool-4-thread-8] DEBUG net.thucydides.core.requirements.BaseRequirementsService - Requirement found for test outcome Get detail transaction with valid parameter id-[]: Optional[Requirement{name='Transaction user', type='feature' parent = 'User', cardNumber='null'}]

00:21:19.485 [pool-4-thread-8] DEBUG net.thucydides.core.requirements.BaseRequirementsService - Requirement found for test outcome Get detail transaction with valid parameter id-[]: Optional[Requirement{name='Transaction user', type='feature' parent = 'User', cardNumber='null'}]

00:21:19.486 [pool-4-thread-4] DEBUG serenity.reporting - Generated report 4baf5559207e16af6153b0bede5712cc4a2c4e7215cd5ea9b35f6e43503b7380.html in 96 ms

00:21:19.487 [pool-4-thread-4] DEBUG net.thucydides.core.reports.ReportService - Processing test outcome Transaction user:Transaction user with invalid path done

00:21:19.487 [pool-4-thread-8] DEBUG serenity.reporting - Generating report in bdcb1e0589d0c638867885d10cf337b7175203ab52b917d3ec565ac68fe31995.html

00:21:19.487 [pool-4-thread-4] DEBUG net.thucydides.core.reports.ReportService - Processing test outcome Transaction user:Get detail transaction with invalid parameter id

00:21:19.487 [pool-4-thread-4] INFO net.thucydides.core.reports.ReportService - net.thucydides.core.reports.html.HtmlAcceptanceTestReporter@701dbb73: Generating report for test outcome: Transaction user:Get detail transaction with invalid parameter id

00:21:19.489 [pool-4-thread-4] DEBUG net.thucydides.core.requirements.BaseRequirementsService - Requirement found for test outcome Get detail transaction with invalid parameter id-[]: Optional[Requirement{name='Transaction user', type='feature' parent = 'User', cardNumber='null'}]

00:21:19.490 [pool-4-thread-4] DEBUG net.thucydides.core.requirements.BaseRequirementsService - Requirement found for test outcome Get detail transaction with invalid parameter id-[]: Optional[Requirement{name='Transaction user', type='feature' parent = 'User', cardNumber='null'}]

00:21:19.502 [pool-4-thread-4] DEBUG serenity.reporting - Generating report in 880c8cfd98445b0bbbcb1a945e29d2600bb22b0181cf67dd4c36dd21c11e5b78.html

00:21:19.512 [pool-4-thread-3] DEBUG serenity.reporting - Generated report 4a44f098308c43a006402c8c606d1135f845226035f9afa37aad67294bb081a0.html in 114 ms

00:21:19.512 [pool-4-thread-8] DEBUG serenity.reporting - Generated report bdcb1e0589d0c638867885d10cf337b7175203ab52b917d3ec565ac68fe31995.html in 25 ms

00:21:19.512 [pool-4-thread-8] DEBUG net.thucydides.core.reports.ReportService - Processing test outcome Transaction user:Get detail transaction with valid parameter id done

00:21:19.512 [pool-4-thread-3] DEBUG net.thucydides.core.reports.ReportService - Processing test outcome Transaction user:Transaction user with invalid vehicle id done

00:21:19.513 [pool-4-thread-8] DEBUG net.thucydides.core.reports.ReportService - Processing test outcome Transaction user:Get detail transaction with invalid token

00:21:19.513 [pool-4-thread-8] INFO net.thucydides.core.reports.ReportService - net.thucydides.core.reports.html.HtmlAcceptanceTestReporter@701dbb73: Generating report for test outcome: Transaction user:Get detail transaction with invalid token

00:21:19.514 [pool-4-thread-2] DEBUG serenity.reporting - Generated report cfd36c5942035cc5ee2c61f2858625570e7040b7377ff348417d3e6c76ab366d.html in 103 ms

00:21:19.514 [pool-4-thread-1] DEBUG serenity.reporting - Generated report 623f3f991d2f0c937bdac8699c767b1ce897c65b05e1e2beea8ef4fa2671fb4e.html in 59 ms

00:21:19.514 [pool-4-thread-1] DEBUG net.thucydides.core.reports.ReportService - Processing test outcome Transaction user:Get on going Transaction with valid parameter and valid token done

00:21:19.514 [pool-4-thread-2] DEBUG net.thucydides.core.reports.ReportService - Processing test outcome Transaction user:Transaction user without phone number done

00:21:19.514 [pool-4-thread-8] DEBUG net.thucydides.core.requirements.BaseRequirementsService - Requirement found for test outcome Get detail transaction with invalid token-[]: Optional[Requirement{name='Transaction user', type='feature' parent = 'User', cardNumber='null'}]

00:21:19.516 [pool-4-thread-8] DEBUG net.thucydides.core.requirements.BaseRequirementsService - Requirement found for test outcome Get detail transaction with invalid token-[]: Optional[Requirement{name='Transaction user', type='feature' parent = 'User', cardNumber='null'}]

00:21:19.519 [pool-4-thread-8] DEBUG serenity.reporting - Generating report in 7bc6a913254ae618c6e1149d8d5c4373259287eb9dab96802f1688835706859c.html

00:21:19.536 [pool-4-thread-7] DEBUG serenity.reporting - Generated report e3ade565a85e3127575c1a921d45a4ad7447839d146bdb2cf961c27ad1225aab.html in 56 ms

00:21:19.536 [pool-4-thread-5] DEBUG serenity.reporting - Generated report 080f62b5b5f23d2d6ab3a15de4310b1acf40aa00b699e35a7ba1a8455b61856e.html in 94 ms

00:21:19.536 [pool-4-thread-7] DEBUG net.thucydides.core.reports.ReportService - Processing test outcome Transaction user:Get on going Transaction with invalid parameter done

00:21:19.536 [pool-4-thread-5] DEBUG net.thucydides.core.reports.ReportService - Processing test outcome Transaction user:Transaction user without Address done

00:21:19.554 [pool-4-thread-4] DEBUG serenity.reporting - Generated report 880c8cfd98445b0bbbcb1a945e29d2600bb22b0181cf67dd4c36dd21c11e5b78.html in 52 ms

00:21:19.554 [pool-4-thread-4] DEBUG net.thucydides.core.reports.ReportService - Processing test outcome Transaction user:Get detail transaction with invalid parameter id done

00:21:19.558 [pool-4-thread-6] DEBUG serenity.reporting - Generated report 15ccd2e4740b5b17dde2abedec2d188b647e3f2dc567e37fa10ad4a00b4c605a.html in 75 ms

00:21:19.558 [pool-4-thread-6] DEBUG net.thucydides.core.reports.ReportService - Processing test outcome Transaction user:Get on going Transaction with invalid token done

00:21:19.576 [pool-4-thread-8] DEBUG serenity.reporting - Generated report 7bc6a913254ae618c6e1149d8d5c4373259287eb9dab96802f1688835706859c.html in 58 ms

00:21:19.576 [pool-4-thread-8] DEBUG net.thucydides.core.reports.ReportService - Processing test outcome Transaction user:Get detail transaction with invalid token done

00:21:19.577 [pool-2-thread-1] DEBUG net.thucydides.core.reports.ReportService - Shutting down executor service

00:21:19.577 [pool-2-thread-1] DEBUG net.thucydides.core.reports.ReportService - Reports generated in: 2371 ms

00:21:19.920 [pool-2-thread-1] INFO io.cucumber.core.plugin.SerenityReporter - Cleanup test resources for URI classpath:features/Bengcall/Admin/LoginAdmin.feature

00:21:19.923 [pool-2-thread-1] INFO io.cucumber.core.plugin.SerenityReporter - Cleanup test resources for URI classpath:features/Bengcall/User/ServiceVehiclesUser.feature

00:21:19.924 [pool-2-thread-1] INFO io.cucumber.core.plugin.SerenityReporter - Cleanup test resources for URI classpath:features/Bengcall/User/TransactionUser.feature


@TransactionUser @POSTTransactionPositive
Scenario: Transaction user with valid path                                        &amp#27;[90m# features/Bengcall/User/TransactionUser.feature:5&amp#27;[0m
00:21:11.052 [pool-2-thread-1] INFO io.cucumber.core.plugin.SerenityReporter - Running feature from classpath:features/Bengcall/User/TransactionUser.feature
00:21:11.056 [pool-2-thread-1] INFO  - 
  _____   ___   ___   _____     ___   _____     _     ___   _____   ___   ___  
 |_   _| | __| / __| |_   _|   / __| |_   _|   /_\   | _ \ |_   _| | __| |   \ 
   | |   | _|  \__ \   | |     \__ \   | |    / _ \  |   /   | |   | _|  | |) |
   |_|   |___| |___/   |_|     |___/   |_|   /_/ \_\ |_|_\   |_|   |___| |___/ 

Transaction user with valid path(transaction-user;transaction-user-with-valid-path)
--------------------------------------------------------------------------------
00:21:11.098 [pool-2-thread-1] DEBUG net.thucydides.core.steps.StepInterceptor - STARTING STEP: TransactionCustomerStepdefs.userCreateTransactionWithValidJson - Create transaction with valid path
00:21:11.102 [pool-2-thread-1] DEBUG net.thucydides.core.steps.StepInterceptor - STEP DONE: Create transaction with valid path
  &amp#27;[32mGiven &amp#27;[0m&amp#27;[32muser create transaction with valid json&amp#27;[0m                                   &amp#27;[90m# bengCall.user.TransactionCustomerStepdefs.userCreateTransactionWithValidJson()&amp#27;[0m
  &amp#27;[32mWhen &amp#27;[0m&amp#27;[32mSend request valid path transaction&amp#27;[0m                                        &amp#27;[90m# bengCall.user.TransactionCustomerStepdefs.sendRequestValidPathTransaction()&amp#27;[0m
  &amp#27;[32mThen &amp#27;[0m&amp#27;[32mStatus code &amp#27;[0m&amp#27;[32m&amp#27;[1m201&amp#27;[0m&amp#27;[32m Created&amp#27;[0m                                                    &amp#27;[90m# bengCall.user.TransactionCustomerStepdefs.statusCodeCreated(int)&amp#27;[0m
  &amp#27;[32mAnd &amp#27;[0m&amp#27;[32mresponse body valid path transaction massage &amp#27;[0m&amp#27;[32m&amp#27;[1m"Success creating new service"&amp#27;[0m &amp#27;[90m# bengCall.user.TransactionCustomerStepdefs.responseBodyValidPathTransactionMassage(java.lang.String)&amp#27;[0m
  &amp#27;[32mAnd &amp#27;[0m&amp#27;[32mValidation Transaction valid path&amp#27;[0m                                           &amp#27;[90m# bengCall.user.TransactionCustomerStepdefs.validationTransactionValidPath()&amp#27;[0m
00:21:12.167 [pool-2-thread-1] INFO  - 
  _____   ___   ___   _____     ___     _     ___   ___   ___   ___  
 |_   _| | __| / __| |_   _|   | _ \   /_\   / __| / __| | __| |   \ 
   | |   | _|  \__ \   | |     |  _/  / _ \  \__ \ \__ \ | _|  | |) |
   |_|   |___| |___/   |_|     |_|   /_/ \_\ |___/ |___/ |___| |___/ 

Transaction user with valid path
----------------------------------------------------------------------
]]></system-out>
  </testcase>
  <testcase name="Transaction user with invalid path" classname="Transaction user" time="0.202">
    <system-out><![CDATA[
@TransactionUser @POSTTransactionNegative
Scenario: Transaction user with invalid path                        &amp#27;[90m# features/Bengcall/User/TransactionUser.feature:13&amp#27;[0m
00:21:12.173 [pool-2-thread-1] INFO io.cucumber.core.plugin.SerenityReporter - Running feature from classpath:features/Bengcall/User/TransactionUser.feature
00:21:12.176 [pool-2-thread-1] INFO  - 
  _____   ___   ___   _____     ___   _____     _     ___   _____   ___   ___  
 |_   _| | __| / __| |_   _|   / __| |_   _|   /_\   | _ \ |_   _| | __| |   \ 
   | |   | _|  \__ \   | |     \__ \   | |    / _ \  |   /   | |   | _|  | |) |
   |_|   |___| |___/   |_|     |___/   |_|   /_/ \_\ |_|_\   |_|   |___| |___/ 

Transaction user with invalid path(transaction-user;transaction-user-with-invalid-path)
--------------------------------------------------------------------------------
00:21:12.185 [pool-2-thread-1] DEBUG net.thucydides.core.steps.StepInterceptor - STARTING STEP: TransactionCustomerStepdefs.userCreateTransactionWithValidJson - Create transaction with valid path
00:21:12.188 [pool-2-thread-1] DEBUG net.thucydides.core.steps.StepInterceptor - STEP DONE: Create transaction with valid path
  &amp#27;[32mGiven &amp#27;[0m&amp#27;[32muser create transaction with valid json&amp#27;[0m                     &amp#27;[90m# bengCall.user.TransactionCustomerStepdefs.userCreateTransactionWithValidJson()&amp#27;[0m
  &amp#27;[32mWhen &amp#27;[0m&amp#27;[32mSend request invalid path transaction user&amp#27;[0m                   &amp#27;[90m# bengCall.user.TransactionCustomerStepdefs.sendRequestInvalidPathTransactionUser()&amp#27;[0m
  &amp#27;[32mThen &amp#27;[0m&amp#27;[32mStatus code &amp#27;[0m&amp#27;[32m&amp#27;[1m404&amp#27;[0m&amp#27;[32m not found&amp#27;[0m                                    &amp#27;[90m# bengCall.admin.LoginAdminStepdefs.statusCodeNotFound(int)&amp#27;[0m
  &amp#27;[32mAnd &amp#27;[0m&amp#27;[32minvalid path Response body should contain massage &amp#27;[0m&amp#27;[32m&amp#27;[1m"Not Found"&amp#27;[0m &amp#27;[90m# bengCall.admin.LoginAdminStepdefs.invalidPathResponseBodyShouldContainMassage(java.lang.String)&amp#27;[0m
  &amp#27;[32mAnd &amp#27;[0m&amp#27;[32mvalidation invalid path transaction user&amp#27;[0m                      &amp#27;[90m# bengCall.user.TransactionCustomerStepdefs.validationInvalidPathTransactionUser()&amp#27;[0m
00:21:12.368 [pool-2-thread-1] INFO  - 
  _____   ___   ___   _____     ___     _     ___   ___   ___   ___  
 |_   _| | __| / __| |_   _|   | _ \   /_\   / __| / __| | __| |   \ 
   | |   | _|  \__ \   | |     |  _/  / _ \  \__ \ \__ \ | _|  | |) |
   |_|   |___| |___/   |_|     |_|   /_/ \_\ |___/ |___/ |___| |___/ 

Transaction user with invalid path
----------------------------------------------------------------------
]]></system-out>
  </testcase>
  <testcase name="Transaction user with invalid location id" classname="Transaction user" time="1.039">
    <system-out><![CDATA[
@TransactionUser @POSTTransactionNegative
Scenario: Transaction user with invalid location id                                 &amp#27;[90m# features/Bengcall/User/TransactionUser.feature:21&amp#27;[0m
00:21:12.375 [pool-2-thread-1] INFO io.cucumber.core.plugin.SerenityReporter - Running feature from classpath:features/Bengcall/User/TransactionUser.feature
00:21:12.378 [pool-2-thread-1] INFO  - 
  _____   ___   ___   _____     ___   _____     _     ___   _____   ___   ___  
 |_   _| | __| / __| |_   _|   / __| |_   _|   /_\   | _ \ |_   _| | __| |   \ 
   | |   | _|  \__ \   | |     \__ \   | |    / _ \  |   /   | |   | _|  | |) |
   |_|   |___| |___/   |_|     |___/   |_|   /_/ \_\ |_|_\   |_|   |___| |___/ 

Transaction user with invalid location id(transaction-user;transaction-user-with-invalid-location-id)
--------------------------------------------------------------------------------
00:21:12.387 [pool-2-thread-1] DEBUG net.thucydides.core.steps.StepInterceptor - STARTING STEP: TransactionCustomerStepdefs.userCreateTransactionWithInvalidLocationId - Create transaction with invalid location id
00:21:12.389 [pool-2-thread-1] DEBUG net.thucydides.core.steps.StepInterceptor - STEP DONE: Create transaction with invalid location id
  &amp#27;[32mGiven &amp#27;[0m&amp#27;[32muser create transaction with invalid location id&amp#27;[0m                            &amp#27;[90m# bengCall.user.TransactionCustomerStepdefs.userCreateTransactionWithInvalidLocationId()&amp#27;[0m
  &amp#27;[32mWhen &amp#27;[0m&amp#27;[32mSend request valid path transaction&amp#27;[0m                                          &amp#27;[90m# bengCall.user.TransactionCustomerStepdefs.sendRequestValidPathTransaction()&amp#27;[0m
  &amp#27;[32mThen &amp#27;[0m&amp#27;[32mStatus code &amp#27;[0m&amp#27;[32m&amp#27;[1m201&amp#27;[0m&amp#27;[32m Created&amp#27;[0m                                                      &amp#27;[90m# bengCall.user.TransactionCustomerStepdefs.statusCodeCreated(int)&amp#27;[0m
  &amp#27;[32mAnd &amp#27;[0m&amp#27;[32mresponse body with invalid location id massage &amp#27;[0m&amp#27;[32m&amp#27;[1m"Success creating new service"&amp#27;[0m &amp#27;[90m# bengCall.user.TransactionCustomerStepdefs.responseBodyWithInvalidLocationIdMassage(java.lang.String)&amp#27;[0m
  &amp#27;[32mAnd &amp#27;[0m&amp#27;[32mValidation Transaction with invalid location id&amp#27;[0m                               &amp#27;[90m# bengCall.user.TransactionCustomerStepdefs.validationTransactionWithInvalidLocationId()&amp#27;[0m
00:21:13.407 [pool-2-thread-1] INFO  - 
  _____   ___   ___   _____     ___     _     ___   ___   ___   ___  
 |_   _| | __| / __| |_   _|   | _ \   /_\   / __| / __| | __| |   \ 
   | |   | _|  \__ \   | |     |  _/  / _ \  \__ \ \__ \ | _|  | |) |
   |_|   |___| |___/   |_|     |_|   /_/ \_\ |___/ |___/ |___| |___/ 

Transaction user with invalid location id
----------------------------------------------------------------------
]]></system-out>
  </testcase>
  <testcase name="Transaction user with invalid vehicle id" classname="Transaction user" time="1.025">
    <system-out><![CDATA[
@TransactionUser @POSTTransactionNegative
Scenario: Transaction user with invalid vehicle id                                 &amp#27;[90m# features/Bengcall/User/TransactionUser.feature:29&amp#27;[0m
00:21:13.414 [pool-2-thread-1] INFO io.cucumber.core.plugin.SerenityReporter - Running feature from classpath:features/Bengcall/User/TransactionUser.feature
00:21:13.416 [pool-2-thread-1] INFO  - 
  _____   ___   ___   _____     ___   _____     _     ___   _____   ___   ___  
 |_   _| | __| / __| |_   _|   / __| |_   _|   /_\   | _ \ |_   _| | __| |   \ 
   | |   | _|  \__ \   | |     \__ \   | |    / _ \  |   /   | |   | _|  | |) |
   |_|   |___| |___/   |_|     |___/   |_|   /_/ \_\ |_|_\   |_|   |___| |___/ 

Transaction user with invalid vehicle id(transaction-user;transaction-user-with-invalid-vehicle-id)
--------------------------------------------------------------------------------
00:21:13.426 [pool-2-thread-1] DEBUG net.thucydides.core.steps.StepInterceptor - STARTING STEP: TransactionCustomerStepdefs.userCreateTransactionWithInvalidVehicleId - Create transaction with invalid vehicle id
00:21:13.428 [pool-2-thread-1] DEBUG net.thucydides.core.steps.StepInterceptor - STEP DONE: Create transaction with invalid vehicle id
  &amp#27;[32mGiven &amp#27;[0m&amp#27;[32muser create transaction with invalid vehicle id&amp#27;[0m                            &amp#27;[90m# bengCall.user.TransactionCustomerStepdefs.userCreateTransactionWithInvalidVehicleId()&amp#27;[0m
  &amp#27;[32mWhen &amp#27;[0m&amp#27;[32mSend request valid path transaction&amp#27;[0m                                         &amp#27;[90m# bengCall.user.TransactionCustomerStepdefs.sendRequestValidPathTransaction()&amp#27;[0m
  &amp#27;[32mThen &amp#27;[0m&amp#27;[32mStatus code &amp#27;[0m&amp#27;[32m&amp#27;[1m201&amp#27;[0m&amp#27;[32m Created&amp#27;[0m                                                     &amp#27;[90m# bengCall.user.TransactionCustomerStepdefs.statusCodeCreated(int)&amp#27;[0m
  &amp#27;[32mAnd &amp#27;[0m&amp#27;[32mresponse body with invalid vehicle id massage &amp#27;[0m&amp#27;[32m&amp#27;[1m"Success creating new service"&amp#27;[0m &amp#27;[90m# bengCall.user.TransactionCustomerStepdefs.responseBodyWithInvalidVehicleIdMassage(java.lang.String)&amp#27;[0m
  &amp#27;[32mAnd &amp#27;[0m&amp#27;[32mValidation Transaction with invalid vehicle id&amp#27;[0m                               &amp#27;[90m# bengCall.user.TransactionCustomerStepdefs.validationTransactionWithInvalidVehicleId()&amp#27;[0m
00:21:14.433 [pool-2-thread-1] INFO  - 
  _____   ___   ___   _____     ___     _     ___   ___   ___   ___  
 |_   _| | __| / __| |_   _|   | _ \   /_\   / __| / __| | __| |   \ 
   | |   | _|  \__ \   | |     |  _/  / _ \  \__ \ \__ \ | _|  | |) |
   |_|   |___| |___/   |_|     |_|   /_/ \_\ |___/ |___/ |___| |___/ 

Transaction user with invalid vehicle id
----------------------------------------------------------------------
]]></system-out>
  </testcase>
  <testcase name="Transaction user with invalid service id" classname="Transaction user" time="1.021">
    <system-out><![CDATA[
@TransactionUser @POSTTransactionNegative
Scenario: Transaction user with invalid service id                                 &amp#27;[90m# features/Bengcall/User/TransactionUser.feature:37&amp#27;[0m
00:21:14.440 [pool-2-thread-1] INFO io.cucumber.core.plugin.SerenityReporter - Running feature from classpath:features/Bengcall/User/TransactionUser.feature
00:21:14.442 [pool-2-thread-1] INFO  - 
  _____   ___   ___   _____     ___   _____     _     ___   _____   ___   ___  
 |_   _| | __| / __| |_   _|   / __| |_   _|   /_\   | _ \ |_   _| | __| |   \ 
   | |   | _|  \__ \   | |     \__ \   | |    / _ \  |   /   | |   | _|  | |) |
   |_|   |___| |___/   |_|     |___/   |_|   /_/ \_\ |_|_\   |_|   |___| |___/ 

Transaction user with invalid service id(transaction-user;transaction-user-with-invalid-service-id)
--------------------------------------------------------------------------------
00:21:14.475 [pool-2-thread-1] DEBUG net.thucydides.core.steps.StepInterceptor - STARTING STEP: TransactionCustomerStepdefs.userCreateTransactionWithInvalidServiceId - Create transaction with invalid service id
00:21:14.476 [pool-2-thread-1] DEBUG net.thucydides.core.steps.StepInterceptor - STEP DONE: Create transaction with invalid service id
  &amp#27;[32mGiven &amp#27;[0m&amp#27;[32muser create transaction with invalid service id&amp#27;[0m                            &amp#27;[90m# bengCall.user.TransactionCustomerStepdefs.userCreateTransactionWithInvalidServiceId()&amp#27;[0m
  &amp#27;[32mWhen &amp#27;[0m&amp#27;[32mSend request valid path transaction&amp#27;[0m                                         &amp#27;[90m# bengCall.user.TransactionCustomerStepdefs.sendRequestValidPathTransaction()&amp#27;[0m
  &amp#27;[32mThen &amp#27;[0m&amp#27;[32mStatus code &amp#27;[0m&amp#27;[32m&amp#27;[1m201&amp#27;[0m&amp#27;[32m Created&amp#27;[0m                                                     &amp#27;[90m# bengCall.user.TransactionCustomerStepdefs.statusCodeCreated(int)&amp#27;[0m
  &amp#27;[32mAnd &amp#27;[0m&amp#27;[32mresponse body with invalid service id massage &amp#27;[0m&amp#27;[32m&amp#27;[1m"Success creating new service"&amp#27;[0m &amp#27;[90m# bengCall.user.TransactionCustomerStepdefs.responseBodyWithInvalidServiceIdMassage(java.lang.String)&amp#27;[0m
  &amp#27;[32mAnd &amp#27;[0m&amp#27;[32mValidation Transaction with invalid service id&amp#27;[0m                               &amp#27;[90m# bengCall.user.TransactionCustomerStepdefs.validationTransactionWithInvalidServiceId()&amp#27;[0m
00:21:15.453 [pool-2-thread-1] INFO  - 
  _____   ___   ___   _____     ___     _     ___   ___   ___   ___  
 |_   _| | __| / __| |_   _|   | _ \   /_\   / __| / __| | __| |   \ 
   | |   | _|  \__ \   | |     |  _/  / _ \  \__ \ \__ \ | _|  | |) |
   |_|   |___| |___/   |_|     |_|   /_/ \_\ |___/ |___/ |___| |___/ 

Transaction user with invalid service id
----------------------------------------------------------------------
]]></system-out>
  </testcase>
  <testcase name="Transaction user without date" classname="Transaction user" time="0.162">
    <system-out><![CDATA[
@TransactionUser @POSTTransactionNegative
Scenario: Transaction user without date                        &amp#27;[90m# features/Bengcall/User/TransactionUser.feature:45&amp#27;[0m
00:21:15.461 [pool-2-thread-1] INFO io.cucumber.core.plugin.SerenityReporter - Running feature from classpath:features/Bengcall/User/TransactionUser.feature
00:21:15.464 [pool-2-thread-1] INFO  - 
  _____   ___   ___   _____     ___   _____     _     ___   _____   ___   ___  
 |_   _| | __| / __| |_   _|   / __| |_   _|   /_\   | _ \ |_   _| | __| |   \ 
   | |   | _|  \__ \   | |     \__ \   | |    / _ \  |   /   | |   | _|  | |) |
   |_|   |___| |___/   |_|     |___/   |_|   /_/ \_\ |_|_\   |_|   |___| |___/ 

Transaction user without date(transaction-user;transaction-user-without-date)
--------------------------------------------------------------------------------
00:21:15.472 [pool-2-thread-1] DEBUG net.thucydides.core.steps.StepInterceptor - STARTING STEP: TransactionCustomerStepdefs.userCreateTransactionWithoutDate - Create transaction without date
00:21:15.473 [pool-2-thread-1] DEBUG net.thucydides.core.steps.StepInterceptor - STEP DONE: Create transaction without date
  &amp#27;[32mGiven &amp#27;[0m&amp#27;[32muser create transaction without date&amp#27;[0m                   &amp#27;[90m# bengCall.user.TransactionCustomerStepdefs.userCreateTransactionWithoutDate()&amp#27;[0m
  &amp#27;[32mWhen &amp#27;[0m&amp#27;[32mSend request valid path transaction&amp#27;[0m                     &amp#27;[90m# bengCall.user.TransactionCustomerStepdefs.sendRequestValidPathTransaction()&amp#27;[0m
  &amp#27;[32mThen &amp#27;[0m&amp#27;[32mStatus code &amp#27;[0m&amp#27;[32m&amp#27;[1m400&amp#27;[0m&amp#27;[32m not found&amp#27;[0m                               &amp#27;[90m# bengCall.admin.LoginAdminStepdefs.statusCodeNotFound(int)&amp#27;[0m
  &amp#27;[32mAnd &amp#27;[0m&amp#27;[32mresponse body without date massage &amp#27;[0m&amp#27;[32m&amp#27;[1m"there's input empty"&amp#27;[0m &amp#27;[90m# bengCall.user.TransactionCustomerStepdefs.responseBodyWithoutDateMassage(java.lang.String)&amp#27;[0m
  &amp#27;[32mAnd &amp#27;[0m&amp#27;[32mValidation Transaction without date&amp#27;[0m                      &amp#27;[90m# bengCall.user.TransactionCustomerStepdefs.validationTransactionWithoutDate()&amp#27;[0m
00:21:15.615 [pool-2-thread-1] INFO  - 
  _____   ___   ___   _____     ___     _     ___   ___   ___   ___  
 |_   _| | __| / __| |_   _|   | _ \   /_\   / __| / __| | __| |   \ 
   | |   | _|  \__ \   | |     |  _/  / _ \  \__ \ \__ \ | _|  | |) |
   |_|   |___| |___/   |_|     |_|   /_/ \_\ |___/ |___/ |___| |___/ 

Transaction user without date
----------------------------------------------------------------------
]]></system-out>
  </testcase>
  <testcase name="Transaction user without phone number" classname="Transaction user" time="0.172">
    <system-out><![CDATA[
@TransactionUser @POSTTransactionNegative
Scenario: Transaction user without phone number                        &amp#27;[90m# features/Bengcall/User/TransactionUser.feature:53&amp#27;[0m
00:21:15.625 [pool-2-thread-1] INFO io.cucumber.core.plugin.SerenityReporter - Running feature from classpath:features/Bengcall/User/TransactionUser.feature
00:21:15.628 [pool-2-thread-1] INFO  - 
  _____   ___   ___   _____     ___   _____     _     ___   _____   ___   ___  
 |_   _| | __| / __| |_   _|   / __| |_   _|   /_\   | _ \ |_   _| | __| |   \ 
   | |   | _|  \__ \   | |     \__ \   | |    / _ \  |   /   | |   | _|  | |) |
   |_|   |___| |___/   |_|     |___/   |_|   /_/ \_\ |_|_\   |_|   |___| |___/ 

Transaction user without phone number(transaction-user;transaction-user-without-phone-number)
--------------------------------------------------------------------------------
00:21:15.639 [pool-2-thread-1] DEBUG net.thucydides.core.steps.StepInterceptor - STARTING STEP: TransactionCustomerStepdefs.userCreateTransactionWithoutPhoneNumber - Create transaction without phone number
00:21:15.640 [pool-2-thread-1] DEBUG net.thucydides.core.steps.StepInterceptor - STEP DONE: Create transaction without phone number
  &amp#27;[32mGiven &amp#27;[0m&amp#27;[32muser create transaction without phone number&amp#27;[0m                   &amp#27;[90m# bengCall.user.TransactionCustomerStepdefs.userCreateTransactionWithoutPhoneNumber()&amp#27;[0m
  &amp#27;[32mWhen &amp#27;[0m&amp#27;[32mSend request valid path transaction&amp#27;[0m                             &amp#27;[90m# bengCall.user.TransactionCustomerStepdefs.sendRequestValidPathTransaction()&amp#27;[0m
  &amp#27;[32mThen &amp#27;[0m&amp#27;[32mStatus code &amp#27;[0m&amp#27;[32m&amp#27;[1m400&amp#27;[0m&amp#27;[32m not found&amp#27;[0m                                       &amp#27;[90m# bengCall.admin.LoginAdminStepdefs.statusCodeNotFound(int)&amp#27;[0m
  &amp#27;[32mAnd &amp#27;[0m&amp#27;[32mresponse body without phone number massage &amp#27;[0m&amp#27;[32m&amp#27;[1m"there's input empty"&amp#27;[0m &amp#27;[90m# bengCall.user.TransactionCustomerStepdefs.responseBodyWithoutPhoneNumberMassage(java.lang.String)&amp#27;[0m
  &amp#27;[32mAnd &amp#27;[0m&amp#27;[32mValidation Transaction without phone number&amp#27;[0m                      &amp#27;[90m# bengCall.user.TransactionCustomerStepdefs.validationTransactionWithoutPhoneNumber()&amp#27;[0m
00:21:15.787 [pool-2-thread-1] INFO  - 
  _____   ___   ___   _____     ___     _     ___   ___   ___   ___  
 |_   _| | __| / __| |_   _|   | _ \   /_\   / __| / __| | __| |   \ 
   | |   | _|  \__ \   | |     |  _/  / _ \  \__ \ \__ \ | _|  | |) |
   |_|   |___| |___/   |_|     |_|   /_/ \_\ |___/ |___/ |___| |___/ 

Transaction user without phone number
----------------------------------------------------------------------
]]></system-out>
  </testcase>
  <testcase name="Transaction user without Address" classname="Transaction user" time="0.179">
    <system-out><![CDATA[
@TransactionUser @POSTTransactionNegative
Scenario: Transaction user without Address                        &amp#27;[90m# features/Bengcall/User/TransactionUser.feature:61&amp#27;[0m
00:21:15.794 [pool-2-thread-1] INFO io.cucumber.core.plugin.SerenityReporter - Running feature from classpath:features/Bengcall/User/TransactionUser.feature
00:21:15.797 [pool-2-thread-1] INFO  - 
  _____   ___   ___   _____     ___   _____     _     ___   _____   ___   ___  
 |_   _| | __| / __| |_   _|   / __| |_   _|   /_\   | _ \ |_   _| | __| |   \ 
   | |   | _|  \__ \   | |     \__ \   | |    / _ \  |   /   | |   | _|  | |) |
   |_|   |___| |___/   |_|     |___/   |_|   /_/ \_\ |_|_\   |_|   |___| |___/ 

Transaction user without Address(transaction-user;transaction-user-without-address)
--------------------------------------------------------------------------------
00:21:15.805 [pool-2-thread-1] DEBUG net.thucydides.core.steps.StepInterceptor - STARTING STEP: TransactionCustomerStepdefs.userCreateTransactionWithoutAddress - Create transaction without address
00:21:15.806 [pool-2-thread-1] DEBUG net.thucydides.core.steps.StepInterceptor - STEP DONE: Create transaction without address
  &amp#27;[32mGiven &amp#27;[0m&amp#27;[32muser create transaction without address&amp#27;[0m                   &amp#27;[90m# bengCall.user.TransactionCustomerStepdefs.userCreateTransactionWithoutAddress()&amp#27;[0m
  &amp#27;[32mWhen &amp#27;[0m&amp#27;[32mSend request valid path transaction&amp#27;[0m                        &amp#27;[90m# bengCall.user.TransactionCustomerStepdefs.sendRequestValidPathTransaction()&amp#27;[0m
  &amp#27;[32mThen &amp#27;[0m&amp#27;[32mStatus code &amp#27;[0m&amp#27;[32m&amp#27;[1m400&amp#27;[0m&amp#27;[32m not found&amp#27;[0m                                  &amp#27;[90m# bengCall.admin.LoginAdminStepdefs.statusCodeNotFound(int)&amp#27;[0m
  &amp#27;[32mAnd &amp#27;[0m&amp#27;[32mresponse body without address massage &amp#27;[0m&amp#27;[32m&amp#27;[1m"there's input empty"&amp#27;[0m &amp#27;[90m# bengCall.user.TransactionCustomerStepdefs.responseBodyWithoutAddressMassage(java.lang.String)&amp#27;[0m
  &amp#27;[32mAnd &amp#27;[0m&amp#27;[32mValidation Transaction without address&amp#27;[0m                      &amp#27;[90m# bengCall.user.TransactionCustomerStepdefs.validationTransactionWithoutAddress()&amp#27;[0m
00:21:15.966 [pool-2-thread-1] INFO  - 
  _____   ___   ___   _____     ___     _     ___   ___   ___   ___  
 |_   _| | __| / __| |_   _|   | _ \   /_\   / __| / __| | __| |   \ 
   | |   | _|  \__ \   | |     |  _/  / _ \  \__ \ \__ \ | _|  | |) |
   |_|   |___| |___/   |_|     |_|   /_/ \_\ |___/ |___/ |___| |___/ 

Transaction user without Address
----------------------------------------------------------------------
]]></system-out>
  </testcase>
  <testcase name="Get on going Transaction with valid parameter and valid token" classname="Transaction user" time="0.171">
    <system-out><![CDATA[
@TransactionUser @GETTransactionPositive
Scenario: Get on going Transaction with valid parameter and valid token                                &amp#27;[90m# features/Bengcall/User/TransactionUser.feature:69&amp#27;[0m
00:21:15.973 [pool-2-thread-1] INFO io.cucumber.core.plugin.SerenityReporter - Running feature from classpath:features/Bengcall/User/TransactionUser.feature
00:21:15.975 [pool-2-thread-1] INFO  - 
  _____   ___   ___   _____     ___   _____     _     ___   _____   ___   ___  
 |_   _| | __| / __| |_   _|   / __| |_   _|   /_\   | _ \ |_   _| | __| |   \ 
   | |   | _|  \__ \   | |     \__ \   | |    / _ \  |   /   | |   | _|  | |) |
   |_|   |___| |___/   |_|     |___/   |_|   /_/ \_\ |_|_\   |_|   |___| |___/ 

Get on going Transaction with valid parameter and valid token(transaction-user;get-on-going-transaction-with-valid-parameter-and-valid-token)
--------------------------------------------------------------------------------
00:21:15.984 [pool-2-thread-1] DEBUG net.thucydides.core.steps.StepInterceptor - STARTING STEP: TransactionCustomerStepdefs.userGetOnGoingTransaction - Get on going transaction with valid parameter and valid token
00:21:15.985 [pool-2-thread-1] DEBUG net.thucydides.core.steps.StepInterceptor - STEP DONE: Get on going transaction with valid parameter and valid token
  &amp#27;[32mGiven &amp#27;[0m&amp#27;[32mUser get on going transaction&amp#27;[0m                                                                  &amp#27;[90m# bengCall.user.TransactionCustomerStepdefs.userGetOnGoingTransaction()&amp#27;[0m
  &amp#27;[32mWhen &amp#27;[0m&amp#27;[32msend request valid path ongoing transaction&amp#27;[0m                                                     &amp#27;[90m# bengCall.user.TransactionCustomerStepdefs.sendRequestValidPathOngoingTransaction()&amp#27;[0m
  &amp#27;[32mThen &amp#27;[0m&amp#27;[32mStatus code &amp#27;[0m&amp#27;[32m&amp#27;[1m200&amp#27;[0m&amp#27;[32m OK&amp#27;[0m                                                                              &amp#27;[90m# bengCall.user.ServiceVehicleStepdefs.statusCodeOK(int)&amp#27;[0m
  &amp#27;[32mAnd &amp#27;[0m&amp#27;[32mresponse body on going transaction massage &amp#27;[0m&amp#27;[32m&amp#27;[1m"Success get my transaction"&amp#27;[0m&amp#27;[32m, id &amp#27;[0m&amp#27;[32m&amp#27;[1m414&amp#27;[0m&amp#27;[32m and invoice &amp#27;[0m&amp#27;[32m&amp#27;[1m3421&amp#27;[0m &amp#27;[90m# bengCall.user.TransactionCustomerStepdefs.responseBodyOnGoingTransactionMassageIdAndInvoice(java.lang.String,int,int)&amp#27;[0m
  &amp#27;[32mAnd &amp#27;[0m&amp#27;[32mValidation on going transaction&amp#27;[0m                                                                  &amp#27;[90m# bengCall.user.TransactionCustomerStepdefs.validationOnGoingTransaction()&amp#27;[0m
00:21:16.137 [pool-2-thread-1] INFO  - 
  _____   ___   ___   _____     ___     _     ___   ___   ___   ___  
 |_   _| | __| / __| |_   _|   | _ \   /_\   / __| / __| | __| |   \ 
   | |   | _|  \__ \   | |     |  _/  / _ \  \__ \ \__ \ | _|  | |) |
   |_|   |___| |___/   |_|     |_|   /_/ \_\ |___/ |___/ |___| |___/ 

Get on going Transaction with valid parameter and valid token
----------------------------------------------------------------------
]]></system-out>
  </testcase>
  <testcase name="Get on going Transaction with invalid parameter" classname="Transaction user" time="0.153">
    <system-out><![CDATA[
@TransactionUser @GETTransactionNegative
Scenario: Get on going Transaction with invalid parameter                       &amp#27;[90m# features/Bengcall/User/TransactionUser.feature:77&amp#27;[0m
00:21:16.143 [pool-2-thread-1] INFO io.cucumber.core.plugin.SerenityReporter - Running feature from classpath:features/Bengcall/User/TransactionUser.feature
00:21:16.147 [pool-2-thread-1] INFO  - 
  _____   ___   ___   _____     ___   _____     _     ___   _____   ___   ___  
 |_   _| | __| / __| |_   _|   / __| |_   _|   /_\   | _ \ |_   _| | __| |   \ 
   | |   | _|  \__ \   | |     \__ \   | |    / _ \  |   /   | |   | _|  | |) |
   |_|   |___| |___/   |_|     |___/   |_|   /_/ \_\ |_|_\   |_|   |___| |___/ 

Get on going Transaction with invalid parameter(transaction-user;get-on-going-transaction-with-invalid-parameter)
--------------------------------------------------------------------------------
00:21:16.155 [pool-2-thread-1] DEBUG net.thucydides.core.steps.StepInterceptor - STARTING STEP: TransactionCustomerStepdefs.userGetOnGoingTransactionWithInvalidId - Get on going transaction with invalid parameter id
00:21:16.156 [pool-2-thread-1] DEBUG net.thucydides.core.steps.StepInterceptor - STEP DONE: Get on going transaction with invalid parameter id
  &amp#27;[32mGiven &amp#27;[0m&amp#27;[32mUser get on going transaction with invalid id&amp#27;[0m                           &amp#27;[90m# bengCall.user.TransactionCustomerStepdefs.userGetOnGoingTransactionWithInvalidId()&amp#27;[0m
  &amp#27;[32mWhen &amp#27;[0m&amp#27;[32msend request invalid path ongoing transaction&amp#27;[0m                            &amp#27;[90m# bengCall.user.TransactionCustomerStepdefs.sendRequestInvalidPathOngoingTransaction()&amp#27;[0m
  &amp#27;[32mThen &amp#27;[0m&amp#27;[32mStatus code &amp#27;[0m&amp#27;[32m&amp#27;[1m500&amp#27;[0m&amp#27;[32m Internal Server Error&amp#27;[0m                                    &amp#27;[90m# bengCall.user.ServiceVehicleStepdefs.statusCodeInternalServerError(int)&amp#27;[0m
  &amp#27;[32mAnd &amp#27;[0m&amp#27;[32mresponse body on going transaction with invalid id massage &amp#27;[0m&amp#27;[32m&amp#27;[1m"id not valid"&amp#27;[0m &amp#27;[90m# bengCall.user.TransactionCustomerStepdefs.responseBodyOnGoingTransactionWithInvalidIdMassage(java.lang.String)&amp#27;[0m
  &amp#27;[32mAnd &amp#27;[0m&amp#27;[32mValidation on going transaction with invalid parameter id&amp#27;[0m                 &amp#27;[90m# bengCall.user.TransactionCustomerStepdefs.validationOnGoingTransactionWithInvalidParameterId()&amp#27;[0m
00:21:16.290 [pool-2-thread-1] INFO  - 
  _____   ___   ___   _____     ___     _     ___   ___   ___   ___  
 |_   _| | __| / __| |_   _|   | _ \   /_\   / __| / __| | __| |   \ 
   | |   | _|  \__ \   | |     |  _/  / _ \  \__ \ \__ \ | _|  | |) |
   |_|   |___| |___/   |_|     |_|   /_/ \_\ |___/ |___/ |___| |___/ 

Get on going Transaction with invalid parameter
----------------------------------------------------------------------
]]></system-out>
  </testcase>
  <testcase name="Get on going Transaction with invalid token" classname="Transaction user" time="0.147">
    <system-out><![CDATA[
@TransactionUser @GETTransactionNegative
Scenario: Get on going Transaction with invalid token                                        &amp#27;[90m# features/Bengcall/User/TransactionUser.feature:85&amp#27;[0m
00:21:16.297 [pool-2-thread-1] INFO io.cucumber.core.plugin.SerenityReporter - Running feature from classpath:features/Bengcall/User/TransactionUser.feature
00:21:16.299 [pool-2-thread-1] INFO  - 
  _____   ___   ___   _____     ___   _____     _     ___   _____   ___   ___  
 |_   _| | __| / __| |_   _|   / __| |_   _|   /_\   | _ \ |_   _| | __| |   \ 
   | |   | _|  \__ \   | |     \__ \   | |    / _ \  |   /   | |   | _|  | |) |
   |_|   |___| |___/   |_|     |___/   |_|   /_/ \_\ |_|_\   |_|   |___| |___/ 

Get on going Transaction with invalid token(transaction-user;get-on-going-transaction-with-invalid-token)
--------------------------------------------------------------------------------
00:21:16.308 [pool-2-thread-1] DEBUG net.thucydides.core.steps.StepInterceptor - STARTING STEP: TransactionCustomerStepdefs.userGetOnGoingTransactionWithInvalidToken - Get on going transaction with invalid token
00:21:16.309 [pool-2-thread-1] DEBUG net.thucydides.core.steps.StepInterceptor - STEP DONE: Get on going transaction with invalid token
  &amp#27;[32mGiven &amp#27;[0m&amp#27;[32mUser get on going transaction with invalid token&amp#27;[0m                                     &amp#27;[90m# bengCall.user.TransactionCustomerStepdefs.userGetOnGoingTransactionWithInvalidToken()&amp#27;[0m
  &amp#27;[32mWhen &amp#27;[0m&amp#27;[32msend request valid path ongoing transaction&amp#27;[0m                                           &amp#27;[90m# bengCall.user.TransactionCustomerStepdefs.sendRequestValidPathOngoingTransaction()&amp#27;[0m
  &amp#27;[32mThen &amp#27;[0m&amp#27;[32mStatus code &amp#27;[0m&amp#27;[32m&amp#27;[1m401&amp#27;[0m&amp#27;[32m Unauthorized&amp#27;[0m                                                          &amp#27;[90m# bengCall.user.ServiceVehicleStepdefs.statusCodeUnauthorized(int)&amp#27;[0m
  &amp#27;[32mAnd &amp#27;[0m&amp#27;[32mresponse body on going transaction with invalid token massage &amp#27;[0m&amp#27;[32m&amp#27;[1m"invalid or expired jwt"&amp#27;[0m &amp#27;[90m# bengCall.user.TransactionCustomerStepdefs.responseBodyOnGoingTransactionWithInvalidTokenMassage(java.lang.String)&amp#27;[0m
  &amp#27;[32mAnd &amp#27;[0m&amp#27;[32mValidation on going transaction with invalid token&amp#27;[0m                                     &amp#27;[90m# bengCall.user.TransactionCustomerStepdefs.validationOnGoingTransactionWithInvalidToken()&amp#27;[0m
00:21:16.437 [pool-2-thread-1] INFO  - 
  _____   ___   ___   _____     ___     _     ___   ___   ___   ___  
 |_   _| | __| / __| |_   _|   | _ \   /_\   / __| / __| | __| |   \ 
   | |   | _|  \__ \   | |     |  _/  / _ \  \__ \ \__ \ | _|  | |) |
   |_|   |___| |___/   |_|     |_|   /_/ \_\ |___/ |___/ |___| |___/ 

Get on going Transaction with invalid token
----------------------------------------------------------------------
]]></system-out>
  </testcase>
  <testcase name="Get detail transaction with valid parameter id" classname="Transaction user" time="0.204">
    <system-out><![CDATA[
@TransactionUser @GETTransactionPositive
Scenario: Get detail transaction with valid parameter id                             &amp#27;[90m# features/Bengcall/User/TransactionUser.feature:93&amp#27;[0m
00:21:16.446 [pool-2-thread-1] INFO io.cucumber.core.plugin.SerenityReporter - Running feature from classpath:features/Bengcall/User/TransactionUser.feature
00:21:16.450 [pool-2-thread-1] INFO  - 
  _____   ___   ___   _____     ___   _____     _     ___   _____   ___   ___  
 |_   _| | __| / __| |_   _|   / __| |_   _|   /_\   | _ \ |_   _| | __| |   \ 
   | |   | _|  \__ \   | |     \__ \   | |    / _ \  |   /   | |   | _|  | |) |
   |_|   |___| |___/   |_|     |___/   |_|   /_/ \_\ |_|_\   |_|   |___| |___/ 

Get detail transaction with valid parameter id(transaction-user;get-detail-transaction-with-valid-parameter-id)
--------------------------------------------------------------------------------
00:21:16.459 [pool-2-thread-1] DEBUG net.thucydides.core.steps.StepInterceptor - STARTING STEP: TransactionCustomerStepdefs.userGetDetailOnGoingTransactionWithValidId - Get detail transaction with valid parameter id
00:21:16.460 [pool-2-thread-1] DEBUG net.thucydides.core.steps.StepInterceptor - STEP DONE: Get detail transaction with valid parameter id
  &amp#27;[32mGiven &amp#27;[0m&amp#27;[32mUser get detail on going transaction with valid id &amp#27;[0m&amp#27;[32m&amp#27;[1m428&amp#27;[0m                       &amp#27;[90m# bengCall.user.TransactionCustomerStepdefs.userGetDetailOnGoingTransactionWithValidId(int)&amp#27;[0m
  &amp#27;[32mWhen &amp#27;[0m&amp#27;[32mSend request valid path detail transaction&amp#27;[0m                                    &amp#27;[90m# bengCall.user.TransactionCustomerStepdefs.sendRequestValidPathDetailTransaction()&amp#27;[0m
  &amp#27;[32mThen &amp#27;[0m&amp#27;[32mStatus code &amp#27;[0m&amp#27;[32m&amp#27;[1m200&amp#27;[0m&amp#27;[32m OK&amp#27;[0m                                                            &amp#27;[90m# bengCall.user.ServiceVehicleStepdefs.statusCodeOK(int)&amp#27;[0m
  &amp#27;[32mAnd &amp#27;[0m&amp#27;[32mresponse body data with valid id massage &amp#27;[0m&amp#27;[32m&amp#27;[1m"Success get detail transaction data"&amp#27;[0m &amp#27;[90m# bengCall.user.TransactionCustomerStepdefs.responseBodyDataWithValidIdMassage(java.lang.String)&amp#27;[0m
  &amp#27;[32mAnd &amp#27;[0m&amp#27;[32mValidation detail transaction with valid id&amp#27;[0m                                    &amp#27;[90m# bengCall.user.TransactionCustomerStepdefs.validationDetailTransactionWithValidId()&amp#27;[0m
00:21:16.641 [pool-2-thread-1] INFO  - 
  _____   ___   ___   _____     ___     _     ___   ___   ___   ___  
 |_   _| | __| / __| |_   _|   | _ \   /_\   / __| / __| | __| |   \ 
   | |   | _|  \__ \   | |     |  _/  / _ \  \__ \ \__ \ | _|  | |) |
   |_|   |___| |___/   |_|     |_|   /_/ \_\ |___/ |___/ |___| |___/ 

Get detail transaction with valid parameter id
----------------------------------------------------------------------
]]></system-out>
  </testcase>
  <testcase name="Get detail transaction with invalid parameter id" classname="Transaction user" time="0.163">
    <system-out><![CDATA[
@TransactionUser @GETTransactionPositive
Scenario: Get detail transaction with invalid parameter id                             &amp#27;[90m# features/Bengcall/User/TransactionUser.feature:101&amp#27;[0m
00:21:16.649 [pool-2-thread-1] INFO io.cucumber.core.plugin.SerenityReporter - Running feature from classpath:features/Bengcall/User/TransactionUser.feature
00:21:16.652 [pool-2-thread-1] INFO  - 
  _____   ___   ___   _____     ___   _____     _     ___   _____   ___   ___  
 |_   _| | __| / __| |_   _|   / __| |_   _|   /_\   | _ \ |_   _| | __| |   \ 
   | |   | _|  \__ \   | |     \__ \   | |    / _ \  |   /   | |   | _|  | |) |
   |_|   |___| |___/   |_|     |___/   |_|   /_/ \_\ |_|_\   |_|   |___| |___/ 

Get detail transaction with invalid parameter id(transaction-user;get-detail-transaction-with-invalid-parameter-id)
--------------------------------------------------------------------------------
00:21:16.663 [pool-2-thread-1] DEBUG net.thucydides.core.steps.StepInterceptor - STARTING STEP: TransactionCustomerStepdefs.sendRequestValidPathTransactionWithInvalidId - Get detail transaction with invalid parameter id
00:21:16.663 [pool-2-thread-1] DEBUG net.thucydides.core.steps.StepInterceptor - STEP DONE: Get detail transaction with invalid parameter id
  &amp#27;[32mGiven &amp#27;[0m&amp#27;[32mSend request valid path transaction with invalid id &amp#27;[0m&amp#27;[32m&amp#27;[1m700&amp#27;[0m                        &amp#27;[90m# bengCall.user.TransactionCustomerStepdefs.sendRequestValidPathTransactionWithInvalidId(int)&amp#27;[0m
  &amp#27;[32mWhen &amp#27;[0m&amp#27;[32mSend request valid path detail transaction&amp#27;[0m                                      &amp#27;[90m# bengCall.user.TransactionCustomerStepdefs.sendRequestValidPathDetailTransaction()&amp#27;[0m
  &amp#27;[32mThen &amp#27;[0m&amp#27;[32mStatus code &amp#27;[0m&amp#27;[32m&amp#27;[1m200&amp#27;[0m&amp#27;[32m OK&amp#27;[0m                                                              &amp#27;[90m# bengCall.user.ServiceVehicleStepdefs.statusCodeOK(int)&amp#27;[0m
  &amp#27;[32mAnd &amp#27;[0m&amp#27;[32mresponse body data with invalid id massage &amp#27;[0m&amp#27;[32m&amp#27;[1m"Success get detail transaction data"&amp#27;[0m &amp#27;[90m# bengCall.user.TransactionCustomerStepdefs.responseBodyDataWithInvalidIdMassage(java.lang.String)&amp#27;[0m
  &amp#27;[32mAnd &amp#27;[0m&amp#27;[32mValidation detail transaction with invalid id&amp#27;[0m                                    &amp#27;[90m# bengCall.user.TransactionCustomerStepdefs.validationDetailTransactionWithInvalidId()&amp#27;[0m
00:21:16.804 [pool-2-thread-1] INFO  - 
  _____   ___   ___   _____     ___     _     ___   ___   ___   ___  
 |_   _| | __| / __| |_   _|   | _ \   /_\   / __| / __| | __| |   \ 
   | |   | _|  \__ \   | |     |  _/  / _ \  \__ \ \__ \ | _|  | |) |
   |_|   |___| |___/   |_|     |_|   /_/ \_\ |___/ |___/ |___| |___/ 

Get detail transaction with invalid parameter id
----------------------------------------------------------------------
]]></system-out>
  </testcase>
  <testcase name="Get detail transaction with invalid token" classname="Transaction user" time="0.183">
    <system-out><![CDATA[
@TransactionUser @GETTransactionPositive
Scenario: Get detail transaction with invalid token                                       &amp#27;[90m# features/Bengcall/User/TransactionUser.feature:109&amp#27;[0m
00:21:16.810 [pool-2-thread-1] INFO io.cucumber.core.plugin.SerenityReporter - Running feature from classpath:features/Bengcall/User/TransactionUser.feature
00:21:16.812 [pool-2-thread-1] INFO  - 
  _____   ___   ___   _____     ___   _____     _     ___   _____   ___   ___  
 |_   _| | __| / __| |_   _|   / __| |_   _|   /_\   | _ \ |_   _| | __| |   \ 
   | |   | _|  \__ \   | |     \__ \   | |    / _ \  |   /   | |   | _|  | |) |
   |_|   |___| |___/   |_|     |___/   |_|   /_/ \_\ |_|_\   |_|   |___| |___/ 

Get detail transaction with invalid token(transaction-user;get-detail-transaction-with-invalid-token)
--------------------------------------------------------------------------------
00:21:16.821 [pool-2-thread-1] DEBUG net.thucydides.core.steps.StepInterceptor - STARTING STEP: TransactionCustomerStepdefs.userGetDetailOnGoingTransactionWithValidIdAndInvalidToken - Get detail transaction with invalid token
00:21:16.822 [pool-2-thread-1] DEBUG net.thucydides.core.steps.StepInterceptor - STEP DONE: Get detail transaction with invalid token
  &amp#27;[32mGiven &amp#27;[0m&amp#27;[32mUser get detail on going transaction with valid id &amp#27;[0m&amp#27;[32m&amp#27;[1m428&amp#27;[0m&amp#27;[32m and invalid token&amp#27;[0m          &amp#27;[90m# bengCall.user.TransactionCustomerStepdefs.userGetDetailOnGoingTransactionWithValidIdAndInvalidToken(int)&amp#27;[0m
  &amp#27;[32mWhen &amp#27;[0m&amp#27;[32mSend request valid path detail transaction&amp#27;[0m                                         &amp#27;[90m# bengCall.user.TransactionCustomerStepdefs.sendRequestValidPathDetailTransaction()&amp#27;[0m
  &amp#27;[32mThen &amp#27;[0m&amp#27;[32mStatus code &amp#27;[0m&amp#27;[32m&amp#27;[1m401&amp#27;[0m&amp#27;[32m Unauthorized&amp#27;[0m                                                       &amp#27;[90m# bengCall.user.ServiceVehicleStepdefs.statusCodeUnauthorized(int)&amp#27;[0m
  &amp#27;[32mAnd &amp#27;[0m&amp#27;[32mresponse get detail transaction with invalid token massage &amp#27;[0m&amp#27;[32m&amp#27;[1m"invalid or expired jwt"&amp#27;[0m &amp#27;[90m# bengCall.user.TransactionCustomerStepdefs.responseGetDetailTransactionWithInvalidTokenMassage(java.lang.String)&amp#27;[0m
  &amp#27;[32mAnd &amp#27;[0m&amp#27;[32mValidation detail transaction with invalid token&amp#27;[0m                                    &amp#27;[90m# bengCall.user.TransactionCustomerStepdefs.validationDetailTransactionWithInvalidToken()&amp#27;[0m
00:21:16.987 [pool-2-thread-1] INFO  - 
  _____   ___   ___   _____     ___     _     ___   ___   ___   ___  
 |_   _| | __| / __| |_   _|   | _ \   /_\   / __| / __| | __| |   \ 
   | |   | _|  \__ \   | |     |  _/  / _ \  \__ \ \__ \ | _|  | |) |
   |_|   |___| |___/   |_|     |_|   /_/ \_\ |___/ |___/ |___| |___/ 

Get detail transaction with invalid token
----------------------------------------------------------------------
]]></system-out>
  </testcase>
</testsuite>