<?xml version="1.0" encoding="UTF-8"?>
<testsuite xmlns:xsi="http://www.w3.org/2001/XMLSchema-instance" xsi:noNamespaceSchemaLocation="https://maven.apache.org/surefire/maven-failsafe-plugin/xsd/failsafe-test-report-3.0.xsd" version="3.0" name="Service vehicle customer" time="1.642" tests="9" errors="0" skipped="0" failures="0">
  <properties>
    <property name="sun.desktop" value="windows"/>
    <property name="awt.toolkit" value="sun.awt.windows.WToolkit"/>
    <property name="java.specification.version" value="11"/>
    <property name="sun.cpu.isalist" value="amd64"/>
    <property name="sun.jnu.encoding" value="Cp1252"/>
    <property name="java.class.path" value="C:\Users\syawa\API-Automate\target\test-classes;C:\Users\syawa\.m2\repository\ch\qos\logback\logback-classic\1.2.3\logback-classic-1.2.3.jar;C:\Users\syawa\.m2\repository\ch\qos\logback\logback-core\1.2.3\logback-core-1.2.3.jar;C:\Users\syawa\.m2\repository\org\slf4j\slf4j-api\1.7.25\slf4j-api-1.7.25.jar;C:\Users\syawa\.m2\repository\net\serenity-bdd\serenity-core\2.4.51\serenity-core-2.4.51.jar;C:\Users\syawa\.m2\repository\net\serenity-bdd\serenity-model\2.4.51\serenity-model-2.4.51.jar;C:\Users\syawa\.m2\repository\org\apache\commons\commons-text\1.9\commons-text-1.9.jar;C:\Users\syawa\.m2\repository\commons-net\commons-net\3.6\commons-net-3.6.jar;C:\Users\syawa\.m2\repository\com\google\guava\guava\30.1-jre\guava-30.1-jre.jar;C:\Users\syawa\.m2\repository\com\google\guava\failureaccess\1.0.1\failureaccess-1.0.1.jar;C:\Users\syawa\.m2\repository\com\google\guava\listenablefuture\9999.0-empty-to-avoid-conflict-with-guava\listenablefuture-9999.0-empty-to-avoid-conflict-with-guava.jar;C:\Users\syawa\.m2\repository\org\checkerframework\checker-qual\3.5.0\checker-qual-3.5.0.jar;C:\Users\syawa\.m2\repository\com\google\errorprone\error_prone_annotations\2.3.4\error_prone_annotations-2.3.4.jar;C:\Users\syawa\.m2\repository\com\google\j2objc\j2objc-annotations\1.3\j2objc-annotations-1.3.jar;C:\Users\syawa\.m2\repository\com\google\inject\guice\5.0.1\guice-5.0.1.jar;C:\Users\syawa\.m2\repository\javax\inject\javax.inject\1\javax.inject-1.jar;C:\Users\syawa\.m2\repository\aopalliance\aopalliance\1.0\aopalliance-1.0.jar;C:\Users\syawa\.m2\repository\org\jsoup\jsoup\1.13.1\jsoup-1.13.1.jar;C:\Users\syawa\.m2\repository\com\thoughtworks\xstream\xstream\1.4.17\xstream-1.4.17.jar;C:\Users\syawa\.m2\repository\io\github\x-stream\mxparser\1.2.1\mxparser-1.2.1.jar;C:\Users\syawa\.m2\repository\xmlpull\xmlpull\1.1.3.1\xmlpull-1.1.3.1.jar;C:\Users\syawa\.m2\repository\io\cucumber\cucumber-core\6.10.2\cucumber-core-6.10.2.jar;C:\Users\syawa\.m2\repository\io\cucumber\cucumber-gherkin\6.10.2\cucumber-gherkin-6.10.2.jar;C:\Users\syawa\.m2\repository\io\cucumber\cucumber-gherkin-messages\6.10.2\cucumber-gherkin-messages-6.10.2.jar;C:\Users\syawa\.m2\repository\io\cucumber\messages\14.0.1\messages-14.0.1.jar;C:\Users\syawa\.m2\repository\io\cucumber\tag-expressions\3.0.0\tag-expressions-3.0.0.jar;C:\Users\syawa\.m2\repository\io\cucumber\cucumber-expressions\10.3.0\cucumber-expressions-10.3.0.jar;C:\Users\syawa\.m2\repository\io\cucumber\cucumber-plugin\6.10.2\cucumber-plugin-6.10.2.jar;C:\Users\syawa\.m2\repository\io\cucumber\docstring\6.10.2\docstring-6.10.2.jar;C:\Users\syawa\.m2\repository\io\cucumber\html-formatter\12.0.0\html-formatter-12.0.0.jar;C:\Users\syawa\.m2\repository\io\cucumber\create-meta\3.0.0\create-meta-3.0.0.jar;C:\Users\syawa\.m2\repository\com\typesafe\config\1.3.1\config-1.3.1.jar;C:\Users\syawa\.m2\repository\org\imgscalr\imgscalr-lib\4.2\imgscalr-lib-4.2.jar;C:\Users\syawa\.m2\repository\org\awaitility\awaitility\4.0.3\awaitility-4.0.3.jar;C:\Users\syawa\.m2\repository\org\freemarker\freemarker\2.3.29\freemarker-2.3.29.jar;C:\Users\syawa\.m2\repository\net\sourceforge\jexcelapi\jxl\2.6.12\jxl-2.6.12.jar;C:\Users\syawa\.m2\repository\org\asciidoctor\asciidoctorj\2.5.1\asciidoctorj-2.5.1.jar;C:\Users\syawa\.m2\repository\org\asciidoctor\asciidoctorj-api\2.5.1\asciidoctorj-api-2.5.1.jar;C:\Users\syawa\.m2\repository\org\jruby\jruby\9.2.17.0\jruby-9.2.17.0.jar;C:\Users\syawa\.m2\repository\org\jruby\jruby-core\9.2.17.0\jruby-core-9.2.17.0.jar;C:\Users\syawa\.m2\repository\com\github\jnr\jnr-netdb\1.2.0\jnr-netdb-1.2.0.jar;C:\Users\syawa\.m2\repository\com\github\jnr\jnr-enxio\0.32.3\jnr-enxio-0.32.3.jar;C:\Users\syawa\.m2\repository\com\github\jnr\jnr-unixsocket\0.38.5\jnr-unixsocket-0.38.5.jar;C:\Users\syawa\.m2\repository\com\github\jnr\jnr-posix\3.1.4\jnr-posix-3.1.4.jar;C:\Users\syawa\.m2\repository\com\github\jnr\jnr-constants\0.10.1\jnr-constants-0.10.1.jar;C:\Users\syawa\.m2\repository\com\github\jnr\jffi\1.3.1\jffi-1.3.1.jar;C:\Users\syawa\.m2\repository\com\github\jnr\jffi\1.3.1\jffi-1.3.1-native.jar;C:\Users\syawa\.m2\repository\org\jruby\joni\joni\2.1.31\joni-2.1.31.jar;C:\Users\syawa\.m2\repository\org\jruby\jcodings\jcodings\1.0.46\jcodings-1.0.46.jar;C:\Users\syawa\.m2\repository\org\jruby\dirgra\0.3\dirgra-0.3.jar;C:\Users\syawa\.m2\repository\com\headius\invokebinder\1.11\invokebinder-1.11.jar;C:\Users\syawa\.m2\repository\com\headius\options\1.4\options-1.4.jar;C:\Users\syawa\.m2\repository\com\jcraft\jzlib\1.1.3\jzlib-1.1.3.jar;C:\Users\syawa\.m2\repository\com\martiansoftware\nailgun-server\0.9.1\nailgun-server-0.9.1.jar;C:\Users\syawa\.m2\repository\com\headius\backport9\1.8\backport9-1.8.jar;C:\Users\syawa\.m2\repository\javax\annotation\javax.annotation-api\1.3.1\javax.annotation-api-1.3.1.jar;C:\Users\syawa\.m2\repository\org\jruby\jruby-stdlib\9.2.17.0\jruby-stdlib-9.2.17.0.jar;C:\Users\syawa\.m2\repository\net\bytebuddy\byte-buddy\1.11.1\byte-buddy-1.11.1.jar;C:\Users\syawa\.m2\repository\net\bytebuddy\byte-buddy-agent\1.11.1\byte-buddy-agent-1.11.1.jar;C:\Users\syawa\.m2\repository\org\objenesis\objenesis\3.1\objenesis-3.1.jar;C:\Users\syawa\.m2\repository\net\serenity-bdd\serenity-reports\2.4.51\serenity-reports-2.4.51.jar;C:\Users\syawa\.m2\repository\net\serenity-bdd\serenity-stats\2.4.51\serenity-stats-2.4.51.jar;C:\Users\syawa\.m2\repository\org\jetbrains\kotlin\kotlin-stdlib\1.5.0\kotlin-stdlib-1.5.0.jar;C:\Users\syawa\.m2\repository\org\jetbrains\annotations\13.0\annotations-13.0.jar;C:\Users\syawa\.m2\repository\org\jetbrains\kotlin\kotlin-stdlib-common\1.5.0\kotlin-stdlib-common-1.5.0.jar;C:\Users\syawa\.m2\repository\net\serenity-bdd\serenity-reports-configuration\2.4.51\serenity-reports-configuration-2.4.51.jar;C:\Users\syawa\.m2\repository\com\vladsch\flexmark\flexmark-all\0.34.30\flexmark-all-0.34.30.jar;C:\Users\syawa\.m2\repository\com\vladsch\flexmark\flexmark\0.34.30\flexmark-0.34.30.jar;C:\Users\syawa\.m2\repository\com\vladsch\flexmark\flexmark-ext-abbreviation\0.34.30\flexmark-ext-abbreviation-0.34.30.jar;C:\Users\syawa\.m2\repository\com\vladsch\flexmark\flexmark-ext-admonition\0.34.30\flexmark-ext-admonition-0.34.30.jar;C:\Users\syawa\.m2\repository\com\vladsch\flexmark\flexmark-ext-anchorlink\0.34.30\flexmark-ext-anchorlink-0.34.30.jar;C:\Users\syawa\.m2\repository\com\vladsch\flexmark\flexmark-ext-aside\0.34.30\flexmark-ext-aside-0.34.30.jar;C:\Users\syawa\.m2\repository\com\vladsch\flexmark\flexmark-ext-attributes\0.34.30\flexmark-ext-attributes-0.34.30.jar;C:\Users\syawa\.m2\repository\com\vladsch\flexmark\flexmark-ext-autolink\0.34.30\flexmark-ext-autolink-0.34.30.jar;C:\Users\syawa\.m2\repository\org\nibor\autolink\autolink\0.6.0\autolink-0.6.0.jar;C:\Users\syawa\.m2\repository\com\vladsch\flexmark\flexmark-ext-definition\0.34.30\flexmark-ext-definition-0.34.30.jar;C:\Users\syawa\.m2\repository\com\vladsch\flexmark\flexmark-ext-emoji\0.34.30\flexmark-ext-emoji-0.34.30.jar;C:\Users\syawa\.m2\repository\com\vladsch\flexmark\flexmark-ext-enumerated-reference\0.34.30\flexmark-ext-enumerated-reference-0.34.30.jar;C:\Users\syawa\.m2\repository\com\vladsch\flexmark\flexmark-ext-escaped-character\0.34.30\flexmark-ext-escaped-character-0.34.30.jar;C:\Users\syawa\.m2\repository\com\vladsch\flexmark\flexmark-ext-footnotes\0.34.30\flexmark-ext-footnotes-0.34.30.jar;C:\Users\syawa\.m2\repository\com\vladsch\flexmark\flexmark-ext-gfm-issues\0.34.30\flexmark-ext-gfm-issues-0.34.30.jar;C:\Users\syawa\.m2\repository\com\vladsch\flexmark\flexmark-ext-gfm-strikethrough\0.34.30\flexmark-ext-gfm-strikethrough-0.34.30.jar;C:\Users\syawa\.m2\repository\com\vladsch\flexmark\flexmark-ext-gfm-tables\0.34.30\flexmark-ext-gfm-tables-0.34.30.jar;C:\Users\syawa\.m2\repository\com\vladsch\flexmark\flexmark-ext-gfm-tasklist\0.34.30\flexmark-ext-gfm-tasklist-0.34.30.jar;C:\Users\syawa\.m2\repository\com\vladsch\flexmark\flexmark-ext-gfm-users\0.34.30\flexmark-ext-gfm-users-0.34.30.jar;C:\Users\syawa\.m2\repository\com\vladsch\flexmark\flexmark-ext-gitlab\0.34.30\flexmark-ext-gitlab-0.34.30.jar;C:\Users\syawa\.m2\repository\com\vladsch\flexmark\flexmark-ext-jekyll-front-matter\0.34.30\flexmark-ext-jekyll-front-matter-0.34.30.jar;C:\Users\syawa\.m2\repository\com\vladsch\flexmark\flexmark-ext-jekyll-tag\0.34.30\flexmark-ext-jekyll-tag-0.34.30.jar;C:\Users\syawa\.m2\repository\com\vladsch\flexmark\flexmark-ext-media-tags\0.34.30\flexmark-ext-media-tags-0.34.30.jar;C:\Users\syawa\.m2\repository\com\vladsch\flexmark\flexmark-test-util\0.34.30\flexmark-test-util-0.34.30.jar;C:\Users\syawa\.m2\repository\com\vladsch\flexmark\flexmark-ext-ins\0.34.30\flexmark-ext-ins-0.34.30.jar;C:\Users\syawa\.m2\repository\com\vladsch\flexmark\flexmark-ext-xwiki-macros\0.34.30\flexmark-ext-xwiki-macros-0.34.30.jar;C:\Users\syawa\.m2\repository\com\vladsch\flexmark\flexmark-ext-superscript\0.34.30\flexmark-ext-superscript-0.34.30.jar;C:\Users\syawa\.m2\repository\com\vladsch\flexmark\flexmark-ext-tables\0.34.30\flexmark-ext-tables-0.34.30.jar;C:\Users\syawa\.m2\repository\com\vladsch\flexmark\flexmark-ext-toc\0.34.30\flexmark-ext-toc-0.34.30.jar;C:\Users\syawa\.m2\repository\com\vladsch\flexmark\flexmark-ext-typographic\0.34.30\flexmark-ext-typographic-0.34.30.jar;C:\Users\syawa\.m2\repository\com\vladsch\flexmark\flexmark-ext-wikilink\0.34.30\flexmark-ext-wikilink-0.34.30.jar;C:\Users\syawa\.m2\repository\com\vladsch\flexmark\flexmark-ext-yaml-front-matter\0.34.30\flexmark-ext-yaml-front-matter-0.34.30.jar;C:\Users\syawa\.m2\repository\com\vladsch\flexmark\flexmark-ext-youtube-embedded\0.34.30\flexmark-ext-youtube-embedded-0.34.30.jar;C:\Users\syawa\.m2\repository\com\vladsch\flexmark\flexmark-formatter\0.34.30\flexmark-formatter-0.34.30.jar;C:\Users\syawa\.m2\repository\com\vladsch\flexmark\flexmark-html-parser\0.34.30\flexmark-html-parser-0.34.30.jar;C:\Users\syawa\.m2\repository\com\vladsch\flexmark\flexmark-jira-converter\0.34.30\flexmark-jira-converter-0.34.30.jar;C:\Users\syawa\.m2\repository\com\vladsch\flexmark\flexmark-pdf-converter\0.34.30\flexmark-pdf-converter-0.34.30.jar;C:\Users\syawa\.m2\repository\com\openhtmltopdf\openhtmltopdf-core\0.0.1-RC13\openhtmltopdf-core-0.0.1-RC13.jar;C:\Users\syawa\.m2\repository\com\openhtmltopdf\openhtmltopdf-pdfbox\0.0.1-RC13\openhtmltopdf-pdfbox-0.0.1-RC13.jar;C:\Users\syawa\.m2\repository\org\apache\pdfbox\pdfbox\2.0.8\pdfbox-2.0.8.jar;C:\Users\syawa\.m2\repository\org\apache\pdfbox\fontbox\2.0.8\fontbox-2.0.8.jar;C:\Users\syawa\.m2\repository\org\apache\pdfbox\xmpbox\2.0.8\xmpbox-2.0.8.jar;C:\Users\syawa\.m2\repository\de\rototor\pdfbox\graphics2d\0.12\graphics2d-0.12.jar;C:\Users\syawa\.m2\repository\com\openhtmltopdf\openhtmltopdf-rtl-support\0.0.1-RC13\openhtmltopdf-rtl-support-0.0.1-RC13.jar;C:\Users\syawa\.m2\repository\com\ibm\icu\icu4j\59.1\icu4j-59.1.jar;C:\Users\syawa\.m2\repository\com\openhtmltopdf\openhtmltopdf-jsoup-dom-converter\0.0.1-RC13\openhtmltopdf-jsoup-dom-converter-0.0.1-RC13.jar;C:\Users\syawa\.m2\repository\com\vladsch\flexmark\flexmark-profile-pegdown\0.34.30\flexmark-profile-pegdown-0.34.30.jar;C:\Users\syawa\.m2\repository\com\vladsch\flexmark\flexmark-util\0.34.30\flexmark-util-0.34.30.jar;C:\Users\syawa\.m2\repository\com\vladsch\flexmark\flexmark-youtrack-converter\0.34.30\flexmark-youtrack-converter-0.34.30.jar;C:\Users\syawa\.m2\repository\es\nitaur\markdown\txtmark\0.16\txtmark-0.16.jar;C:\Users\syawa\.m2\repository\net\serenity-bdd\serenity-report-resources\2.4.51\serenity-report-resources-2.4.51.jar;C:\Users\syawa\.m2\repository\com\google\code\gson\gson\2.8.7\gson-2.8.7.jar;C:\Users\syawa\.m2\repository\com\fasterxml\jackson\core\jackson-core\2.12.4\jackson-core-2.12.4.jar;C:\Users\syawa\.m2\repository\com\fasterxml\jackson\core\jackson-databind\2.12.4\jackson-databind-2.12.4.jar;C:\Users\syawa\.m2\repository\com\fasterxml\jackson\core\jackson-annotations\2.12.4\jackson-annotations-2.12.4.jar;C:\Users\syawa\.m2\repository\commons-codec\commons-codec\1.15\commons-codec-1.15.jar;C:\Users\syawa\.m2\repository\commons-io\commons-io\2.8.0\commons-io-2.8.0.jar;C:\Users\syawa\.m2\repository\org\seleniumhq\selenium\selenium-server\3.141.59\selenium-server-3.141.59.jar;C:\Users\syawa\.m2\repository\org\seleniumhq\selenium\selenium-opera-driver\3.141.59\selenium-opera-driver-3.141.59.jar;C:\Users\syawa\.m2\repository\org\seleniumhq\selenium\selenium-remote-driver\3.141.59\selenium-remote-driver-3.141.59.jar;C:\Users\syawa\.m2\repository\org\seleniumhq\selenium\selenium-safari-driver\3.141.59\selenium-safari-driver-3.141.59.jar;C:\Users\syawa\.m2\repository\com\beust\jcommander\1.72\jcommander-1.72.jar;C:\Users\syawa\.m2\repository\org\apache\commons\commons-exec\1.3\commons-exec-1.3.jar;C:\Users\syawa\.m2\repository\net\jcip\jcip-annotations\1.0\jcip-annotations-1.0.jar;C:\Users\syawa\.m2\repository\org\seleniumhq\selenium\jetty-repacked\9.4.12.v20180830\jetty-repacked-9.4.12.v20180830.jar;C:\Users\syawa\.m2\repository\com\squareup\okhttp3\okhttp\3.11.0\okhttp-3.11.0.jar;C:\Users\syawa\.m2\repository\com\squareup\okio\okio\1.14.0\okio-1.14.0.jar;C:\Users\syawa\.m2\repository\javax\servlet\javax.servlet-api\3.1.0\javax.servlet-api-3.1.0.jar;C:\Users\syawa\.m2\repository\org\yaml\snakeyaml\1.19\snakeyaml-1.19.jar;C:\Users\syawa\.m2\repository\org\seleniumhq\selenium\selenium-java\3.141.59\selenium-java-3.141.59.jar;C:\Users\syawa\.m2\repository\org\seleniumhq\selenium\selenium-api\3.141.59\selenium-api-3.141.59.jar;C:\Users\syawa\.m2\repository\org\seleniumhq\selenium\selenium-support\3.141.59\selenium-support-3.141.59.jar;C:\Users\syawa\.m2\repository\org\seleniumhq\selenium\selenium-chrome-driver\3.141.59\selenium-chrome-driver-3.141.59.jar;C:\Users\syawa\.m2\repository\org\seleniumhq\selenium\selenium-firefox-driver\3.141.59\selenium-firefox-driver-3.141.59.jar;C:\Users\syawa\.m2\repository\org\seleniumhq\selenium\selenium-edge-driver\3.141.59\selenium-edge-driver-3.141.59.jar;C:\Users\syawa\.m2\repository\org\seleniumhq\selenium\selenium-ie-driver\3.141.59\selenium-ie-driver-3.141.59.jar;C:\Users\syawa\.m2\repository\net\sourceforge\htmlunit\htmlunit\2.47.1\htmlunit-2.47.1.jar;C:\Users\syawa\.m2\repository\xalan\xalan\2.7.2\xalan-2.7.2.jar;C:\Users\syawa\.m2\repository\xalan\serializer\2.7.2\serializer-2.7.2.jar;C:\Users\syawa\.m2\repository\net\sourceforge\htmlunit\htmlunit-core-js\2.47.0\htmlunit-core-js-2.47.0.jar;C:\Users\syawa\.m2\repository\net\sourceforge\htmlunit\neko-htmlunit\2.47.1\neko-htmlunit-2.47.1.jar;C:\Users\syawa\.m2\repository\xerces\xercesImpl\2.12.0\xercesImpl-2.12.0.jar;C:\Users\syawa\.m2\repository\xml-apis\xml-apis\1.4.01\xml-apis-1.4.01.jar;C:\Users\syawa\.m2\repository\net\sourceforge\htmlunit\htmlunit-cssparser\1.7.0\htmlunit-cssparser-1.7.0.jar;C:\Users\syawa\.m2\repository\org\brotli\dec\0.1.2\dec-0.1.2.jar;C:\Users\syawa\.m2\repository\com\shapesecurity\salvation2\3.0.0\salvation2-3.0.0.jar;C:\Users\syawa\.m2\repository\org\eclipse\jetty\websocket\websocket-client\9.4.36.v20210114\websocket-client-9.4.36.v20210114.jar;C:\Users\syawa\.m2\repository\org\eclipse\jetty\jetty-client\9.4.36.v20210114\jetty-client-9.4.36.v20210114.jar;C:\Users\syawa\.m2\repository\org\eclipse\jetty\jetty-http\9.4.36.v20210114\jetty-http-9.4.36.v20210114.jar;C:\Users\syawa\.m2\repository\org\eclipse\jetty\jetty-util\9.4.36.v20210114\jetty-util-9.4.36.v20210114.jar;C:\Users\syawa\.m2\repository\org\eclipse\jetty\jetty-io\9.4.36.v20210114\jetty-io-9.4.36.v20210114.jar;C:\Users\syawa\.m2\repository\org\eclipse\jetty\websocket\websocket-common\9.4.36.v20210114\websocket-common-9.4.36.v20210114.jar;C:\Users\syawa\.m2\repository\org\eclipse\jetty\websocket\websocket-api\9.4.36.v20210114\websocket-api-9.4.36.v20210114.jar;C:\Users\syawa\.m2\repository\org\projectlombok\lombok\1.18.20\lombok-1.18.20.jar;C:\Users\syawa\.m2\repository\org\seleniumhq\selenium\htmlunit-driver\2.47.1\htmlunit-driver-2.47.1.jar;C:\Users\syawa\.m2\repository\com\codeborne\phantomjsdriver\1.4.4\phantomjsdriver-1.4.4.jar;C:\Users\syawa\.m2\repository\io\appium\java-client\7.5.1\java-client-7.5.1.jar;C:\Users\syawa\.m2\repository\commons-validator\commons-validator\1.7\commons-validator-1.7.jar;C:\Users\syawa\.m2\repository\commons-digester\commons-digester\2.1\commons-digester-2.1.jar;C:\Users\syawa\.m2\repository\org\aspectj\aspectjweaver\1.9.6\aspectjweaver-1.9.6.jar;C:\Users\syawa\.m2\repository\net\sf\opencsv\opencsv\2.0\opencsv-2.0.jar;C:\Users\syawa\.m2\repository\commons-beanutils\commons-beanutils\1.9.4\commons-beanutils-1.9.4.jar;C:\Users\syawa\.m2\repository\org\apache\commons\commons-lang3\3.11\commons-lang3-3.11.jar;C:\Users\syawa\.m2\repository\commons-collections\commons-collections\3.2.2\commons-collections-3.2.2.jar;C:\Users\syawa\.m2\repository\org\fluentlenium\fluentlenium-core\0.10.2\fluentlenium-core-0.10.2.jar;C:\Users\syawa\.m2\repository\io\github\bonigarcia\webdrivermanager\4.4.1\webdrivermanager-4.4.1.jar;C:\Users\syawa\.m2\repository\org\apache\httpcomponents\client5\httpclient5\5.0.3\httpclient5-5.0.3.jar;C:\Users\syawa\.m2\repository\org\apache\httpcomponents\core5\httpcore5\5.0.2\httpcore5-5.0.2.jar;C:\Users\syawa\.m2\repository\org\apache\httpcomponents\core5\httpcore5-h2\5.0.2\httpcore5-h2-5.0.2.jar;C:\Users\syawa\.m2\repository\org\rauschig\jarchivelib\1.1.0\jarchivelib-1.1.0.jar;C:\Users\syawa\.m2\repository\org\apache\commons\commons-compress\1.20\commons-compress-1.20.jar;C:\Users\syawa\.m2\repository\com\jhlabs\filters\2.0.235\filters-2.0.235.jar;C:\Users\syawa\.m2\repository\com\paulhammant\ngwebdriver\1.1.5\ngwebdriver-1.1.5.jar;C:\Users\syawa\.m2\repository\joda-time\joda-time\2.8.2\joda-time-2.8.2.jar;C:\Users\syawa\.m2\repository\com\google\jimfs\jimfs\1.1\jimfs-1.1.jar;C:\Users\syawa\.m2\repository\org\mockito\mockito-core\3.3.3\mockito-core-3.3.3.jar;C:\Users\syawa\.m2\repository\javax\xml\bind\jaxb-api\2.3.1\jaxb-api-2.3.1.jar;C:\Users\syawa\.m2\repository\javax\activation\javax.activation-api\1.2.0\javax.activation-api-1.2.0.jar;C:\Users\syawa\.m2\repository\com\sun\xml\bind\jaxb-core\2.3.0.1\jaxb-core-2.3.0.1.jar;C:\Users\syawa\.m2\repository\com\sun\xml\bind\jaxb-impl\2.3.3\jaxb-impl-2.3.3.jar;C:\Users\syawa\.m2\repository\com\sun\activation\jakarta.activation\1.2.2\jakarta.activation-1.2.2.jar;C:\Users\syawa\.m2\repository\javax\activation\activation\1.1.1\activation-1.1.1.jar;C:\Users\syawa\.m2\repository\net\serenity-bdd\serenity-junit\2.4.51\serenity-junit-2.4.51.jar;C:\Users\syawa\.m2\repository\net\serenity-bdd\serenity-rest-assured\2.4.51\serenity-rest-assured-2.4.51.jar;C:\Users\syawa\.m2\repository\org\codehaus\groovy\groovy-json\3.0.8\groovy-json-3.0.8.jar;C:\Users\syawa\.m2\repository\org\opentest4j\opentest4j\1.2.0\opentest4j-1.2.0.jar;C:\Users\syawa\.m2\repository\net\serenity-bdd\serenity-screenplay\2.4.51\serenity-screenplay-2.4.51.jar;C:\Users\syawa\.m2\repository\net\serenity-bdd\serenity-screenplay-rest\2.4.51\serenity-screenplay-rest-2.4.51.jar;C:\Users\syawa\.m2\repository\net\serenity-bdd\serenity-cucumber6\2.4.51\serenity-cucumber6-2.4.51.jar;C:\Users\syawa\.m2\repository\net\serenity-bdd\serenity-screenplay-webdriver\2.4.51\serenity-screenplay-webdriver-2.4.51.jar;C:\Users\syawa\.m2\repository\io\cucumber\cucumber-java\6.10.4\cucumber-java-6.10.4.jar;C:\Users\syawa\.m2\repository\org\apiguardian\apiguardian-api\1.1.1\apiguardian-api-1.1.1.jar;C:\Users\syawa\.m2\repository\io\cucumber\cucumber-junit\6.10.4\cucumber-junit-6.10.4.jar;C:\Users\syawa\.m2\repository\io\cucumber\datatable-matchers\3.4.0\datatable-matchers-3.4.0.jar;C:\Users\syawa\.m2\repository\io\cucumber\datatable\3.4.0\datatable-3.4.0.jar;C:\Users\syawa\.m2\repository\commons-logging\commons-logging\1.2\commons-logging-1.2.jar;C:\Users\syawa\.m2\repository\org\apache\commons\commons-csv\1.5\commons-csv-1.5.jar;C:\Users\syawa\.m2\repository\io\rest-assured\rest-assured\4.3.2\rest-assured-4.3.2.jar;C:\Users\syawa\.m2\repository\org\apache\httpcomponents\httpclient\4.5.3\httpclient-4.5.3.jar;C:\Users\syawa\.m2\repository\org\apache\httpcomponents\httpcore\4.4.6\httpcore-4.4.6.jar;C:\Users\syawa\.m2\repository\org\apache\httpcomponents\httpmime\4.5.3\httpmime-4.5.3.jar;C:\Users\syawa\.m2\repository\org\ccil\cowan\tagsoup\tagsoup\1.2.1\tagsoup-1.2.1.jar;C:\Users\syawa\.m2\repository\io\rest-assured\json-path\4.3.3\json-path-4.3.3.jar;C:\Users\syawa\.m2\repository\io\rest-assured\rest-assured-common\4.3.3\rest-assured-common-4.3.3.jar;C:\Users\syawa\.m2\repository\io\rest-assured\xml-path\4.3.3\xml-path-4.3.3.jar;C:\Users\syawa\.m2\repository\jakarta\xml\bind\jakarta.xml.bind-api\2.3.3\jakarta.xml.bind-api-2.3.3.jar;C:\Users\syawa\.m2\repository\jakarta\activation\jakarta.activation-api\1.2.2\jakarta.activation-api-1.2.2.jar;C:\Users\syawa\.m2\repository\org\codehaus\groovy\groovy\3.0.6\groovy-3.0.6.jar;C:\Users\syawa\.m2\repository\org\codehaus\groovy\groovy-xml\3.0.6\groovy-xml-3.0.6.jar;C:\Users\syawa\.m2\repository\junit\junit\4.13.1\junit-4.13.1.jar;C:\Users\syawa\.m2\repository\org\hamcrest\hamcrest-core\1.3\hamcrest-core-1.3.jar;C:\Users\syawa\.m2\repository\org\assertj\assertj-core\3.6.2\assertj-core-3.6.2.jar;C:\Users\syawa\.m2\repository\org\hamcrest\hamcrest\2.2\hamcrest-2.2.jar;C:\Users\syawa\.m2\repository\io\rest-assured\json-schema-validator\5.2.0\json-schema-validator-5.2.0.jar;C:\Users\syawa\.m2\repository\com\github\java-json-tools\json-schema-validator\2.2.14\json-schema-validator-2.2.14.jar;C:\Users\syawa\.m2\repository\com\github\java-json-tools\jackson-coreutils-equivalence\1.0\jackson-coreutils-equivalence-1.0.jar;C:\Users\syawa\.m2\repository\com\github\java-json-tools\jackson-coreutils\2.0\jackson-coreutils-2.0.jar;C:\Users\syawa\.m2\repository\com\github\java-json-tools\msg-simple\1.2\msg-simple-1.2.jar;C:\Users\syawa\.m2\repository\com\github\java-json-tools\btf\1.3\btf-1.3.jar;C:\Users\syawa\.m2\repository\com\github\java-json-tools\json-schema-core\1.2.14\json-schema-core-1.2.14.jar;C:\Users\syawa\.m2\repository\com\github\java-json-tools\uri-template\0.10\uri-template-0.10.jar;C:\Users\syawa\.m2\repository\org\mozilla\rhino\1.7.7.2\rhino-1.7.7.2.jar;C:\Users\syawa\.m2\repository\com\sun\mail\mailapi\1.6.2\mailapi-1.6.2.jar;C:\Users\syawa\.m2\repository\com\googlecode\libphonenumber\libphonenumber\8.11.1\libphonenumber-8.11.1.jar;C:\Users\syawa\.m2\repository\com\google\code\findbugs\jsr305\3.0.2\jsr305-3.0.2.jar;C:\Users\syawa\.m2\repository\net\sf\jopt-simple\jopt-simple\5.0.4\jopt-simple-5.0.4.jar;"/>
    <property name="java.vm.vendor" value="Oracle Corporation"/>
    <property name="sun.arch.data.model" value="64"/>
    <property name="user.variant" value=""/>
    <property name="java.vendor.url" value="https://openjdk.java.net/"/>
    <property name="user.timezone" value="Asia/Bangkok"/>
    <property name="java.vm.specification.version" value="11"/>
    <property name="os.name" value="Windows 11"/>
    <property name="sun.java.launcher" value="SUN_STANDARD"/>
    <property name="user.country" value="ID"/>
    <property name="sun.boot.library.path" value="C:\Program Files\Java\jdk-11.0.17\bin"/>
    <property name="sun.java.command" value="org.apache.maven.surefire.booter.ForkedBooter C:\Users\syawa\AppData\Local\Temp\surefire3835207024433387901 2022-12-06T07-15-05_733-jvmRun1 surefire478238524176670641tmp surefire_02002325169357468757tmp"/>
    <property name="jdk.debug" value="release"/>
    <property name="surefire.test.class.path" value="C:\Users\syawa\API-Automate\target\test-classes;C:\Users\syawa\.m2\repository\ch\qos\logback\logback-classic\1.2.3\logback-classic-1.2.3.jar;C:\Users\syawa\.m2\repository\ch\qos\logback\logback-core\1.2.3\logback-core-1.2.3.jar;C:\Users\syawa\.m2\repository\org\slf4j\slf4j-api\1.7.25\slf4j-api-1.7.25.jar;C:\Users\syawa\.m2\repository\net\serenity-bdd\serenity-core\2.4.51\serenity-core-2.4.51.jar;C:\Users\syawa\.m2\repository\net\serenity-bdd\serenity-model\2.4.51\serenity-model-2.4.51.jar;C:\Users\syawa\.m2\repository\org\apache\commons\commons-text\1.9\commons-text-1.9.jar;C:\Users\syawa\.m2\repository\commons-net\commons-net\3.6\commons-net-3.6.jar;C:\Users\syawa\.m2\repository\com\google\guava\guava\30.1-jre\guava-30.1-jre.jar;C:\Users\syawa\.m2\repository\com\google\guava\failureaccess\1.0.1\failureaccess-1.0.1.jar;C:\Users\syawa\.m2\repository\com\google\guava\listenablefuture\9999.0-empty-to-avoid-conflict-with-guava\listenablefuture-9999.0-empty-to-avoid-conflict-with-guava.jar;C:\Users\syawa\.m2\repository\org\checkerframework\checker-qual\3.5.0\checker-qual-3.5.0.jar;C:\Users\syawa\.m2\repository\com\google\errorprone\error_prone_annotations\2.3.4\error_prone_annotations-2.3.4.jar;C:\Users\syawa\.m2\repository\com\google\j2objc\j2objc-annotations\1.3\j2objc-annotations-1.3.jar;C:\Users\syawa\.m2\repository\com\google\inject\guice\5.0.1\guice-5.0.1.jar;C:\Users\syawa\.m2\repository\javax\inject\javax.inject\1\javax.inject-1.jar;C:\Users\syawa\.m2\repository\aopalliance\aopalliance\1.0\aopalliance-1.0.jar;C:\Users\syawa\.m2\repository\org\jsoup\jsoup\1.13.1\jsoup-1.13.1.jar;C:\Users\syawa\.m2\repository\com\thoughtworks\xstream\xstream\1.4.17\xstream-1.4.17.jar;C:\Users\syawa\.m2\repository\io\github\x-stream\mxparser\1.2.1\mxparser-1.2.1.jar;C:\Users\syawa\.m2\repository\xmlpull\xmlpull\1.1.3.1\xmlpull-1.1.3.1.jar;C:\Users\syawa\.m2\repository\io\cucumber\cucumber-core\6.10.2\cucumber-core-6.10.2.jar;C:\Users\syawa\.m2\repository\io\cucumber\cucumber-gherkin\6.10.2\cucumber-gherkin-6.10.2.jar;C:\Users\syawa\.m2\repository\io\cucumber\cucumber-gherkin-messages\6.10.2\cucumber-gherkin-messages-6.10.2.jar;C:\Users\syawa\.m2\repository\io\cucumber\messages\14.0.1\messages-14.0.1.jar;C:\Users\syawa\.m2\repository\io\cucumber\tag-expressions\3.0.0\tag-expressions-3.0.0.jar;C:\Users\syawa\.m2\repository\io\cucumber\cucumber-expressions\10.3.0\cucumber-expressions-10.3.0.jar;C:\Users\syawa\.m2\repository\io\cucumber\cucumber-plugin\6.10.2\cucumber-plugin-6.10.2.jar;C:\Users\syawa\.m2\repository\io\cucumber\docstring\6.10.2\docstring-6.10.2.jar;C:\Users\syawa\.m2\repository\io\cucumber\html-formatter\12.0.0\html-formatter-12.0.0.jar;C:\Users\syawa\.m2\repository\io\cucumber\create-meta\3.0.0\create-meta-3.0.0.jar;C:\Users\syawa\.m2\repository\com\typesafe\config\1.3.1\config-1.3.1.jar;C:\Users\syawa\.m2\repository\org\imgscalr\imgscalr-lib\4.2\imgscalr-lib-4.2.jar;C:\Users\syawa\.m2\repository\org\awaitility\awaitility\4.0.3\awaitility-4.0.3.jar;C:\Users\syawa\.m2\repository\org\freemarker\freemarker\2.3.29\freemarker-2.3.29.jar;C:\Users\syawa\.m2\repository\net\sourceforge\jexcelapi\jxl\2.6.12\jxl-2.6.12.jar;C:\Users\syawa\.m2\repository\org\asciidoctor\asciidoctorj\2.5.1\asciidoctorj-2.5.1.jar;C:\Users\syawa\.m2\repository\org\asciidoctor\asciidoctorj-api\2.5.1\asciidoctorj-api-2.5.1.jar;C:\Users\syawa\.m2\repository\org\jruby\jruby\9.2.17.0\jruby-9.2.17.0.jar;C:\Users\syawa\.m2\repository\org\jruby\jruby-core\9.2.17.0\jruby-core-9.2.17.0.jar;C:\Users\syawa\.m2\repository\com\github\jnr\jnr-netdb\1.2.0\jnr-netdb-1.2.0.jar;C:\Users\syawa\.m2\repository\com\github\jnr\jnr-enxio\0.32.3\jnr-enxio-0.32.3.jar;C:\Users\syawa\.m2\repository\com\github\jnr\jnr-unixsocket\0.38.5\jnr-unixsocket-0.38.5.jar;C:\Users\syawa\.m2\repository\com\github\jnr\jnr-posix\3.1.4\jnr-posix-3.1.4.jar;C:\Users\syawa\.m2\repository\com\github\jnr\jnr-constants\0.10.1\jnr-constants-0.10.1.jar;C:\Users\syawa\.m2\repository\com\github\jnr\jffi\1.3.1\jffi-1.3.1.jar;C:\Users\syawa\.m2\repository\com\github\jnr\jffi\1.3.1\jffi-1.3.1-native.jar;C:\Users\syawa\.m2\repository\org\jruby\joni\joni\2.1.31\joni-2.1.31.jar;C:\Users\syawa\.m2\repository\org\jruby\jcodings\jcodings\1.0.46\jcodings-1.0.46.jar;C:\Users\syawa\.m2\repository\org\jruby\dirgra\0.3\dirgra-0.3.jar;C:\Users\syawa\.m2\repository\com\headius\invokebinder\1.11\invokebinder-1.11.jar;C:\Users\syawa\.m2\repository\com\headius\options\1.4\options-1.4.jar;C:\Users\syawa\.m2\repository\com\jcraft\jzlib\1.1.3\jzlib-1.1.3.jar;C:\Users\syawa\.m2\repository\com\martiansoftware\nailgun-server\0.9.1\nailgun-server-0.9.1.jar;C:\Users\syawa\.m2\repository\com\headius\backport9\1.8\backport9-1.8.jar;C:\Users\syawa\.m2\repository\javax\annotation\javax.annotation-api\1.3.1\javax.annotation-api-1.3.1.jar;C:\Users\syawa\.m2\repository\org\jruby\jruby-stdlib\9.2.17.0\jruby-stdlib-9.2.17.0.jar;C:\Users\syawa\.m2\repository\net\bytebuddy\byte-buddy\1.11.1\byte-buddy-1.11.1.jar;C:\Users\syawa\.m2\repository\net\bytebuddy\byte-buddy-agent\1.11.1\byte-buddy-agent-1.11.1.jar;C:\Users\syawa\.m2\repository\org\objenesis\objenesis\3.1\objenesis-3.1.jar;C:\Users\syawa\.m2\repository\net\serenity-bdd\serenity-reports\2.4.51\serenity-reports-2.4.51.jar;C:\Users\syawa\.m2\repository\net\serenity-bdd\serenity-stats\2.4.51\serenity-stats-2.4.51.jar;C:\Users\syawa\.m2\repository\org\jetbrains\kotlin\kotlin-stdlib\1.5.0\kotlin-stdlib-1.5.0.jar;C:\Users\syawa\.m2\repository\org\jetbrains\annotations\13.0\annotations-13.0.jar;C:\Users\syawa\.m2\repository\org\jetbrains\kotlin\kotlin-stdlib-common\1.5.0\kotlin-stdlib-common-1.5.0.jar;C:\Users\syawa\.m2\repository\net\serenity-bdd\serenity-reports-configuration\2.4.51\serenity-reports-configuration-2.4.51.jar;C:\Users\syawa\.m2\repository\com\vladsch\flexmark\flexmark-all\0.34.30\flexmark-all-0.34.30.jar;C:\Users\syawa\.m2\repository\com\vladsch\flexmark\flexmark\0.34.30\flexmark-0.34.30.jar;C:\Users\syawa\.m2\repository\com\vladsch\flexmark\flexmark-ext-abbreviation\0.34.30\flexmark-ext-abbreviation-0.34.30.jar;C:\Users\syawa\.m2\repository\com\vladsch\flexmark\flexmark-ext-admonition\0.34.30\flexmark-ext-admonition-0.34.30.jar;C:\Users\syawa\.m2\repository\com\vladsch\flexmark\flexmark-ext-anchorlink\0.34.30\flexmark-ext-anchorlink-0.34.30.jar;C:\Users\syawa\.m2\repository\com\vladsch\flexmark\flexmark-ext-aside\0.34.30\flexmark-ext-aside-0.34.30.jar;C:\Users\syawa\.m2\repository\com\vladsch\flexmark\flexmark-ext-attributes\0.34.30\flexmark-ext-attributes-0.34.30.jar;C:\Users\syawa\.m2\repository\com\vladsch\flexmark\flexmark-ext-autolink\0.34.30\flexmark-ext-autolink-0.34.30.jar;C:\Users\syawa\.m2\repository\org\nibor\autolink\autolink\0.6.0\autolink-0.6.0.jar;C:\Users\syawa\.m2\repository\com\vladsch\flexmark\flexmark-ext-definition\0.34.30\flexmark-ext-definition-0.34.30.jar;C:\Users\syawa\.m2\repository\com\vladsch\flexmark\flexmark-ext-emoji\0.34.30\flexmark-ext-emoji-0.34.30.jar;C:\Users\syawa\.m2\repository\com\vladsch\flexmark\flexmark-ext-enumerated-reference\0.34.30\flexmark-ext-enumerated-reference-0.34.30.jar;C:\Users\syawa\.m2\repository\com\vladsch\flexmark\flexmark-ext-escaped-character\0.34.30\flexmark-ext-escaped-character-0.34.30.jar;C:\Users\syawa\.m2\repository\com\vladsch\flexmark\flexmark-ext-footnotes\0.34.30\flexmark-ext-footnotes-0.34.30.jar;C:\Users\syawa\.m2\repository\com\vladsch\flexmark\flexmark-ext-gfm-issues\0.34.30\flexmark-ext-gfm-issues-0.34.30.jar;C:\Users\syawa\.m2\repository\com\vladsch\flexmark\flexmark-ext-gfm-strikethrough\0.34.30\flexmark-ext-gfm-strikethrough-0.34.30.jar;C:\Users\syawa\.m2\repository\com\vladsch\flexmark\flexmark-ext-gfm-tables\0.34.30\flexmark-ext-gfm-tables-0.34.30.jar;C:\Users\syawa\.m2\repository\com\vladsch\flexmark\flexmark-ext-gfm-tasklist\0.34.30\flexmark-ext-gfm-tasklist-0.34.30.jar;C:\Users\syawa\.m2\repository\com\vladsch\flexmark\flexmark-ext-gfm-users\0.34.30\flexmark-ext-gfm-users-0.34.30.jar;C:\Users\syawa\.m2\repository\com\vladsch\flexmark\flexmark-ext-gitlab\0.34.30\flexmark-ext-gitlab-0.34.30.jar;C:\Users\syawa\.m2\repository\com\vladsch\flexmark\flexmark-ext-jekyll-front-matter\0.34.30\flexmark-ext-jekyll-front-matter-0.34.30.jar;C:\Users\syawa\.m2\repository\com\vladsch\flexmark\flexmark-ext-jekyll-tag\0.34.30\flexmark-ext-jekyll-tag-0.34.30.jar;C:\Users\syawa\.m2\repository\com\vladsch\flexmark\flexmark-ext-media-tags\0.34.30\flexmark-ext-media-tags-0.34.30.jar;C:\Users\syawa\.m2\repository\com\vladsch\flexmark\flexmark-test-util\0.34.30\flexmark-test-util-0.34.30.jar;C:\Users\syawa\.m2\repository\com\vladsch\flexmark\flexmark-ext-ins\0.34.30\flexmark-ext-ins-0.34.30.jar;C:\Users\syawa\.m2\repository\com\vladsch\flexmark\flexmark-ext-xwiki-macros\0.34.30\flexmark-ext-xwiki-macros-0.34.30.jar;C:\Users\syawa\.m2\repository\com\vladsch\flexmark\flexmark-ext-superscript\0.34.30\flexmark-ext-superscript-0.34.30.jar;C:\Users\syawa\.m2\repository\com\vladsch\flexmark\flexmark-ext-tables\0.34.30\flexmark-ext-tables-0.34.30.jar;C:\Users\syawa\.m2\repository\com\vladsch\flexmark\flexmark-ext-toc\0.34.30\flexmark-ext-toc-0.34.30.jar;C:\Users\syawa\.m2\repository\com\vladsch\flexmark\flexmark-ext-typographic\0.34.30\flexmark-ext-typographic-0.34.30.jar;C:\Users\syawa\.m2\repository\com\vladsch\flexmark\flexmark-ext-wikilink\0.34.30\flexmark-ext-wikilink-0.34.30.jar;C:\Users\syawa\.m2\repository\com\vladsch\flexmark\flexmark-ext-yaml-front-matter\0.34.30\flexmark-ext-yaml-front-matter-0.34.30.jar;C:\Users\syawa\.m2\repository\com\vladsch\flexmark\flexmark-ext-youtube-embedded\0.34.30\flexmark-ext-youtube-embedded-0.34.30.jar;C:\Users\syawa\.m2\repository\com\vladsch\flexmark\flexmark-formatter\0.34.30\flexmark-formatter-0.34.30.jar;C:\Users\syawa\.m2\repository\com\vladsch\flexmark\flexmark-html-parser\0.34.30\flexmark-html-parser-0.34.30.jar;C:\Users\syawa\.m2\repository\com\vladsch\flexmark\flexmark-jira-converter\0.34.30\flexmark-jira-converter-0.34.30.jar;C:\Users\syawa\.m2\repository\com\vladsch\flexmark\flexmark-pdf-converter\0.34.30\flexmark-pdf-converter-0.34.30.jar;C:\Users\syawa\.m2\repository\com\openhtmltopdf\openhtmltopdf-core\0.0.1-RC13\openhtmltopdf-core-0.0.1-RC13.jar;C:\Users\syawa\.m2\repository\com\openhtmltopdf\openhtmltopdf-pdfbox\0.0.1-RC13\openhtmltopdf-pdfbox-0.0.1-RC13.jar;C:\Users\syawa\.m2\repository\org\apache\pdfbox\pdfbox\2.0.8\pdfbox-2.0.8.jar;C:\Users\syawa\.m2\repository\org\apache\pdfbox\fontbox\2.0.8\fontbox-2.0.8.jar;C:\Users\syawa\.m2\repository\org\apache\pdfbox\xmpbox\2.0.8\xmpbox-2.0.8.jar;C:\Users\syawa\.m2\repository\de\rototor\pdfbox\graphics2d\0.12\graphics2d-0.12.jar;C:\Users\syawa\.m2\repository\com\openhtmltopdf\openhtmltopdf-rtl-support\0.0.1-RC13\openhtmltopdf-rtl-support-0.0.1-RC13.jar;C:\Users\syawa\.m2\repository\com\ibm\icu\icu4j\59.1\icu4j-59.1.jar;C:\Users\syawa\.m2\repository\com\openhtmltopdf\openhtmltopdf-jsoup-dom-converter\0.0.1-RC13\openhtmltopdf-jsoup-dom-converter-0.0.1-RC13.jar;C:\Users\syawa\.m2\repository\com\vladsch\flexmark\flexmark-profile-pegdown\0.34.30\flexmark-profile-pegdown-0.34.30.jar;C:\Users\syawa\.m2\repository\com\vladsch\flexmark\flexmark-util\0.34.30\flexmark-util-0.34.30.jar;C:\Users\syawa\.m2\repository\com\vladsch\flexmark\flexmark-youtrack-converter\0.34.30\flexmark-youtrack-converter-0.34.30.jar;C:\Users\syawa\.m2\repository\es\nitaur\markdown\txtmark\0.16\txtmark-0.16.jar;C:\Users\syawa\.m2\repository\net\serenity-bdd\serenity-report-resources\2.4.51\serenity-report-resources-2.4.51.jar;C:\Users\syawa\.m2\repository\com\google\code\gson\gson\2.8.7\gson-2.8.7.jar;C:\Users\syawa\.m2\repository\com\fasterxml\jackson\core\jackson-core\2.12.4\jackson-core-2.12.4.jar;C:\Users\syawa\.m2\repository\com\fasterxml\jackson\core\jackson-databind\2.12.4\jackson-databind-2.12.4.jar;C:\Users\syawa\.m2\repository\com\fasterxml\jackson\core\jackson-annotations\2.12.4\jackson-annotations-2.12.4.jar;C:\Users\syawa\.m2\repository\commons-codec\commons-codec\1.15\commons-codec-1.15.jar;C:\Users\syawa\.m2\repository\commons-io\commons-io\2.8.0\commons-io-2.8.0.jar;C:\Users\syawa\.m2\repository\org\seleniumhq\selenium\selenium-server\3.141.59\selenium-server-3.141.59.jar;C:\Users\syawa\.m2\repository\org\seleniumhq\selenium\selenium-opera-driver\3.141.59\selenium-opera-driver-3.141.59.jar;C:\Users\syawa\.m2\repository\org\seleniumhq\selenium\selenium-remote-driver\3.141.59\selenium-remote-driver-3.141.59.jar;C:\Users\syawa\.m2\repository\org\seleniumhq\selenium\selenium-safari-driver\3.141.59\selenium-safari-driver-3.141.59.jar;C:\Users\syawa\.m2\repository\com\beust\jcommander\1.72\jcommander-1.72.jar;C:\Users\syawa\.m2\repository\org\apache\commons\commons-exec\1.3\commons-exec-1.3.jar;C:\Users\syawa\.m2\repository\net\jcip\jcip-annotations\1.0\jcip-annotations-1.0.jar;C:\Users\syawa\.m2\repository\org\seleniumhq\selenium\jetty-repacked\9.4.12.v20180830\jetty-repacked-9.4.12.v20180830.jar;C:\Users\syawa\.m2\repository\com\squareup\okhttp3\okhttp\3.11.0\okhttp-3.11.0.jar;C:\Users\syawa\.m2\repository\com\squareup\okio\okio\1.14.0\okio-1.14.0.jar;C:\Users\syawa\.m2\repository\javax\servlet\javax.servlet-api\3.1.0\javax.servlet-api-3.1.0.jar;C:\Users\syawa\.m2\repository\org\yaml\snakeyaml\1.19\snakeyaml-1.19.jar;C:\Users\syawa\.m2\repository\org\seleniumhq\selenium\selenium-java\3.141.59\selenium-java-3.141.59.jar;C:\Users\syawa\.m2\repository\org\seleniumhq\selenium\selenium-api\3.141.59\selenium-api-3.141.59.jar;C:\Users\syawa\.m2\repository\org\seleniumhq\selenium\selenium-support\3.141.59\selenium-support-3.141.59.jar;C:\Users\syawa\.m2\repository\org\seleniumhq\selenium\selenium-chrome-driver\3.141.59\selenium-chrome-driver-3.141.59.jar;C:\Users\syawa\.m2\repository\org\seleniumhq\selenium\selenium-firefox-driver\3.141.59\selenium-firefox-driver-3.141.59.jar;C:\Users\syawa\.m2\repository\org\seleniumhq\selenium\selenium-edge-driver\3.141.59\selenium-edge-driver-3.141.59.jar;C:\Users\syawa\.m2\repository\org\seleniumhq\selenium\selenium-ie-driver\3.141.59\selenium-ie-driver-3.141.59.jar;C:\Users\syawa\.m2\repository\net\sourceforge\htmlunit\htmlunit\2.47.1\htmlunit-2.47.1.jar;C:\Users\syawa\.m2\repository\xalan\xalan\2.7.2\xalan-2.7.2.jar;C:\Users\syawa\.m2\repository\xalan\serializer\2.7.2\serializer-2.7.2.jar;C:\Users\syawa\.m2\repository\net\sourceforge\htmlunit\htmlunit-core-js\2.47.0\htmlunit-core-js-2.47.0.jar;C:\Users\syawa\.m2\repository\net\sourceforge\htmlunit\neko-htmlunit\2.47.1\neko-htmlunit-2.47.1.jar;C:\Users\syawa\.m2\repository\xerces\xercesImpl\2.12.0\xercesImpl-2.12.0.jar;C:\Users\syawa\.m2\repository\xml-apis\xml-apis\1.4.01\xml-apis-1.4.01.jar;C:\Users\syawa\.m2\repository\net\sourceforge\htmlunit\htmlunit-cssparser\1.7.0\htmlunit-cssparser-1.7.0.jar;C:\Users\syawa\.m2\repository\org\brotli\dec\0.1.2\dec-0.1.2.jar;C:\Users\syawa\.m2\repository\com\shapesecurity\salvation2\3.0.0\salvation2-3.0.0.jar;C:\Users\syawa\.m2\repository\org\eclipse\jetty\websocket\websocket-client\9.4.36.v20210114\websocket-client-9.4.36.v20210114.jar;C:\Users\syawa\.m2\repository\org\eclipse\jetty\jetty-client\9.4.36.v20210114\jetty-client-9.4.36.v20210114.jar;C:\Users\syawa\.m2\repository\org\eclipse\jetty\jetty-http\9.4.36.v20210114\jetty-http-9.4.36.v20210114.jar;C:\Users\syawa\.m2\repository\org\eclipse\jetty\jetty-util\9.4.36.v20210114\jetty-util-9.4.36.v20210114.jar;C:\Users\syawa\.m2\repository\org\eclipse\jetty\jetty-io\9.4.36.v20210114\jetty-io-9.4.36.v20210114.jar;C:\Users\syawa\.m2\repository\org\eclipse\jetty\websocket\websocket-common\9.4.36.v20210114\websocket-common-9.4.36.v20210114.jar;C:\Users\syawa\.m2\repository\org\eclipse\jetty\websocket\websocket-api\9.4.36.v20210114\websocket-api-9.4.36.v20210114.jar;C:\Users\syawa\.m2\repository\org\projectlombok\lombok\1.18.20\lombok-1.18.20.jar;C:\Users\syawa\.m2\repository\org\seleniumhq\selenium\htmlunit-driver\2.47.1\htmlunit-driver-2.47.1.jar;C:\Users\syawa\.m2\repository\com\codeborne\phantomjsdriver\1.4.4\phantomjsdriver-1.4.4.jar;C:\Users\syawa\.m2\repository\io\appium\java-client\7.5.1\java-client-7.5.1.jar;C:\Users\syawa\.m2\repository\commons-validator\commons-validator\1.7\commons-validator-1.7.jar;C:\Users\syawa\.m2\repository\commons-digester\commons-digester\2.1\commons-digester-2.1.jar;C:\Users\syawa\.m2\repository\org\aspectj\aspectjweaver\1.9.6\aspectjweaver-1.9.6.jar;C:\Users\syawa\.m2\repository\net\sf\opencsv\opencsv\2.0\opencsv-2.0.jar;C:\Users\syawa\.m2\repository\commons-beanutils\commons-beanutils\1.9.4\commons-beanutils-1.9.4.jar;C:\Users\syawa\.m2\repository\org\apache\commons\commons-lang3\3.11\commons-lang3-3.11.jar;C:\Users\syawa\.m2\repository\commons-collections\commons-collections\3.2.2\commons-collections-3.2.2.jar;C:\Users\syawa\.m2\repository\org\fluentlenium\fluentlenium-core\0.10.2\fluentlenium-core-0.10.2.jar;C:\Users\syawa\.m2\repository\io\github\bonigarcia\webdrivermanager\4.4.1\webdrivermanager-4.4.1.jar;C:\Users\syawa\.m2\repository\org\apache\httpcomponents\client5\httpclient5\5.0.3\httpclient5-5.0.3.jar;C:\Users\syawa\.m2\repository\org\apache\httpcomponents\core5\httpcore5\5.0.2\httpcore5-5.0.2.jar;C:\Users\syawa\.m2\repository\org\apache\httpcomponents\core5\httpcore5-h2\5.0.2\httpcore5-h2-5.0.2.jar;C:\Users\syawa\.m2\repository\org\rauschig\jarchivelib\1.1.0\jarchivelib-1.1.0.jar;C:\Users\syawa\.m2\repository\org\apache\commons\commons-compress\1.20\commons-compress-1.20.jar;C:\Users\syawa\.m2\repository\com\jhlabs\filters\2.0.235\filters-2.0.235.jar;C:\Users\syawa\.m2\repository\com\paulhammant\ngwebdriver\1.1.5\ngwebdriver-1.1.5.jar;C:\Users\syawa\.m2\repository\joda-time\joda-time\2.8.2\joda-time-2.8.2.jar;C:\Users\syawa\.m2\repository\com\google\jimfs\jimfs\1.1\jimfs-1.1.jar;C:\Users\syawa\.m2\repository\org\mockito\mockito-core\3.3.3\mockito-core-3.3.3.jar;C:\Users\syawa\.m2\repository\javax\xml\bind\jaxb-api\2.3.1\jaxb-api-2.3.1.jar;C:\Users\syawa\.m2\repository\javax\activation\javax.activation-api\1.2.0\javax.activation-api-1.2.0.jar;C:\Users\syawa\.m2\repository\com\sun\xml\bind\jaxb-core\2.3.0.1\jaxb-core-2.3.0.1.jar;C:\Users\syawa\.m2\repository\com\sun\xml\bind\jaxb-impl\2.3.3\jaxb-impl-2.3.3.jar;C:\Users\syawa\.m2\repository\com\sun\activation\jakarta.activation\1.2.2\jakarta.activation-1.2.2.jar;C:\Users\syawa\.m2\repository\javax\activation\activation\1.1.1\activation-1.1.1.jar;C:\Users\syawa\.m2\repository\net\serenity-bdd\serenity-junit\2.4.51\serenity-junit-2.4.51.jar;C:\Users\syawa\.m2\repository\net\serenity-bdd\serenity-rest-assured\2.4.51\serenity-rest-assured-2.4.51.jar;C:\Users\syawa\.m2\repository\org\codehaus\groovy\groovy-json\3.0.8\groovy-json-3.0.8.jar;C:\Users\syawa\.m2\repository\org\opentest4j\opentest4j\1.2.0\opentest4j-1.2.0.jar;C:\Users\syawa\.m2\repository\net\serenity-bdd\serenity-screenplay\2.4.51\serenity-screenplay-2.4.51.jar;C:\Users\syawa\.m2\repository\net\serenity-bdd\serenity-screenplay-rest\2.4.51\serenity-screenplay-rest-2.4.51.jar;C:\Users\syawa\.m2\repository\net\serenity-bdd\serenity-cucumber6\2.4.51\serenity-cucumber6-2.4.51.jar;C:\Users\syawa\.m2\repository\net\serenity-bdd\serenity-screenplay-webdriver\2.4.51\serenity-screenplay-webdriver-2.4.51.jar;C:\Users\syawa\.m2\repository\io\cucumber\cucumber-java\6.10.4\cucumber-java-6.10.4.jar;C:\Users\syawa\.m2\repository\org\apiguardian\apiguardian-api\1.1.1\apiguardian-api-1.1.1.jar;C:\Users\syawa\.m2\repository\io\cucumber\cucumber-junit\6.10.4\cucumber-junit-6.10.4.jar;C:\Users\syawa\.m2\repository\io\cucumber\datatable-matchers\3.4.0\datatable-matchers-3.4.0.jar;C:\Users\syawa\.m2\repository\io\cucumber\datatable\3.4.0\datatable-3.4.0.jar;C:\Users\syawa\.m2\repository\commons-logging\commons-logging\1.2\commons-logging-1.2.jar;C:\Users\syawa\.m2\repository\org\apache\commons\commons-csv\1.5\commons-csv-1.5.jar;C:\Users\syawa\.m2\repository\io\rest-assured\rest-assured\4.3.2\rest-assured-4.3.2.jar;C:\Users\syawa\.m2\repository\org\apache\httpcomponents\httpclient\4.5.3\httpclient-4.5.3.jar;C:\Users\syawa\.m2\repository\org\apache\httpcomponents\httpcore\4.4.6\httpcore-4.4.6.jar;C:\Users\syawa\.m2\repository\org\apache\httpcomponents\httpmime\4.5.3\httpmime-4.5.3.jar;C:\Users\syawa\.m2\repository\org\ccil\cowan\tagsoup\tagsoup\1.2.1\tagsoup-1.2.1.jar;C:\Users\syawa\.m2\repository\io\rest-assured\json-path\4.3.3\json-path-4.3.3.jar;C:\Users\syawa\.m2\repository\io\rest-assured\rest-assured-common\4.3.3\rest-assured-common-4.3.3.jar;C:\Users\syawa\.m2\repository\io\rest-assured\xml-path\4.3.3\xml-path-4.3.3.jar;C:\Users\syawa\.m2\repository\jakarta\xml\bind\jakarta.xml.bind-api\2.3.3\jakarta.xml.bind-api-2.3.3.jar;C:\Users\syawa\.m2\repository\jakarta\activation\jakarta.activation-api\1.2.2\jakarta.activation-api-1.2.2.jar;C:\Users\syawa\.m2\repository\org\codehaus\groovy\groovy\3.0.6\groovy-3.0.6.jar;C:\Users\syawa\.m2\repository\org\codehaus\groovy\groovy-xml\3.0.6\groovy-xml-3.0.6.jar;C:\Users\syawa\.m2\repository\junit\junit\4.13.1\junit-4.13.1.jar;C:\Users\syawa\.m2\repository\org\hamcrest\hamcrest-core\1.3\hamcrest-core-1.3.jar;C:\Users\syawa\.m2\repository\org\assertj\assertj-core\3.6.2\assertj-core-3.6.2.jar;C:\Users\syawa\.m2\repository\org\hamcrest\hamcrest\2.2\hamcrest-2.2.jar;C:\Users\syawa\.m2\repository\io\rest-assured\json-schema-validator\5.2.0\json-schema-validator-5.2.0.jar;C:\Users\syawa\.m2\repository\com\github\java-json-tools\json-schema-validator\2.2.14\json-schema-validator-2.2.14.jar;C:\Users\syawa\.m2\repository\com\github\java-json-tools\jackson-coreutils-equivalence\1.0\jackson-coreutils-equivalence-1.0.jar;C:\Users\syawa\.m2\repository\com\github\java-json-tools\jackson-coreutils\2.0\jackson-coreutils-2.0.jar;C:\Users\syawa\.m2\repository\com\github\java-json-tools\msg-simple\1.2\msg-simple-1.2.jar;C:\Users\syawa\.m2\repository\com\github\java-json-tools\btf\1.3\btf-1.3.jar;C:\Users\syawa\.m2\repository\com\github\java-json-tools\json-schema-core\1.2.14\json-schema-core-1.2.14.jar;C:\Users\syawa\.m2\repository\com\github\java-json-tools\uri-template\0.10\uri-template-0.10.jar;C:\Users\syawa\.m2\repository\org\mozilla\rhino\1.7.7.2\rhino-1.7.7.2.jar;C:\Users\syawa\.m2\repository\com\sun\mail\mailapi\1.6.2\mailapi-1.6.2.jar;C:\Users\syawa\.m2\repository\com\googlecode\libphonenumber\libphonenumber\8.11.1\libphonenumber-8.11.1.jar;C:\Users\syawa\.m2\repository\com\google\code\findbugs\jsr305\3.0.2\jsr305-3.0.2.jar;C:\Users\syawa\.m2\repository\net\sf\jopt-simple\jopt-simple\5.0.4\jopt-simple-5.0.4.jar;"/>
    <property name="sun.cpu.endian" value="little"/>
    <property name="user.home" value="C:\Users\syawa"/>
    <property name="user.language" value="en"/>
    <property name="java.specification.vendor" value="Oracle Corporation"/>
    <property name="jdk.module.path" value="C:\Users\syawa\API-Automate\target\serenity-rest-starter-1.0.0-SNAPSHOT.jar"/>
    <property name="java.version.date" value="2022-10-18"/>
    <property name="java.home" value="C:\Program Files\Java\jdk-11.0.17"/>
    <property name="file.separator" value="\"/>
    <property name="basedir" value="C:\Users\syawa\API-Automate"/>
    <property name="java.vm.compressedOopsMode" value="32-bit"/>
    <property name="line.separator" value="&#10;"/>
    <property name="java.specification.name" value="Java Platform API Specification"/>
    <property name="java.vm.specification.vendor" value="Oracle Corporation"/>
    <property name="java.awt.graphicsenv" value="sun.awt.Win32GraphicsEnvironment"/>
    <property name="surefire.real.class.path" value="C:\Users\syawa\.m2\repository\org\apache\maven\surefire\surefire-booter\3.0.0-M5\surefire-booter-3.0.0-M5.jar;C:\Users\syawa\.m2\repository\org\apache\maven\surefire\surefire-api\3.0.0-M5\surefire-api-3.0.0-M5.jar;C:\Users\syawa\.m2\repository\org\apache\maven\surefire\surefire-logger-api\3.0.0-M5\surefire-logger-api-3.0.0-M5.jar;C:\Users\syawa\.m2\repository\org\apache\maven\surefire\surefire-shared-utils\3.0.0-M4\surefire-shared-utils-3.0.0-M4.jar;C:\Users\syawa\.m2\repository\org\apache\maven\surefire\surefire-extensions-spi\3.0.0-M5\surefire-extensions-spi-3.0.0-M5.jar;C:\Users\syawa\API-Automate\target\test-classes;C:\Users\syawa\.m2\repository\ch\qos\logback\logback-classic\1.2.3\logback-classic-1.2.3.jar;C:\Users\syawa\.m2\repository\ch\qos\logback\logback-core\1.2.3\logback-core-1.2.3.jar;C:\Users\syawa\.m2\repository\org\slf4j\slf4j-api\1.7.25\slf4j-api-1.7.25.jar;C:\Users\syawa\.m2\repository\net\serenity-bdd\serenity-core\2.4.51\serenity-core-2.4.51.jar;C:\Users\syawa\.m2\repository\net\serenity-bdd\serenity-model\2.4.51\serenity-model-2.4.51.jar;C:\Users\syawa\.m2\repository\org\apache\commons\commons-text\1.9\commons-text-1.9.jar;C:\Users\syawa\.m2\repository\commons-net\commons-net\3.6\commons-net-3.6.jar;C:\Users\syawa\.m2\repository\com\google\guava\guava\30.1-jre\guava-30.1-jre.jar;C:\Users\syawa\.m2\repository\com\google\guava\failureaccess\1.0.1\failureaccess-1.0.1.jar;C:\Users\syawa\.m2\repository\com\google\guava\listenablefuture\9999.0-empty-to-avoid-conflict-with-guava\listenablefuture-9999.0-empty-to-avoid-conflict-with-guava.jar;C:\Users\syawa\.m2\repository\org\checkerframework\checker-qual\3.5.0\checker-qual-3.5.0.jar;C:\Users\syawa\.m2\repository\com\google\errorprone\error_prone_annotations\2.3.4\error_prone_annotations-2.3.4.jar;C:\Users\syawa\.m2\repository\com\google\j2objc\j2objc-annotations\1.3\j2objc-annotations-1.3.jar;C:\Users\syawa\.m2\repository\com\google\inject\guice\5.0.1\guice-5.0.1.jar;C:\Users\syawa\.m2\repository\javax\inject\javax.inject\1\javax.inject-1.jar;C:\Users\syawa\.m2\repository\aopalliance\aopalliance\1.0\aopalliance-1.0.jar;C:\Users\syawa\.m2\repository\org\jsoup\jsoup\1.13.1\jsoup-1.13.1.jar;C:\Users\syawa\.m2\repository\com\thoughtworks\xstream\xstream\1.4.17\xstream-1.4.17.jar;C:\Users\syawa\.m2\repository\io\github\x-stream\mxparser\1.2.1\mxparser-1.2.1.jar;C:\Users\syawa\.m2\repository\xmlpull\xmlpull\1.1.3.1\xmlpull-1.1.3.1.jar;C:\Users\syawa\.m2\repository\io\cucumber\cucumber-core\6.10.2\cucumber-core-6.10.2.jar;C:\Users\syawa\.m2\repository\io\cucumber\cucumber-gherkin\6.10.2\cucumber-gherkin-6.10.2.jar;C:\Users\syawa\.m2\repository\io\cucumber\cucumber-gherkin-messages\6.10.2\cucumber-gherkin-messages-6.10.2.jar;C:\Users\syawa\.m2\repository\io\cucumber\messages\14.0.1\messages-14.0.1.jar;C:\Users\syawa\.m2\repository\io\cucumber\tag-expressions\3.0.0\tag-expressions-3.0.0.jar;C:\Users\syawa\.m2\repository\io\cucumber\cucumber-expressions\10.3.0\cucumber-expressions-10.3.0.jar;C:\Users\syawa\.m2\repository\io\cucumber\cucumber-plugin\6.10.2\cucumber-plugin-6.10.2.jar;C:\Users\syawa\.m2\repository\io\cucumber\docstring\6.10.2\docstring-6.10.2.jar;C:\Users\syawa\.m2\repository\io\cucumber\html-formatter\12.0.0\html-formatter-12.0.0.jar;C:\Users\syawa\.m2\repository\io\cucumber\create-meta\3.0.0\create-meta-3.0.0.jar;C:\Users\syawa\.m2\repository\com\typesafe\config\1.3.1\config-1.3.1.jar;C:\Users\syawa\.m2\repository\org\imgscalr\imgscalr-lib\4.2\imgscalr-lib-4.2.jar;C:\Users\syawa\.m2\repository\org\awaitility\awaitility\4.0.3\awaitility-4.0.3.jar;C:\Users\syawa\.m2\repository\org\freemarker\freemarker\2.3.29\freemarker-2.3.29.jar;C:\Users\syawa\.m2\repository\net\sourceforge\jexcelapi\jxl\2.6.12\jxl-2.6.12.jar;C:\Users\syawa\.m2\repository\org\asciidoctor\asciidoctorj\2.5.1\asciidoctorj-2.5.1.jar;C:\Users\syawa\.m2\repository\org\asciidoctor\asciidoctorj-api\2.5.1\asciidoctorj-api-2.5.1.jar;C:\Users\syawa\.m2\repository\org\jruby\jruby\9.2.17.0\jruby-9.2.17.0.jar;C:\Users\syawa\.m2\repository\org\jruby\jruby-core\9.2.17.0\jruby-core-9.2.17.0.jar;C:\Users\syawa\.m2\repository\com\github\jnr\jnr-netdb\1.2.0\jnr-netdb-1.2.0.jar;C:\Users\syawa\.m2\repository\com\github\jnr\jnr-enxio\0.32.3\jnr-enxio-0.32.3.jar;C:\Users\syawa\.m2\repository\com\github\jnr\jnr-unixsocket\0.38.5\jnr-unixsocket-0.38.5.jar;C:\Users\syawa\.m2\repository\com\github\jnr\jnr-posix\3.1.4\jnr-posix-3.1.4.jar;C:\Users\syawa\.m2\repository\com\github\jnr\jnr-constants\0.10.1\jnr-constants-0.10.1.jar;C:\Users\syawa\.m2\repository\com\github\jnr\jffi\1.3.1\jffi-1.3.1.jar;C:\Users\syawa\.m2\repository\com\github\jnr\jffi\1.3.1\jffi-1.3.1-native.jar;C:\Users\syawa\.m2\repository\org\jruby\joni\joni\2.1.31\joni-2.1.31.jar;C:\Users\syawa\.m2\repository\org\jruby\jcodings\jcodings\1.0.46\jcodings-1.0.46.jar;C:\Users\syawa\.m2\repository\org\jruby\dirgra\0.3\dirgra-0.3.jar;C:\Users\syawa\.m2\repository\com\headius\invokebinder\1.11\invokebinder-1.11.jar;C:\Users\syawa\.m2\repository\com\headius\options\1.4\options-1.4.jar;C:\Users\syawa\.m2\repository\com\jcraft\jzlib\1.1.3\jzlib-1.1.3.jar;C:\Users\syawa\.m2\repository\com\martiansoftware\nailgun-server\0.9.1\nailgun-server-0.9.1.jar;C:\Users\syawa\.m2\repository\com\headius\backport9\1.8\backport9-1.8.jar;C:\Users\syawa\.m2\repository\javax\annotation\javax.annotation-api\1.3.1\javax.annotation-api-1.3.1.jar;C:\Users\syawa\.m2\repository\org\jruby\jruby-stdlib\9.2.17.0\jruby-stdlib-9.2.17.0.jar;C:\Users\syawa\.m2\repository\net\bytebuddy\byte-buddy\1.11.1\byte-buddy-1.11.1.jar;C:\Users\syawa\.m2\repository\net\bytebuddy\byte-buddy-agent\1.11.1\byte-buddy-agent-1.11.1.jar;C:\Users\syawa\.m2\repository\org\objenesis\objenesis\3.1\objenesis-3.1.jar;C:\Users\syawa\.m2\repository\net\serenity-bdd\serenity-reports\2.4.51\serenity-reports-2.4.51.jar;C:\Users\syawa\.m2\repository\net\serenity-bdd\serenity-stats\2.4.51\serenity-stats-2.4.51.jar;C:\Users\syawa\.m2\repository\org\jetbrains\kotlin\kotlin-stdlib\1.5.0\kotlin-stdlib-1.5.0.jar;C:\Users\syawa\.m2\repository\org\jetbrains\annotations\13.0\annotations-13.0.jar;C:\Users\syawa\.m2\repository\org\jetbrains\kotlin\kotlin-stdlib-common\1.5.0\kotlin-stdlib-common-1.5.0.jar;C:\Users\syawa\.m2\repository\net\serenity-bdd\serenity-reports-configuration\2.4.51\serenity-reports-configuration-2.4.51.jar;C:\Users\syawa\.m2\repository\com\vladsch\flexmark\flexmark-all\0.34.30\flexmark-all-0.34.30.jar;C:\Users\syawa\.m2\repository\com\vladsch\flexmark\flexmark\0.34.30\flexmark-0.34.30.jar;C:\Users\syawa\.m2\repository\com\vladsch\flexmark\flexmark-ext-abbreviation\0.34.30\flexmark-ext-abbreviation-0.34.30.jar;C:\Users\syawa\.m2\repository\com\vladsch\flexmark\flexmark-ext-admonition\0.34.30\flexmark-ext-admonition-0.34.30.jar;C:\Users\syawa\.m2\repository\com\vladsch\flexmark\flexmark-ext-anchorlink\0.34.30\flexmark-ext-anchorlink-0.34.30.jar;C:\Users\syawa\.m2\repository\com\vladsch\flexmark\flexmark-ext-aside\0.34.30\flexmark-ext-aside-0.34.30.jar;C:\Users\syawa\.m2\repository\com\vladsch\flexmark\flexmark-ext-attributes\0.34.30\flexmark-ext-attributes-0.34.30.jar;C:\Users\syawa\.m2\repository\com\vladsch\flexmark\flexmark-ext-autolink\0.34.30\flexmark-ext-autolink-0.34.30.jar;C:\Users\syawa\.m2\repository\org\nibor\autolink\autolink\0.6.0\autolink-0.6.0.jar;C:\Users\syawa\.m2\repository\com\vladsch\flexmark\flexmark-ext-definition\0.34.30\flexmark-ext-definition-0.34.30.jar;C:\Users\syawa\.m2\repository\com\vladsch\flexmark\flexmark-ext-emoji\0.34.30\flexmark-ext-emoji-0.34.30.jar;C:\Users\syawa\.m2\repository\com\vladsch\flexmark\flexmark-ext-enumerated-reference\0.34.30\flexmark-ext-enumerated-reference-0.34.30.jar;C:\Users\syawa\.m2\repository\com\vladsch\flexmark\flexmark-ext-escaped-character\0.34.30\flexmark-ext-escaped-character-0.34.30.jar;C:\Users\syawa\.m2\repository\com\vladsch\flexmark\flexmark-ext-footnotes\0.34.30\flexmark-ext-footnotes-0.34.30.jar;C:\Users\syawa\.m2\repository\com\vladsch\flexmark\flexmark-ext-gfm-issues\0.34.30\flexmark-ext-gfm-issues-0.34.30.jar;C:\Users\syawa\.m2\repository\com\vladsch\flexmark\flexmark-ext-gfm-strikethrough\0.34.30\flexmark-ext-gfm-strikethrough-0.34.30.jar;C:\Users\syawa\.m2\repository\com\vladsch\flexmark\flexmark-ext-gfm-tables\0.34.30\flexmark-ext-gfm-tables-0.34.30.jar;C:\Users\syawa\.m2\repository\com\vladsch\flexmark\flexmark-ext-gfm-tasklist\0.34.30\flexmark-ext-gfm-tasklist-0.34.30.jar;C:\Users\syawa\.m2\repository\com\vladsch\flexmark\flexmark-ext-gfm-users\0.34.30\flexmark-ext-gfm-users-0.34.30.jar;C:\Users\syawa\.m2\repository\com\vladsch\flexmark\flexmark-ext-gitlab\0.34.30\flexmark-ext-gitlab-0.34.30.jar;C:\Users\syawa\.m2\repository\com\vladsch\flexmark\flexmark-ext-jekyll-front-matter\0.34.30\flexmark-ext-jekyll-front-matter-0.34.30.jar;C:\Users\syawa\.m2\repository\com\vladsch\flexmark\flexmark-ext-jekyll-tag\0.34.30\flexmark-ext-jekyll-tag-0.34.30.jar;C:\Users\syawa\.m2\repository\com\vladsch\flexmark\flexmark-ext-media-tags\0.34.30\flexmark-ext-media-tags-0.34.30.jar;C:\Users\syawa\.m2\repository\com\vladsch\flexmark\flexmark-test-util\0.34.30\flexmark-test-util-0.34.30.jar;C:\Users\syawa\.m2\repository\com\vladsch\flexmark\flexmark-ext-ins\0.34.30\flexmark-ext-ins-0.34.30.jar;C:\Users\syawa\.m2\repository\com\vladsch\flexmark\flexmark-ext-xwiki-macros\0.34.30\flexmark-ext-xwiki-macros-0.34.30.jar;C:\Users\syawa\.m2\repository\com\vladsch\flexmark\flexmark-ext-superscript\0.34.30\flexmark-ext-superscript-0.34.30.jar;C:\Users\syawa\.m2\repository\com\vladsch\flexmark\flexmark-ext-tables\0.34.30\flexmark-ext-tables-0.34.30.jar;C:\Users\syawa\.m2\repository\com\vladsch\flexmark\flexmark-ext-toc\0.34.30\flexmark-ext-toc-0.34.30.jar;C:\Users\syawa\.m2\repository\com\vladsch\flexmark\flexmark-ext-typographic\0.34.30\flexmark-ext-typographic-0.34.30.jar;C:\Users\syawa\.m2\repository\com\vladsch\flexmark\flexmark-ext-wikilink\0.34.30\flexmark-ext-wikilink-0.34.30.jar;C:\Users\syawa\.m2\repository\com\vladsch\flexmark\flexmark-ext-yaml-front-matter\0.34.30\flexmark-ext-yaml-front-matter-0.34.30.jar;C:\Users\syawa\.m2\repository\com\vladsch\flexmark\flexmark-ext-youtube-embedded\0.34.30\flexmark-ext-youtube-embedded-0.34.30.jar;C:\Users\syawa\.m2\repository\com\vladsch\flexmark\flexmark-formatter\0.34.30\flexmark-formatter-0.34.30.jar;C:\Users\syawa\.m2\repository\com\vladsch\flexmark\flexmark-html-parser\0.34.30\flexmark-html-parser-0.34.30.jar;C:\Users\syawa\.m2\repository\com\vladsch\flexmark\flexmark-jira-converter\0.34.30\flexmark-jira-converter-0.34.30.jar;C:\Users\syawa\.m2\repository\com\vladsch\flexmark\flexmark-pdf-converter\0.34.30\flexmark-pdf-converter-0.34.30.jar;C:\Users\syawa\.m2\repository\com\openhtmltopdf\openhtmltopdf-core\0.0.1-RC13\openhtmltopdf-core-0.0.1-RC13.jar;C:\Users\syawa\.m2\repository\com\openhtmltopdf\openhtmltopdf-pdfbox\0.0.1-RC13\openhtmltopdf-pdfbox-0.0.1-RC13.jar;C:\Users\syawa\.m2\repository\org\apache\pdfbox\pdfbox\2.0.8\pdfbox-2.0.8.jar;C:\Users\syawa\.m2\repository\org\apache\pdfbox\fontbox\2.0.8\fontbox-2.0.8.jar;C:\Users\syawa\.m2\repository\org\apache\pdfbox\xmpbox\2.0.8\xmpbox-2.0.8.jar;C:\Users\syawa\.m2\repository\de\rototor\pdfbox\graphics2d\0.12\graphics2d-0.12.jar;C:\Users\syawa\.m2\repository\com\openhtmltopdf\openhtmltopdf-rtl-support\0.0.1-RC13\openhtmltopdf-rtl-support-0.0.1-RC13.jar;C:\Users\syawa\.m2\repository\com\ibm\icu\icu4j\59.1\icu4j-59.1.jar;C:\Users\syawa\.m2\repository\com\openhtmltopdf\openhtmltopdf-jsoup-dom-converter\0.0.1-RC13\openhtmltopdf-jsoup-dom-converter-0.0.1-RC13.jar;C:\Users\syawa\.m2\repository\com\vladsch\flexmark\flexmark-profile-pegdown\0.34.30\flexmark-profile-pegdown-0.34.30.jar;C:\Users\syawa\.m2\repository\com\vladsch\flexmark\flexmark-util\0.34.30\flexmark-util-0.34.30.jar;C:\Users\syawa\.m2\repository\com\vladsch\flexmark\flexmark-youtrack-converter\0.34.30\flexmark-youtrack-converter-0.34.30.jar;C:\Users\syawa\.m2\repository\es\nitaur\markdown\txtmark\0.16\txtmark-0.16.jar;C:\Users\syawa\.m2\repository\net\serenity-bdd\serenity-report-resources\2.4.51\serenity-report-resources-2.4.51.jar;C:\Users\syawa\.m2\repository\com\google\code\gson\gson\2.8.7\gson-2.8.7.jar;C:\Users\syawa\.m2\repository\com\fasterxml\jackson\core\jackson-core\2.12.4\jackson-core-2.12.4.jar;C:\Users\syawa\.m2\repository\com\fasterxml\jackson\core\jackson-databind\2.12.4\jackson-databind-2.12.4.jar;C:\Users\syawa\.m2\repository\com\fasterxml\jackson\core\jackson-annotations\2.12.4\jackson-annotations-2.12.4.jar;C:\Users\syawa\.m2\repository\commons-codec\commons-codec\1.15\commons-codec-1.15.jar;C:\Users\syawa\.m2\repository\commons-io\commons-io\2.8.0\commons-io-2.8.0.jar;C:\Users\syawa\.m2\repository\org\seleniumhq\selenium\selenium-server\3.141.59\selenium-server-3.141.59.jar;C:\Users\syawa\.m2\repository\org\seleniumhq\selenium\selenium-opera-driver\3.141.59\selenium-opera-driver-3.141.59.jar;C:\Users\syawa\.m2\repository\org\seleniumhq\selenium\selenium-remote-driver\3.141.59\selenium-remote-driver-3.141.59.jar;C:\Users\syawa\.m2\repository\org\seleniumhq\selenium\selenium-safari-driver\3.141.59\selenium-safari-driver-3.141.59.jar;C:\Users\syawa\.m2\repository\com\beust\jcommander\1.72\jcommander-1.72.jar;C:\Users\syawa\.m2\repository\org\apache\commons\commons-exec\1.3\commons-exec-1.3.jar;C:\Users\syawa\.m2\repository\net\jcip\jcip-annotations\1.0\jcip-annotations-1.0.jar;C:\Users\syawa\.m2\repository\org\seleniumhq\selenium\jetty-repacked\9.4.12.v20180830\jetty-repacked-9.4.12.v20180830.jar;C:\Users\syawa\.m2\repository\com\squareup\okhttp3\okhttp\3.11.0\okhttp-3.11.0.jar;C:\Users\syawa\.m2\repository\com\squareup\okio\okio\1.14.0\okio-1.14.0.jar;C:\Users\syawa\.m2\repository\javax\servlet\javax.servlet-api\3.1.0\javax.servlet-api-3.1.0.jar;C:\Users\syawa\.m2\repository\org\yaml\snakeyaml\1.19\snakeyaml-1.19.jar;C:\Users\syawa\.m2\repository\org\seleniumhq\selenium\selenium-java\3.141.59\selenium-java-3.141.59.jar;C:\Users\syawa\.m2\repository\org\seleniumhq\selenium\selenium-api\3.141.59\selenium-api-3.141.59.jar;C:\Users\syawa\.m2\repository\org\seleniumhq\selenium\selenium-support\3.141.59\selenium-support-3.141.59.jar;C:\Users\syawa\.m2\repository\org\seleniumhq\selenium\selenium-chrome-driver\3.141.59\selenium-chrome-driver-3.141.59.jar;C:\Users\syawa\.m2\repository\org\seleniumhq\selenium\selenium-firefox-driver\3.141.59\selenium-firefox-driver-3.141.59.jar;C:\Users\syawa\.m2\repository\org\seleniumhq\selenium\selenium-edge-driver\3.141.59\selenium-edge-driver-3.141.59.jar;C:\Users\syawa\.m2\repository\org\seleniumhq\selenium\selenium-ie-driver\3.141.59\selenium-ie-driver-3.141.59.jar;C:\Users\syawa\.m2\repository\net\sourceforge\htmlunit\htmlunit\2.47.1\htmlunit-2.47.1.jar;C:\Users\syawa\.m2\repository\xalan\xalan\2.7.2\xalan-2.7.2.jar;C:\Users\syawa\.m2\repository\xalan\serializer\2.7.2\serializer-2.7.2.jar;C:\Users\syawa\.m2\repository\net\sourceforge\htmlunit\htmlunit-core-js\2.47.0\htmlunit-core-js-2.47.0.jar;C:\Users\syawa\.m2\repository\net\sourceforge\htmlunit\neko-htmlunit\2.47.1\neko-htmlunit-2.47.1.jar;C:\Users\syawa\.m2\repository\xerces\xercesImpl\2.12.0\xercesImpl-2.12.0.jar;C:\Users\syawa\.m2\repository\xml-apis\xml-apis\1.4.01\xml-apis-1.4.01.jar;C:\Users\syawa\.m2\repository\net\sourceforge\htmlunit\htmlunit-cssparser\1.7.0\htmlunit-cssparser-1.7.0.jar;C:\Users\syawa\.m2\repository\org\brotli\dec\0.1.2\dec-0.1.2.jar;C:\Users\syawa\.m2\repository\com\shapesecurity\salvation2\3.0.0\salvation2-3.0.0.jar;C:\Users\syawa\.m2\repository\org\eclipse\jetty\websocket\websocket-client\9.4.36.v20210114\websocket-client-9.4.36.v20210114.jar;C:\Users\syawa\.m2\repository\org\eclipse\jetty\jetty-client\9.4.36.v20210114\jetty-client-9.4.36.v20210114.jar;C:\Users\syawa\.m2\repository\org\eclipse\jetty\jetty-http\9.4.36.v20210114\jetty-http-9.4.36.v20210114.jar;C:\Users\syawa\.m2\repository\org\eclipse\jetty\jetty-util\9.4.36.v20210114\jetty-util-9.4.36.v20210114.jar;C:\Users\syawa\.m2\repository\org\eclipse\jetty\jetty-io\9.4.36.v20210114\jetty-io-9.4.36.v20210114.jar;C:\Users\syawa\.m2\repository\org\eclipse\jetty\websocket\websocket-common\9.4.36.v20210114\websocket-common-9.4.36.v20210114.jar;C:\Users\syawa\.m2\repository\org\eclipse\jetty\websocket\websocket-api\9.4.36.v20210114\websocket-api-9.4.36.v20210114.jar;C:\Users\syawa\.m2\repository\org\projectlombok\lombok\1.18.20\lombok-1.18.20.jar;C:\Users\syawa\.m2\repository\org\seleniumhq\selenium\htmlunit-driver\2.47.1\htmlunit-driver-2.47.1.jar;C:\Users\syawa\.m2\repository\com\codeborne\phantomjsdriver\1.4.4\phantomjsdriver-1.4.4.jar;C:\Users\syawa\.m2\repository\io\appium\java-client\7.5.1\java-client-7.5.1.jar;C:\Users\syawa\.m2\repository\commons-validator\commons-validator\1.7\commons-validator-1.7.jar;C:\Users\syawa\.m2\repository\commons-digester\commons-digester\2.1\commons-digester-2.1.jar;C:\Users\syawa\.m2\repository\org\aspectj\aspectjweaver\1.9.6\aspectjweaver-1.9.6.jar;C:\Users\syawa\.m2\repository\net\sf\opencsv\opencsv\2.0\opencsv-2.0.jar;C:\Users\syawa\.m2\repository\commons-beanutils\commons-beanutils\1.9.4\commons-beanutils-1.9.4.jar;C:\Users\syawa\.m2\repository\org\apache\commons\commons-lang3\3.11\commons-lang3-3.11.jar;C:\Users\syawa\.m2\repository\commons-collections\commons-collections\3.2.2\commons-collections-3.2.2.jar;C:\Users\syawa\.m2\repository\org\fluentlenium\fluentlenium-core\0.10.2\fluentlenium-core-0.10.2.jar;C:\Users\syawa\.m2\repository\io\github\bonigarcia\webdrivermanager\4.4.1\webdrivermanager-4.4.1.jar;C:\Users\syawa\.m2\repository\org\apache\httpcomponents\client5\httpclient5\5.0.3\httpclient5-5.0.3.jar;C:\Users\syawa\.m2\repository\org\apache\httpcomponents\core5\httpcore5\5.0.2\httpcore5-5.0.2.jar;C:\Users\syawa\.m2\repository\org\apache\httpcomponents\core5\httpcore5-h2\5.0.2\httpcore5-h2-5.0.2.jar;C:\Users\syawa\.m2\repository\org\rauschig\jarchivelib\1.1.0\jarchivelib-1.1.0.jar;C:\Users\syawa\.m2\repository\org\apache\commons\commons-compress\1.20\commons-compress-1.20.jar;C:\Users\syawa\.m2\repository\com\jhlabs\filters\2.0.235\filters-2.0.235.jar;C:\Users\syawa\.m2\repository\com\paulhammant\ngwebdriver\1.1.5\ngwebdriver-1.1.5.jar;C:\Users\syawa\.m2\repository\joda-time\joda-time\2.8.2\joda-time-2.8.2.jar;C:\Users\syawa\.m2\repository\com\google\jimfs\jimfs\1.1\jimfs-1.1.jar;C:\Users\syawa\.m2\repository\org\mockito\mockito-core\3.3.3\mockito-core-3.3.3.jar;C:\Users\syawa\.m2\repository\javax\xml\bind\jaxb-api\2.3.1\jaxb-api-2.3.1.jar;C:\Users\syawa\.m2\repository\javax\activation\javax.activation-api\1.2.0\javax.activation-api-1.2.0.jar;C:\Users\syawa\.m2\repository\com\sun\xml\bind\jaxb-core\2.3.0.1\jaxb-core-2.3.0.1.jar;C:\Users\syawa\.m2\repository\com\sun\xml\bind\jaxb-impl\2.3.3\jaxb-impl-2.3.3.jar;C:\Users\syawa\.m2\repository\com\sun\activation\jakarta.activation\1.2.2\jakarta.activation-1.2.2.jar;C:\Users\syawa\.m2\repository\javax\activation\activation\1.1.1\activation-1.1.1.jar;C:\Users\syawa\.m2\repository\net\serenity-bdd\serenity-junit\2.4.51\serenity-junit-2.4.51.jar;C:\Users\syawa\.m2\repository\net\serenity-bdd\serenity-rest-assured\2.4.51\serenity-rest-assured-2.4.51.jar;C:\Users\syawa\.m2\repository\org\codehaus\groovy\groovy-json\3.0.8\groovy-json-3.0.8.jar;C:\Users\syawa\.m2\repository\org\opentest4j\opentest4j\1.2.0\opentest4j-1.2.0.jar;C:\Users\syawa\.m2\repository\net\serenity-bdd\serenity-screenplay\2.4.51\serenity-screenplay-2.4.51.jar;C:\Users\syawa\.m2\repository\net\serenity-bdd\serenity-screenplay-rest\2.4.51\serenity-screenplay-rest-2.4.51.jar;C:\Users\syawa\.m2\repository\net\serenity-bdd\serenity-cucumber6\2.4.51\serenity-cucumber6-2.4.51.jar;C:\Users\syawa\.m2\repository\net\serenity-bdd\serenity-screenplay-webdriver\2.4.51\serenity-screenplay-webdriver-2.4.51.jar;C:\Users\syawa\.m2\repository\io\cucumber\cucumber-java\6.10.4\cucumber-java-6.10.4.jar;C:\Users\syawa\.m2\repository\org\apiguardian\apiguardian-api\1.1.1\apiguardian-api-1.1.1.jar;C:\Users\syawa\.m2\repository\io\cucumber\cucumber-junit\6.10.4\cucumber-junit-6.10.4.jar;C:\Users\syawa\.m2\repository\io\cucumber\datatable-matchers\3.4.0\datatable-matchers-3.4.0.jar;C:\Users\syawa\.m2\repository\io\cucumber\datatable\3.4.0\datatable-3.4.0.jar;C:\Users\syawa\.m2\repository\commons-logging\commons-logging\1.2\commons-logging-1.2.jar;C:\Users\syawa\.m2\repository\org\apache\commons\commons-csv\1.5\commons-csv-1.5.jar;C:\Users\syawa\.m2\repository\io\rest-assured\rest-assured\4.3.2\rest-assured-4.3.2.jar;C:\Users\syawa\.m2\repository\org\apache\httpcomponents\httpclient\4.5.3\httpclient-4.5.3.jar;C:\Users\syawa\.m2\repository\org\apache\httpcomponents\httpcore\4.4.6\httpcore-4.4.6.jar;C:\Users\syawa\.m2\repository\org\apache\httpcomponents\httpmime\4.5.3\httpmime-4.5.3.jar;C:\Users\syawa\.m2\repository\org\ccil\cowan\tagsoup\tagsoup\1.2.1\tagsoup-1.2.1.jar;C:\Users\syawa\.m2\repository\io\rest-assured\json-path\4.3.3\json-path-4.3.3.jar;C:\Users\syawa\.m2\repository\io\rest-assured\rest-assured-common\4.3.3\rest-assured-common-4.3.3.jar;C:\Users\syawa\.m2\repository\io\rest-assured\xml-path\4.3.3\xml-path-4.3.3.jar;C:\Users\syawa\.m2\repository\jakarta\xml\bind\jakarta.xml.bind-api\2.3.3\jakarta.xml.bind-api-2.3.3.jar;C:\Users\syawa\.m2\repository\jakarta\activation\jakarta.activation-api\1.2.2\jakarta.activation-api-1.2.2.jar;C:\Users\syawa\.m2\repository\org\codehaus\groovy\groovy\3.0.6\groovy-3.0.6.jar;C:\Users\syawa\.m2\repository\org\codehaus\groovy\groovy-xml\3.0.6\groovy-xml-3.0.6.jar;C:\Users\syawa\.m2\repository\junit\junit\4.13.1\junit-4.13.1.jar;C:\Users\syawa\.m2\repository\org\hamcrest\hamcrest-core\1.3\hamcrest-core-1.3.jar;C:\Users\syawa\.m2\repository\org\assertj\assertj-core\3.6.2\assertj-core-3.6.2.jar;C:\Users\syawa\.m2\repository\org\hamcrest\hamcrest\2.2\hamcrest-2.2.jar;C:\Users\syawa\.m2\repository\io\rest-assured\json-schema-validator\5.2.0\json-schema-validator-5.2.0.jar;C:\Users\syawa\.m2\repository\com\github\java-json-tools\json-schema-validator\2.2.14\json-schema-validator-2.2.14.jar;C:\Users\syawa\.m2\repository\com\github\java-json-tools\jackson-coreutils-equivalence\1.0\jackson-coreutils-equivalence-1.0.jar;C:\Users\syawa\.m2\repository\com\github\java-json-tools\jackson-coreutils\2.0\jackson-coreutils-2.0.jar;C:\Users\syawa\.m2\repository\com\github\java-json-tools\msg-simple\1.2\msg-simple-1.2.jar;C:\Users\syawa\.m2\repository\com\github\java-json-tools\btf\1.3\btf-1.3.jar;C:\Users\syawa\.m2\repository\com\github\java-json-tools\json-schema-core\1.2.14\json-schema-core-1.2.14.jar;C:\Users\syawa\.m2\repository\com\github\java-json-tools\uri-template\0.10\uri-template-0.10.jar;C:\Users\syawa\.m2\repository\org\mozilla\rhino\1.7.7.2\rhino-1.7.7.2.jar;C:\Users\syawa\.m2\repository\com\sun\mail\mailapi\1.6.2\mailapi-1.6.2.jar;C:\Users\syawa\.m2\repository\com\googlecode\libphonenumber\libphonenumber\8.11.1\libphonenumber-8.11.1.jar;C:\Users\syawa\.m2\repository\com\google\code\findbugs\jsr305\3.0.2\jsr305-3.0.2.jar;C:\Users\syawa\.m2\repository\net\sf\jopt-simple\jopt-simple\5.0.4\jopt-simple-5.0.4.jar;C:\Users\syawa\.m2\repository\org\apache\maven\surefire\surefire-junit47\3.0.0-M5\surefire-junit47-3.0.0-M5.jar;C:\Users\syawa\.m2\repository\org\apache\maven\surefire\common-java5\3.0.0-M5\common-java5-3.0.0-M5.jar;C:\Users\syawa\.m2\repository\org\apache\maven\surefire\common-junit3\3.0.0-M5\common-junit3-3.0.0-M5.jar;C:\Users\syawa\.m2\repository\org\apache\maven\surefire\common-junit4\3.0.0-M5\common-junit4-3.0.0-M5.jar;C:\Users\syawa\.m2\repository\org\apache\maven\surefire\common-junit48\3.0.0-M5\common-junit48-3.0.0-M5.jar;C:\Users\syawa\.m2\repository\org\apache\maven\surefire\surefire-grouper\3.0.0-M5\surefire-grouper-3.0.0-M5.jar"/>
    <property name="user.script" value=""/>
    <property name="sun.management.compiler" value="HotSpot 64-Bit Tiered Compilers"/>
    <property name="java.runtime.version" value="11.0.17+10-LTS-269"/>
    <property name="user.name" value="syawa"/>
    <property name="path.separator" value=";"/>
    <property name="os.version" value="10.0"/>
    <property name="java.runtime.name" value="Java(TM) SE Runtime Environment"/>
    <property name="file.encoding" value="Cp1252"/>
    <property name="webdriver.base.url" value=""/>
    <property name="java.vm.name" value="Java HotSpot(TM) 64-Bit Server VM"/>
    <property name="java.vendor.version" value="18.9"/>
    <property name="localRepository" value="C:\Users\syawa\.m2\repository"/>
    <property name="java.vendor.url.bug" value="https://bugreport.java.com/bugreport/"/>
    <property name="java.io.tmpdir" value="C:\Users\syawa\AppData\Local\Temp\"/>
    <property name="java.version" value="11.0.17"/>
    <property name="user.dir" value="C:\Users\syawa\API-Automate"/>
    <property name="os.arch" value="amd64"/>
    <property name="java.vm.specification.name" value="Java Virtual Machine Specification"/>
    <property name="java.awt.printerjob" value="sun.awt.windows.WPrinterJob"/>
    <property name="sun.os.patch.level" value=""/>
    <property name="java.library.path" value="C:\Program Files\Java\jdk-11.0.17\bin;C:\WINDOWS\Sun\Java\bin;C:\WINDOWS\system32;C:\WINDOWS;C:\Program Files\Common Files\Oracle\Java\javapath;C:\Python311\Scripts\;C:\Python311\;C:\Program Files (x86)\Common Files\Oracle\Java\javapath;C:\WINDOWS\system32;C:\WINDOWS;C:\WINDOWS\System32\Wbem;C:\WINDOWS\System32\WindowsPowerShell\v1.0\;C:\WINDOWS\System32\OpenSSH\;C:\Users\syawa\AppData\Local\Android\Sdk\platform-tools;C:\Users\syawa\AppData\Local\Android\Sdk\tools;%JAVA_HOME%\bin;C:\Program Files\nodejs\;C:\ProgramData\chocolatey\bin;C:\Program Files\Git\cmd;C:\apache-maven-3.8.6\bin;C:\Users\syawa\AppData\Local\Microsoft\WindowsApps;;C:\Program Files\JetBrains\IntelliJ IDEA Community Edition 2022.2.2\bin;;C:\Users\syawa\AppData\Roaming\npm;."/>
    <property name="java.vendor" value="Oracle Corporation"/>
    <property name="java.vm.info" value="mixed mode"/>
    <property name="java.vm.version" value="11.0.17+10-LTS-269"/>
    <property name="sun.io.unicode.encoding" value="UnicodeLittle"/>
    <property name="java.class.version" value="55.0"/>
  </properties>
  <testcase name="Get all vehicle service with valid parameter id #1" classname="Service vehicle customer" time="0.319">
    <system-out><![CDATA[

14
 Scenarios (
&amp#27;[32m14 passed&amp#27;[0m
)


70
 Steps (
&amp#27;[32m70 passed&amp#27;[0m
)


0m
11.904s






07:15:22.126 [pool-2-thread-1] DEBUG net.thucydides.core.reports.ReportService - Reporting formats: [JSON, HTML]

07:15:22.201 [pool-2-thread-1] DEBUG net.thucydides.core.reports.ReportService - Reporting formats: [JSON, HTML]

07:15:22.218 [pool-2-thread-1] DEBUG net.thucydides.core.reports.ReportService - Generating reports for 10 test outcomes using: net.thucydides.core.reports.json.JSONTestOutcomeReporter@4b06b369

07:15:22.219 [pool-3-thread-1] DEBUG net.thucydides.core.reports.ReportService - Processing test outcome Login admin Feature testing:Login Admin with valid email and password

07:15:22.220 [pool-3-thread-4] DEBUG net.thucydides.core.reports.ReportService - Processing test outcome Login admin Feature testing:Login Admin Without Email

07:15:22.220 [pool-3-thread-7] DEBUG net.thucydides.core.reports.ReportService - Processing test outcome Service vehicle customer:Get all Vehicle service with invalid parameter id

07:15:22.220 [pool-3-thread-7] INFO net.thucydides.core.reports.ReportService - net.thucydides.core.reports.json.JSONTestOutcomeReporter@4b06b369: Generating report for test outcome: Service vehicle customer:Get all Vehicle service with invalid parameter id

07:15:22.220 [pool-3-thread-3] DEBUG net.thucydides.core.reports.ReportService - Processing test outcome Login admin Feature testing:Login Admin With Invalid path

07:15:22.220 [pool-3-thread-5] DEBUG net.thucydides.core.reports.ReportService - Processing test outcome Login admin Feature testing:Login admin Without Password

07:15:22.219 [pool-3-thread-2] DEBUG net.thucydides.core.reports.ReportService - Processing test outcome Login admin Feature testing:Login Admin with invalid email and password

07:15:22.220 [pool-3-thread-1] INFO net.thucydides.core.reports.ReportService - net.thucydides.core.reports.json.JSONTestOutcomeReporter@4b06b369: Generating report for test outcome: Login admin Feature testing:Login Admin with valid email and password

07:15:22.220 [pool-3-thread-6] DEBUG net.thucydides.core.reports.ReportService - Processing test outcome Service vehicle customer:Get all vehicle service with valid parameter id

07:15:22.220 [pool-3-thread-8] DEBUG net.thucydides.core.reports.ReportService - Processing test outcome Service vehicle customer:Get Vehicle service without id

07:15:22.220 [pool-3-thread-4] INFO net.thucydides.core.reports.ReportService - net.thucydides.core.reports.json.JSONTestOutcomeReporter@4b06b369: Generating report for test outcome: Login admin Feature testing:Login Admin Without Email

07:15:22.220 [pool-3-thread-3] INFO net.thucydides.core.reports.ReportService - net.thucydides.core.reports.json.JSONTestOutcomeReporter@4b06b369: Generating report for test outcome: Login admin Feature testing:Login Admin With Invalid path

07:15:22.220 [pool-3-thread-5] INFO net.thucydides.core.reports.ReportService - net.thucydides.core.reports.json.JSONTestOutcomeReporter@4b06b369: Generating report for test outcome: Login admin Feature testing:Login admin Without Password

07:15:22.220 [pool-3-thread-2] INFO net.thucydides.core.reports.ReportService - net.thucydides.core.reports.json.JSONTestOutcomeReporter@4b06b369: Generating report for test outcome: Login admin Feature testing:Login Admin with invalid email and password

07:15:22.221 [pool-3-thread-6] INFO net.thucydides.core.reports.ReportService - net.thucydides.core.reports.json.JSONTestOutcomeReporter@4b06b369: Generating report for test outcome: Service vehicle customer:Get all vehicle service with valid parameter id

07:15:22.221 [pool-3-thread-8] INFO net.thucydides.core.reports.ReportService - net.thucydides.core.reports.json.JSONTestOutcomeReporter@4b06b369: Generating report for test outcome: Service vehicle customer:Get Vehicle service without id

07:15:22.234 [pool-3-thread-5] DEBUG net.thucydides.core.reports.json.JSONTestOutcomeReporter - Generating JSON report for Login admin Without Password to file C:\Users\syawa\API-Automate\target\site\serenity\6ea875f397e3a87e2695d2fdde2e7d91e6fc67d9478dd3d293e56f8ba1adf043.json (using temp file C:\Users\syawa\API-Automate\target\site\serenity\6ea875f397e3a87e2695d2fdde2e7d91e6fc67d9478dd3d293e56f8ba1adf043.json9d1a20c7-f6f0-450d-8575-f1dbd3bb5a6b)

07:15:22.234 [pool-3-thread-7] DEBUG net.thucydides.core.reports.json.JSONTestOutcomeReporter - Generating JSON report for Get all Vehicle service with invalid parameter id to file C:\Users\syawa\API-Automate\target\site\serenity\80da72096313fe96dfc7dd10250301c81f29a8a8fdb41eef94cb8f8efdb535f7.json (using temp file C:\Users\syawa\API-Automate\target\site\serenity\80da72096313fe96dfc7dd10250301c81f29a8a8fdb41eef94cb8f8efdb535f7.json5fdab522-1703-4092-9130-d9f6be35565e)

07:15:22.234 [pool-3-thread-3] DEBUG net.thucydides.core.reports.json.JSONTestOutcomeReporter - Generating JSON report for Login Admin With Invalid path to file C:\Users\syawa\API-Automate\target\site\serenity\4de04a11f425462b846f9e7dc3e7155188e6e4eddf32446b57b6873131a5edb2.json (using temp file C:\Users\syawa\API-Automate\target\site\serenity\4de04a11f425462b846f9e7dc3e7155188e6e4eddf32446b57b6873131a5edb2.json446e7227-45e3-4b3f-8a1b-34c1ed184f73)

07:15:22.234 [pool-3-thread-8] DEBUG net.thucydides.core.reports.json.JSONTestOutcomeReporter - Generating JSON report for Get Vehicle service without id to file C:\Users\syawa\API-Automate\target\site\serenity\b4253d05fc152eca07045f09493a78864415aa350c8d20468bce3ba89f2abec0.json (using temp file C:\Users\syawa\API-Automate\target\site\serenity\b4253d05fc152eca07045f09493a78864415aa350c8d20468bce3ba89f2abec0.json4e5ec4f1-2005-40d9-a85f-de0a113f0e59)

07:15:22.234 [pool-3-thread-4] DEBUG net.thucydides.core.reports.json.JSONTestOutcomeReporter - Generating JSON report for Login Admin Without Email to file C:\Users\syawa\API-Automate\target\site\serenity\83c9b53c8f5ce34d15b4f2f34d166d8f59bb1683964fd2bd9bc145a3e5cbe0e8.json (using temp file C:\Users\syawa\API-Automate\target\site\serenity\83c9b53c8f5ce34d15b4f2f34d166d8f59bb1683964fd2bd9bc145a3e5cbe0e8.jsonf5f4c876-1b54-4d44-a7c4-9b206fbf738d)

07:15:22.235 [pool-3-thread-6] DEBUG net.thucydides.core.reports.json.JSONTestOutcomeReporter - Generating JSON report for Get all vehicle service with valid parameter id to file C:\Users\syawa\API-Automate\target\site\serenity\a3cacb694d12629372cf1b4fbc1f2b58e6a3e5431dcf01f2f0bfa3cc9559394f.json (using temp file C:\Users\syawa\API-Automate\target\site\serenity\a3cacb694d12629372cf1b4fbc1f2b58e6a3e5431dcf01f2f0bfa3cc9559394f.json2d533951-64d5-409c-ac50-ea317a65ad4e)

07:15:22.235 [pool-3-thread-1] DEBUG net.thucydides.core.reports.json.JSONTestOutcomeReporter - Generating JSON report for Login Admin with valid email and password to file C:\Users\syawa\API-Automate\target\site\serenity\11835b7c0977ff4d9ad4eb4f3271a9d5bfb1845b8884c77f7127031411c6ce15.json (using temp file C:\Users\syawa\API-Automate\target\site\serenity\11835b7c0977ff4d9ad4eb4f3271a9d5bfb1845b8884c77f7127031411c6ce15.json00d13cfe-301b-4dbe-a3ef-91e018500c99)

07:15:22.235 [pool-3-thread-2] DEBUG net.thucydides.core.reports.json.JSONTestOutcomeReporter - Generating JSON report for Login Admin with invalid email and password to file C:\Users\syawa\API-Automate\target\site\serenity\e8934c2f025c0198248d272923abf1de4d1e83dbcfef4a22bfc95463609cb232.json (using temp file C:\Users\syawa\API-Automate\target\site\serenity\e8934c2f025c0198248d272923abf1de4d1e83dbcfef4a22bfc95463609cb232.json7c65a6d4-08c3-4307-9e3a-85af1b63aa57)

07:15:22.286 [pool-3-thread-4] DEBUG net.thucydides.core.reports.ReportService - Processing test outcome Login admin Feature testing:Login Admin Without Email done

07:15:22.286 [pool-3-thread-2] DEBUG net.thucydides.core.reports.ReportService - Processing test outcome Login admin Feature testing:Login Admin with invalid email and password done

07:15:22.286 [pool-3-thread-5] DEBUG net.thucydides.core.reports.ReportService - Processing test outcome Login admin Feature testing:Login admin Without Password done

07:15:22.286 [pool-3-thread-4] DEBUG net.thucydides.core.reports.ReportService - Processing test outcome Service vehicle customer:Get vehicle service customer with invalid path

07:15:22.286 [pool-3-thread-2] DEBUG net.thucydides.core.reports.ReportService - Processing test outcome Service vehicle customer:Get vehicle service customer with invalid token

07:15:22.286 [pool-3-thread-4] INFO net.thucydides.core.reports.ReportService - net.thucydides.core.reports.json.JSONTestOutcomeReporter@4b06b369: Generating report for test outcome: Service vehicle customer:Get vehicle service customer with invalid path

07:15:22.287 [pool-3-thread-2] INFO net.thucydides.core.reports.ReportService - net.thucydides.core.reports.json.JSONTestOutcomeReporter@4b06b369: Generating report for test outcome: Service vehicle customer:Get vehicle service customer with invalid token

07:15:22.287 [pool-3-thread-8] DEBUG net.thucydides.core.reports.ReportService - Processing test outcome Service vehicle customer:Get Vehicle service without id done

07:15:22.287 [pool-3-thread-1] DEBUG net.thucydides.core.reports.ReportService - Processing test outcome Login admin Feature testing:Login Admin with valid email and password done

07:15:22.288 [pool-3-thread-2] DEBUG net.thucydides.core.reports.json.JSONTestOutcomeReporter - Generating JSON report for Get vehicle service customer with invalid token to file C:\Users\syawa\API-Automate\target\site\serenity\805c6e250cc5e95ad3abc3699f7edac9f66e69bf3f36c1d92b20e96da4f61279.json (using temp file C:\Users\syawa\API-Automate\target\site\serenity\805c6e250cc5e95ad3abc3699f7edac9f66e69bf3f36c1d92b20e96da4f61279.jsonc5585b05-b537-4d09-8917-f4e564284517)

07:15:22.288 [pool-3-thread-4] DEBUG net.thucydides.core.reports.json.JSONTestOutcomeReporter - Generating JSON report for Get vehicle service customer with invalid path to file C:\Users\syawa\API-Automate\target\site\serenity\c5024a99877ac58d43604494974d9b402e09a5ee7bc6cac523d35367431d8cb0.json (using temp file C:\Users\syawa\API-Automate\target\site\serenity\c5024a99877ac58d43604494974d9b402e09a5ee7bc6cac523d35367431d8cb0.json0fbb3bba-4050-4374-9e58-7884a0b550f0)

07:15:22.288 [pool-3-thread-3] DEBUG net.thucydides.core.reports.ReportService - Processing test outcome Login admin Feature testing:Login Admin With Invalid path done

07:15:22.292 [pool-3-thread-7] DEBUG net.thucydides.core.reports.ReportService - Processing test outcome Service vehicle customer:Get all Vehicle service with invalid parameter id done

07:15:22.293 [pool-3-thread-6] DEBUG net.thucydides.core.reports.ReportService - Processing test outcome Service vehicle customer:Get all vehicle service with valid parameter id done

07:15:22.294 [pool-3-thread-4] DEBUG net.thucydides.core.reports.ReportService - Processing test outcome Service vehicle customer:Get vehicle service customer with invalid path done

07:15:22.294 [pool-3-thread-2] DEBUG net.thucydides.core.reports.ReportService - Processing test outcome Service vehicle customer:Get vehicle service customer with invalid token done

07:15:22.294 [pool-2-thread-1] DEBUG net.thucydides.core.reports.ReportService - Shutting down executor service

07:15:22.295 [pool-2-thread-1] DEBUG net.thucydides.core.reports.ReportService - Reports generated in: 77 ms

07:15:22.295 [pool-2-thread-1] DEBUG net.thucydides.core.reports.ReportService - Generating reports for 10 test outcomes using: net.thucydides.core.reports.html.HtmlAcceptanceTestReporter@4a10db4d

07:15:22.295 [pool-4-thread-1] DEBUG net.thucydides.core.reports.ReportService - Processing test outcome Login admin Feature testing:Login Admin with valid email and password

07:15:22.296 [pool-4-thread-2] DEBUG net.thucydides.core.reports.ReportService - Processing test outcome Login admin Feature testing:Login Admin with invalid email and password

07:15:22.296 [pool-4-thread-3] DEBUG net.thucydides.core.reports.ReportService - Processing test outcome Login admin Feature testing:Login Admin With Invalid path

07:15:22.296 [pool-4-thread-5] DEBUG net.thucydides.core.reports.ReportService - Processing test outcome Login admin Feature testing:Login admin Without Password

07:15:22.296 [pool-4-thread-1] INFO net.thucydides.core.reports.ReportService - net.thucydides.core.reports.html.HtmlAcceptanceTestReporter@4a10db4d: Generating report for test outcome: Login admin Feature testing:Login Admin with valid email and password

07:15:22.296 [pool-4-thread-5] INFO net.thucydides.core.reports.ReportService - net.thucydides.core.reports.html.HtmlAcceptanceTestReporter@4a10db4d: Generating report for test outcome: Login admin Feature testing:Login admin Without Password

07:15:22.296 [pool-4-thread-2] INFO net.thucydides.core.reports.ReportService - net.thucydides.core.reports.html.HtmlAcceptanceTestReporter@4a10db4d: Generating report for test outcome: Login admin Feature testing:Login Admin with invalid email and password

07:15:22.296 [pool-4-thread-4] DEBUG net.thucydides.core.reports.ReportService - Processing test outcome Login admin Feature testing:Login Admin Without Email

07:15:22.298 [pool-4-thread-4] INFO net.thucydides.core.reports.ReportService - net.thucydides.core.reports.html.HtmlAcceptanceTestReporter@4a10db4d: Generating report for test outcome: Login admin Feature testing:Login Admin Without Email

07:15:22.298 [pool-4-thread-8] DEBUG net.thucydides.core.reports.ReportService - Processing test outcome Service vehicle customer:Get Vehicle service without id

07:15:22.298 [pool-4-thread-8] INFO net.thucydides.core.reports.ReportService - net.thucydides.core.reports.html.HtmlAcceptanceTestReporter@4a10db4d: Generating report for test outcome: Service vehicle customer:Get Vehicle service without id

07:15:22.296 [pool-4-thread-3] INFO net.thucydides.core.reports.ReportService - net.thucydides.core.reports.html.HtmlAcceptanceTestReporter@4a10db4d: Generating report for test outcome: Login admin Feature testing:Login Admin With Invalid path

07:15:22.297 [pool-4-thread-6] DEBUG net.thucydides.core.reports.ReportService - Processing test outcome Service vehicle customer:Get all vehicle service with valid parameter id

07:15:22.298 [pool-4-thread-7] DEBUG net.thucydides.core.reports.ReportService - Processing test outcome Service vehicle customer:Get all Vehicle service with invalid parameter id

07:15:22.299 [pool-4-thread-6] INFO net.thucydides.core.reports.ReportService - net.thucydides.core.reports.html.HtmlAcceptanceTestReporter@4a10db4d: Generating report for test outcome: Service vehicle customer:Get all vehicle service with valid parameter id

07:15:22.299 [pool-4-thread-7] INFO net.thucydides.core.reports.ReportService - net.thucydides.core.reports.html.HtmlAcceptanceTestReporter@4a10db4d: Generating report for test outcome: Service vehicle customer:Get all Vehicle service with invalid parameter id

07:15:22.397 [pool-4-thread-8] DEBUG net.thucydides.core.requirements.model.cucumber.CucumberParser - Added feature Login admin Feature testing

07:15:22.397 [pool-4-thread-2] DEBUG net.thucydides.core.requirements.model.cucumber.CucumberParser - Added feature Login admin Feature testing

07:15:22.398 [pool-4-thread-6] DEBUG net.thucydides.core.requirements.model.cucumber.CucumberParser - Added feature Login admin Feature testing

07:15:22.398 [pool-4-thread-7] DEBUG net.thucydides.core.requirements.model.cucumber.CucumberParser - Added feature Login admin Feature testing

07:15:22.398 [pool-4-thread-4] DEBUG net.thucydides.core.requirements.model.cucumber.CucumberParser - Added feature Login admin Feature testing

07:15:22.400 [pool-4-thread-1] DEBUG net.thucydides.core.requirements.model.cucumber.CucumberParser - Added feature Login admin Feature testing

07:15:22.400 [pool-4-thread-5] DEBUG net.thucydides.core.requirements.model.cucumber.CucumberParser - Added feature Login admin Feature testing

07:15:22.427 [pool-4-thread-4] DEBUG net.thucydides.core.requirements.model.cucumber.CucumberParser - Added feature Service vehicle customer

07:15:22.428 [pool-4-thread-5] DEBUG net.thucydides.core.requirements.model.cucumber.CucumberParser - Added feature Service vehicle customer

07:15:22.429 [pool-4-thread-7] DEBUG net.thucydides.core.requirements.model.cucumber.CucumberParser - Added feature Service vehicle customer

07:15:22.430 [pool-4-thread-2] DEBUG net.thucydides.core.requirements.model.cucumber.CucumberParser - Added feature Service vehicle customer

07:15:22.431 [pool-4-thread-1] DEBUG net.thucydides.core.requirements.model.cucumber.CucumberParser - Added feature Service vehicle customer

07:15:22.432 [pool-4-thread-8] DEBUG net.thucydides.core.requirements.model.cucumber.CucumberParser - Added feature Service vehicle customer

07:15:22.435 [pool-4-thread-6] DEBUG net.thucydides.core.requirements.model.cucumber.CucumberParser - Added feature Service vehicle customer

07:15:22.446 [pool-4-thread-7] DEBUG net.thucydides.core.requirements.BaseRequirementsService - Requirement found for test outcome Get all Vehicle service with invalid parameter id-[]: Optional[Requirement{name='Service vehicle customer', type='feature' parent = 'User', cardNumber='null'}]

07:15:22.446 [pool-4-thread-5] DEBUG net.thucydides.core.requirements.BaseRequirementsService - Requirement found for test outcome Login admin Without Password-[]: Optional[Requirement{name='Login admin Feature testing', type='feature' parent = 'Admin', cardNumber='null'}]

07:15:22.446 [pool-4-thread-6] DEBUG net.thucydides.core.requirements.BaseRequirementsService - Requirement found for test outcome Get all vehicle service with valid parameter id-[]: Optional[Requirement{name='Service vehicle customer', type='feature' parent = 'User', cardNumber='null'}]

07:15:22.446 [pool-4-thread-3] DEBUG net.thucydides.core.requirements.BaseRequirementsService - Requirement found for test outcome Login Admin With Invalid path-[]: Optional[Requirement{name='Login admin Feature testing', type='feature' parent = 'Admin', cardNumber='null'}]

07:15:22.446 [pool-4-thread-2] DEBUG net.thucydides.core.requirements.BaseRequirementsService - Requirement found for test outcome Login Admin with invalid email and password-[]: Optional[Requirement{name='Login admin Feature testing', type='feature' parent = 'Admin', cardNumber='null'}]

07:15:22.446 [pool-4-thread-1] DEBUG net.thucydides.core.requirements.BaseRequirementsService - Requirement found for test outcome Login Admin with valid email and password-[]: Optional[Requirement{name='Login admin Feature testing', type='feature' parent = 'Admin', cardNumber='null'}]

07:15:22.446 [pool-4-thread-4] DEBUG net.thucydides.core.requirements.BaseRequirementsService - Requirement found for test outcome Login Admin Without Email-[]: Optional[Requirement{name='Login admin Feature testing', type='feature' parent = 'Admin', cardNumber='null'}]

07:15:22.446 [pool-4-thread-8] DEBUG net.thucydides.core.requirements.BaseRequirementsService - Requirement found for test outcome Get Vehicle service without id-[]: Optional[Requirement{name='Service vehicle customer', type='feature' parent = 'User', cardNumber='null'}]

07:15:22.449 [pool-4-thread-7] DEBUG net.thucydides.core.requirements.BaseRequirementsService - Requirement found for test outcome Get all Vehicle service with invalid parameter id-[]: Optional[Requirement{name='Service vehicle customer', type='feature' parent = 'User', cardNumber='null'}]

07:15:22.449 [pool-4-thread-3] DEBUG net.thucydides.core.requirements.BaseRequirementsService - Requirement found for test outcome Login Admin With Invalid path-[]: Optional[Requirement{name='Login admin Feature testing', type='feature' parent = 'Admin', cardNumber='null'}]

07:15:22.449 [pool-4-thread-1] DEBUG net.thucydides.core.requirements.BaseRequirementsService - Requirement found for test outcome Login Admin with valid email and password-[]: Optional[Requirement{name='Login admin Feature testing', type='feature' parent = 'Admin', cardNumber='null'}]

07:15:22.449 [pool-4-thread-8] DEBUG net.thucydides.core.requirements.BaseRequirementsService - Requirement found for test outcome Get Vehicle service without id-[]: Optional[Requirement{name='Service vehicle customer', type='feature' parent = 'User', cardNumber='null'}]

07:15:22.451 [pool-4-thread-4] DEBUG net.thucydides.core.requirements.BaseRequirementsService - Requirement found for test outcome Login Admin Without Email-[]: Optional[Requirement{name='Login admin Feature testing', type='feature' parent = 'Admin', cardNumber='null'}]

07:15:22.449 [pool-4-thread-6] DEBUG net.thucydides.core.requirements.BaseRequirementsService - Requirement found for test outcome Get all vehicle service with valid parameter id-[]: Optional[Requirement{name='Service vehicle customer', type='feature' parent = 'User', cardNumber='null'}]

07:15:22.449 [pool-4-thread-5] DEBUG net.thucydides.core.requirements.BaseRequirementsService - Requirement found for test outcome Login admin Without Password-[]: Optional[Requirement{name='Login admin Feature testing', type='feature' parent = 'Admin', cardNumber='null'}]

07:15:22.450 [pool-4-thread-2] DEBUG net.thucydides.core.requirements.BaseRequirementsService - Requirement found for test outcome Login Admin with invalid email and password-[]: Optional[Requirement{name='Login admin Feature testing', type='feature' parent = 'Admin', cardNumber='null'}]

07:15:23.767 [pool-4-thread-5] DEBUG serenity.reporting - Generating report in 6ea875f397e3a87e2695d2fdde2e7d91e6fc67d9478dd3d293e56f8ba1adf043.html

07:15:23.767 [pool-4-thread-3] DEBUG serenity.reporting - Generating report in 4de04a11f425462b846f9e7dc3e7155188e6e4eddf32446b57b6873131a5edb2.html

07:15:23.767 [pool-4-thread-2] DEBUG serenity.reporting - Generating report in e8934c2f025c0198248d272923abf1de4d1e83dbcfef4a22bfc95463609cb232.html

07:15:23.767 [pool-4-thread-8] DEBUG serenity.reporting - Generating report in b4253d05fc152eca07045f09493a78864415aa350c8d20468bce3ba89f2abec0.html

07:15:23.767 [pool-4-thread-6] DEBUG serenity.reporting - Generating report in a3cacb694d12629372cf1b4fbc1f2b58e6a3e5431dcf01f2f0bfa3cc9559394f.html

07:15:23.767 [pool-4-thread-1] DEBUG serenity.reporting - Generating report in 11835b7c0977ff4d9ad4eb4f3271a9d5bfb1845b8884c77f7127031411c6ce15.html

07:15:23.767 [pool-4-thread-7] DEBUG serenity.reporting - Generating report in 80da72096313fe96dfc7dd10250301c81f29a8a8fdb41eef94cb8f8efdb535f7.html

07:15:23.767 [pool-4-thread-4] DEBUG serenity.reporting - Generating report in 83c9b53c8f5ce34d15b4f2f34d166d8f59bb1683964fd2bd9bc145a3e5cbe0e8.html

07:15:24.344 [pool-4-thread-5] DEBUG serenity.reporting - Generated report 6ea875f397e3a87e2695d2fdde2e7d91e6fc67d9478dd3d293e56f8ba1adf043.html in 577 ms

07:15:24.344 [pool-4-thread-2] DEBUG serenity.reporting - Generated report e8934c2f025c0198248d272923abf1de4d1e83dbcfef4a22bfc95463609cb232.html in 577 ms

07:15:24.344 [pool-4-thread-2] DEBUG net.thucydides.core.reports.ReportService - Processing test outcome Login admin Feature testing:Login Admin with invalid email and password done

07:15:24.344 [pool-4-thread-5] DEBUG net.thucydides.core.reports.ReportService - Processing test outcome Login admin Feature testing:Login admin Without Password done

07:15:24.344 [pool-4-thread-2] DEBUG net.thucydides.core.reports.ReportService - Processing test outcome Service vehicle customer:Get vehicle service customer with invalid path

07:15:24.344 [pool-4-thread-5] DEBUG net.thucydides.core.reports.ReportService - Processing test outcome Service vehicle customer:Get vehicle service customer with invalid token

07:15:24.344 [pool-4-thread-2] INFO net.thucydides.core.reports.ReportService - net.thucydides.core.reports.html.HtmlAcceptanceTestReporter@4a10db4d: Generating report for test outcome: Service vehicle customer:Get vehicle service customer with invalid path

07:15:24.344 [pool-4-thread-5] INFO net.thucydides.core.reports.ReportService - net.thucydides.core.reports.html.HtmlAcceptanceTestReporter@4a10db4d: Generating report for test outcome: Service vehicle customer:Get vehicle service customer with invalid token

07:15:24.345 [pool-4-thread-4] DEBUG serenity.reporting - Generated report 83c9b53c8f5ce34d15b4f2f34d166d8f59bb1683964fd2bd9bc145a3e5cbe0e8.html in 578 ms

07:15:24.345 [pool-4-thread-4] DEBUG net.thucydides.core.reports.ReportService - Processing test outcome Login admin Feature testing:Login Admin Without Email done

07:15:24.345 [pool-4-thread-1] DEBUG serenity.reporting - Generated report 11835b7c0977ff4d9ad4eb4f3271a9d5bfb1845b8884c77f7127031411c6ce15.html in 578 ms

07:15:24.346 [pool-4-thread-1] DEBUG net.thucydides.core.reports.ReportService - Processing test outcome Login admin Feature testing:Login Admin with valid email and password done

07:15:24.346 [pool-4-thread-2] DEBUG net.thucydides.core.requirements.BaseRequirementsService - Requirement found for test outcome Get vehicle service customer with invalid path-[]: Optional[Requirement{name='Service vehicle customer', type='feature' parent = 'User', cardNumber='null'}]

07:15:24.346 [pool-4-thread-5] DEBUG net.thucydides.core.requirements.BaseRequirementsService - Requirement found for test outcome Get vehicle service customer with invalid token-[]: Optional[Requirement{name='Service vehicle customer', type='feature' parent = 'User', cardNumber='null'}]

07:15:24.346 [pool-4-thread-3] DEBUG serenity.reporting - Generated report 4de04a11f425462b846f9e7dc3e7155188e6e4eddf32446b57b6873131a5edb2.html in 579 ms

07:15:24.346 [pool-4-thread-3] DEBUG net.thucydides.core.reports.ReportService - Processing test outcome Login admin Feature testing:Login Admin With Invalid path done

07:15:24.347 [pool-4-thread-8] DEBUG serenity.reporting - Generated report b4253d05fc152eca07045f09493a78864415aa350c8d20468bce3ba89f2abec0.html in 580 ms

07:15:24.347 [pool-4-thread-8] DEBUG net.thucydides.core.reports.ReportService - Processing test outcome Service vehicle customer:Get Vehicle service without id done

07:15:24.347 [pool-4-thread-2] DEBUG net.thucydides.core.requirements.BaseRequirementsService - Requirement found for test outcome Get vehicle service customer with invalid path-[]: Optional[Requirement{name='Service vehicle customer', type='feature' parent = 'User', cardNumber='null'}]

07:15:24.347 [pool-4-thread-5] DEBUG net.thucydides.core.requirements.BaseRequirementsService - Requirement found for test outcome Get vehicle service customer with invalid token-[]: Optional[Requirement{name='Service vehicle customer', type='feature' parent = 'User', cardNumber='null'}]

07:15:24.349 [pool-4-thread-5] DEBUG serenity.reporting - Generating report in 805c6e250cc5e95ad3abc3699f7edac9f66e69bf3f36c1d92b20e96da4f61279.html

07:15:24.349 [pool-4-thread-2] DEBUG serenity.reporting - Generating report in c5024a99877ac58d43604494974d9b402e09a5ee7bc6cac523d35367431d8cb0.html

07:15:24.358 [pool-4-thread-7] DEBUG serenity.reporting - Generated report 80da72096313fe96dfc7dd10250301c81f29a8a8fdb41eef94cb8f8efdb535f7.html in 591 ms

07:15:24.358 [pool-4-thread-6] DEBUG serenity.reporting - Generated report a3cacb694d12629372cf1b4fbc1f2b58e6a3e5431dcf01f2f0bfa3cc9559394f.html in 591 ms

07:15:24.358 [pool-4-thread-7] DEBUG net.thucydides.core.reports.ReportService - Processing test outcome Service vehicle customer:Get all Vehicle service with invalid parameter id done

07:15:24.358 [pool-4-thread-6] DEBUG net.thucydides.core.reports.ReportService - Processing test outcome Service vehicle customer:Get all vehicle service with valid parameter id done

07:15:24.364 [pool-4-thread-5] DEBUG serenity.reporting - Generated report 805c6e250cc5e95ad3abc3699f7edac9f66e69bf3f36c1d92b20e96da4f61279.html in 15 ms

07:15:24.364 [pool-4-thread-5] DEBUG net.thucydides.core.reports.ReportService - Processing test outcome Service vehicle customer:Get vehicle service customer with invalid token done

07:15:24.364 [pool-4-thread-2] DEBUG serenity.reporting - Generated report c5024a99877ac58d43604494974d9b402e09a5ee7bc6cac523d35367431d8cb0.html in 15 ms

07:15:24.365 [pool-4-thread-2] DEBUG net.thucydides.core.reports.ReportService - Processing test outcome Service vehicle customer:Get vehicle service customer with invalid path done

07:15:24.365 [pool-2-thread-1] DEBUG net.thucydides.core.reports.ReportService - Shutting down executor service

07:15:24.365 [pool-2-thread-1] DEBUG net.thucydides.core.reports.ReportService - Reports generated in: 2070 ms

07:15:24.595 [pool-2-thread-1] INFO io.cucumber.core.plugin.SerenityReporter - Cleanup test resources for URI classpath:features/Bengcall/Admin/LoginAdmin.feature

07:15:24.598 [pool-2-thread-1] INFO io.cucumber.core.plugin.SerenityReporter - Cleanup test resources for URI classpath:features/Bengcall/User/ServiceVehiclesUser.feature


@ServiceVehicleCustomer @GetServiceValidId
Scenario Outline: Get all vehicle service with valid parameter id                               &amp#27;[90m# features/Bengcall/User/ServiceVehiclesUser.feature:13&amp#27;[0m
07:15:20.533 [pool-2-thread-1] INFO io.cucumber.core.plugin.SerenityReporter - Running feature from classpath:features/Bengcall/User/ServiceVehiclesUser.feature
07:15:20.554 [pool-2-thread-1] INFO  - 
  _____   ___   ___   _____     ___   _____     _     ___   _____   ___   ___  
 |_   _| | __| / __| |_   _|   / __| |_   _|   /_\   | _ \ |_   _| | __| |   \ 
   | |   | _|  \__ \   | |     \__ \   | |    / _ \  |   /   | |   | _|  | |) |
   |_|   |___| |___/   |_|     |___/   |_|   /_/ \_\ |_|_\   |_|   |___| |___/ 

Get all vehicle service with valid parameter id(service-vehicle-customer;get-all-vehicle-service-with-valid-parameter-id)
--------------------------------------------------------------------------------
07:15:20.600 [pool-2-thread-1] DEBUG net.thucydides.core.steps.StepInterceptor - STARTING STEP: ServiceVehicleStepdefs.getAllVehicleServiceWithValidIdVehicleIdId - Get service vehicle customer with valid parameter id
07:15:20.607 [pool-2-thread-1] DEBUG net.thucydides.core.steps.StepInterceptor - STEP DONE: Get service vehicle customer with valid parameter id
  &amp#27;[32mGiven &amp#27;[0m&amp#27;[32mGet all vehicle service with valid id vehicle id &amp#27;[0m&amp#27;[32m&amp#27;[1m1&amp#27;[0m                                      &amp#27;[90m# bengCall.user.ServiceVehicleStepdefs.getAllVehicleServiceWithValidIdVehicleIdId(int)&amp#27;[0m
  &amp#27;[32mWhen &amp#27;[0m&amp#27;[32mSend request service&amp#27;[0m                                                                     &amp#27;[90m# bengCall.user.ServiceVehicleStepdefs.sendRequestService()&amp#27;[0m
  &amp#27;[32mThen &amp#27;[0m&amp#27;[32mStatus code &amp#27;[0m&amp#27;[32m&amp#27;[1m200&amp#27;[0m&amp#27;[32m OK&amp#27;[0m                                                                       &amp#27;[90m# bengCall.user.ServiceVehicleStepdefs.statusCodeOK(int)&amp#27;[0m
  &amp#27;[32mAnd &amp#27;[0m&amp#27;[32mResponse service customer body should contain massage &amp#27;[0m&amp#27;[32m&amp#27;[1m"Success get spesific service type"&amp#27;[0m &amp#27;[90m# bengCall.user.ServiceVehicleStepdefs.responseBodyShouldContainMassageAndVehicleIdVehicleId(java.lang.String)&amp#27;[0m
  &amp#27;[32mAnd &amp#27;[0m&amp#27;[32mValidation get vehicle service with valid parameter id&amp#27;[0m                                    &amp#27;[90m# bengCall.user.ServiceVehicleStepdefs.validationGetVehicleServiceWithValidParameterId()&amp#27;[0m
07:15:20.793 [pool-2-thread-1] INFO  - 
  _____   ___   ___   _____     ___     _     ___   ___   ___   ___  
 |_   _| | __| / __| |_   _|   | _ \   /_\   / __| / __| | __| |   \ 
   | |   | _|  \__ \   | |     |  _/  / _ \  \__ \ \__ \ | _|  | |) |
   |_|   |___| |___/   |_|     |_|   /_/ \_\ |___/ |___/ |___| |___/ 

Get all vehicle service with valid parameter id
----------------------------------------------------------------------
]]></system-out>
  </testcase>
  <testcase name="Get all vehicle service with valid parameter id #2" classname="Service vehicle customer" time="0.167">
    <system-out><![CDATA[
@ServiceVehicleCustomer @GetServiceValidId
Scenario Outline: Get all vehicle service with valid parameter id                               &amp#27;[90m# features/Bengcall/User/ServiceVehiclesUser.feature:14&amp#27;[0m
07:15:20.799 [pool-2-thread-1] INFO io.cucumber.core.plugin.SerenityReporter - Running feature from classpath:features/Bengcall/User/ServiceVehiclesUser.feature
07:15:20.811 [pool-2-thread-1] DEBUG net.thucydides.core.steps.StepInterceptor - STARTING STEP: ServiceVehicleStepdefs.getAllVehicleServiceWithValidIdVehicleIdId - Get service vehicle customer with valid parameter id
07:15:20.812 [pool-2-thread-1] DEBUG net.thucydides.core.steps.StepInterceptor - STEP DONE: Get service vehicle customer with valid parameter id
  &amp#27;[32mGiven &amp#27;[0m&amp#27;[32mGet all vehicle service with valid id vehicle id &amp#27;[0m&amp#27;[32m&amp#27;[1m2&amp#27;[0m                                      &amp#27;[90m# bengCall.user.ServiceVehicleStepdefs.getAllVehicleServiceWithValidIdVehicleIdId(int)&amp#27;[0m
  &amp#27;[32mWhen &amp#27;[0m&amp#27;[32mSend request service&amp#27;[0m                                                                     &amp#27;[90m# bengCall.user.ServiceVehicleStepdefs.sendRequestService()&amp#27;[0m
  &amp#27;[32mThen &amp#27;[0m&amp#27;[32mStatus code &amp#27;[0m&amp#27;[32m&amp#27;[1m200&amp#27;[0m&amp#27;[32m OK&amp#27;[0m                                                                       &amp#27;[90m# bengCall.user.ServiceVehicleStepdefs.statusCodeOK(int)&amp#27;[0m
  &amp#27;[32mAnd &amp#27;[0m&amp#27;[32mResponse service customer body should contain massage &amp#27;[0m&amp#27;[32m&amp#27;[1m"Success get spesific service type"&amp#27;[0m &amp#27;[90m# bengCall.user.ServiceVehicleStepdefs.responseBodyShouldContainMassageAndVehicleIdVehicleId(java.lang.String)&amp#27;[0m
  &amp#27;[32mAnd &amp#27;[0m&amp#27;[32mValidation get vehicle service with valid parameter id&amp#27;[0m                                    &amp#27;[90m# bengCall.user.ServiceVehicleStepdefs.validationGetVehicleServiceWithValidParameterId()&amp#27;[0m
07:15:20.960 [pool-2-thread-1] INFO  - 
  _____   ___   ___   _____     ___     _     ___   ___   ___   ___  
 |_   _| | __| / __| |_   _|   | _ \   /_\   / __| / __| | __| |   \ 
   | |   | _|  \__ \   | |     |  _/  / _ \  \__ \ \__ \ | _|  | |) |
   |_|   |___| |___/   |_|     |_|   /_/ \_\ |___/ |___/ |___| |___/ 

Get all vehicle service with valid parameter id
----------------------------------------------------------------------
]]></system-out>
  </testcase>
  <testcase name="Get all vehicle service with valid parameter id #3" classname="Service vehicle customer" time="0.188">
    <system-out><![CDATA[
@ServiceVehicleCustomer @GetServiceValidId
Scenario Outline: Get all vehicle service with valid parameter id                               &amp#27;[90m# features/Bengcall/User/ServiceVehiclesUser.feature:15&amp#27;[0m
07:15:20.967 [pool-2-thread-1] INFO io.cucumber.core.plugin.SerenityReporter - Running feature from classpath:features/Bengcall/User/ServiceVehiclesUser.feature
07:15:20.980 [pool-2-thread-1] DEBUG net.thucydides.core.steps.StepInterceptor - STARTING STEP: ServiceVehicleStepdefs.getAllVehicleServiceWithValidIdVehicleIdId - Get service vehicle customer with valid parameter id
07:15:20.982 [pool-2-thread-1] DEBUG net.thucydides.core.steps.StepInterceptor - STEP DONE: Get service vehicle customer with valid parameter id
  &amp#27;[32mGiven &amp#27;[0m&amp#27;[32mGet all vehicle service with valid id vehicle id &amp#27;[0m&amp#27;[32m&amp#27;[1m3&amp#27;[0m                                      &amp#27;[90m# bengCall.user.ServiceVehicleStepdefs.getAllVehicleServiceWithValidIdVehicleIdId(int)&amp#27;[0m
  &amp#27;[32mWhen &amp#27;[0m&amp#27;[32mSend request service&amp#27;[0m                                                                     &amp#27;[90m# bengCall.user.ServiceVehicleStepdefs.sendRequestService()&amp#27;[0m
  &amp#27;[32mThen &amp#27;[0m&amp#27;[32mStatus code &amp#27;[0m&amp#27;[32m&amp#27;[1m200&amp#27;[0m&amp#27;[32m OK&amp#27;[0m                                                                       &amp#27;[90m# bengCall.user.ServiceVehicleStepdefs.statusCodeOK(int)&amp#27;[0m
  &amp#27;[32mAnd &amp#27;[0m&amp#27;[32mResponse service customer body should contain massage &amp#27;[0m&amp#27;[32m&amp#27;[1m"Success get spesific service type"&amp#27;[0m &amp#27;[90m# bengCall.user.ServiceVehicleStepdefs.responseBodyShouldContainMassageAndVehicleIdVehicleId(java.lang.String)&amp#27;[0m
  &amp#27;[32mAnd &amp#27;[0m&amp#27;[32mValidation get vehicle service with valid parameter id&amp#27;[0m                                    &amp#27;[90m# bengCall.user.ServiceVehicleStepdefs.validationGetVehicleServiceWithValidParameterId()&amp#27;[0m
]]></system-out>
  </testcase>
  <testcase name="Get all Vehicle service with invalid parameter id #1" classname="Service vehicle customer" time="0.165">
    <system-out><![CDATA[
@ServiceVehicleCustomer @GetServiceInvalidId
Scenario Outline: Get all Vehicle service with invalid parameter id            &amp#27;[90m# features/Bengcall/User/ServiceVehiclesUser.feature:26&amp#27;[0m
07:15:21.153 [pool-2-thread-1] INFO io.cucumber.core.plugin.SerenityReporter - Running feature from classpath:features/Bengcall/User/ServiceVehiclesUser.feature
07:15:21.157 [pool-2-thread-1] INFO  - 
  _____   ___   ___   _____     ___   _____     _     ___   _____   ___   ___  
 |_   _| | __| / __| |_   _|   / __| |_   _|   /_\   | _ \ |_   _| | __| |   \ 
   | |   | _|  \__ \   | |     \__ \   | |    / _ \  |   /   | |   | _|  | |) |
   |_|   |___| |___/   |_|     |___/   |_|   /_/ \_\ |_|_\   |_|   |___| |___/ 

Get all Vehicle service with invalid parameter id(service-vehicle-customer;get-all-vehicle-service-with-invalid-parameter-id)
--------------------------------------------------------------------------------
07:15:21.171 [pool-2-thread-1] DEBUG net.thucydides.core.steps.StepInterceptor - STARTING STEP: ServiceVehicleStepdefs.getAllVehicleServiceWithInvalidIdVehicleIdId - Get service vehicle customer with invalid parameter id
07:15:21.172 [pool-2-thread-1] DEBUG net.thucydides.core.steps.StepInterceptor - STEP DONE: Get service vehicle customer with invalid parameter id
  &amp#27;[32mGiven &amp#27;[0m&amp#27;[32mGet all vehicle service with invalid id vehicle id &amp#27;[0m&amp#27;[32m&amp#27;[1m120&amp#27;[0m                 &amp#27;[90m# bengCall.user.ServiceVehicleStepdefs.getAllVehicleServiceWithInvalidIdVehicleIdId(int)&amp#27;[0m
  &amp#27;[32mWhen &amp#27;[0m&amp#27;[32mSend request invalid path service&amp#27;[0m                                       &amp#27;[90m# bengCall.user.ServiceVehicleStepdefs.sendRequestInvalidPathService()&amp#27;[0m
  &amp#27;[32mThen &amp#27;[0m&amp#27;[32mStatus code &amp#27;[0m&amp#27;[32m&amp#27;[1m500&amp#27;[0m&amp#27;[32m Internal Server Error&amp#27;[0m                                   &amp#27;[90m# bengCall.user.ServiceVehicleStepdefs.statusCodeInternalServerError(int)&amp#27;[0m
  &amp#27;[32mAnd &amp#27;[0m&amp#27;[32minvalid id Response customer body should contain massage &amp#27;[0m&amp#27;[32m&amp#27;[1m"There's no ID"&amp#27;[0m &amp#27;[90m# bengCall.user.ServiceVehicleStepdefs.invalidIdResponseCustomerBodyShouldContainMassage(java.lang.String)&amp#27;[0m
  &amp#27;[32mAnd &amp#27;[0m&amp#27;[32mValidation Get Vehicle service with invalid parameter id&amp#27;[0m                 &amp#27;[90m# bengCall.user.ServiceVehicleStepdefs.validationGetVehicleServiceWithInvalidParameterId()&amp#27;[0m
07:15:21.313 [pool-2-thread-1] INFO  - 
  _____   ___   ___   _____     ___     _     ___   ___   ___   ___  
 |_   _| | __| / __| |_   _|   | _ \   /_\   / __| / __| | __| |   \ 
   | |   | _|  \__ \   | |     |  _/  / _ \  \__ \ \__ \ | _|  | |) |
   |_|   |___| |___/   |_|     |_|   /_/ \_\ |___/ |___/ |___| |___/ 

Get all Vehicle service with invalid parameter id
----------------------------------------------------------------------
]]></system-out>
  </testcase>
  <testcase name="Get all Vehicle service with invalid parameter id #2" classname="Service vehicle customer" time="0.152">
    <system-out><![CDATA[
@ServiceVehicleCustomer @GetServiceInvalidId
Scenario Outline: Get all Vehicle service with invalid parameter id            &amp#27;[90m# features/Bengcall/User/ServiceVehiclesUser.feature:27&amp#27;[0m
07:15:21.318 [pool-2-thread-1] INFO io.cucumber.core.plugin.SerenityReporter - Running feature from classpath:features/Bengcall/User/ServiceVehiclesUser.feature
07:15:21.329 [pool-2-thread-1] DEBUG net.thucydides.core.steps.StepInterceptor - STARTING STEP: ServiceVehicleStepdefs.getAllVehicleServiceWithInvalidIdVehicleIdId - Get service vehicle customer with invalid parameter id
07:15:21.330 [pool-2-thread-1] DEBUG net.thucydides.core.steps.StepInterceptor - STEP DONE: Get service vehicle customer with invalid parameter id
  &amp#27;[32mGiven &amp#27;[0m&amp#27;[32mGet all vehicle service with invalid id vehicle id &amp#27;[0m&amp#27;[32m&amp#27;[1m130&amp#27;[0m                 &amp#27;[90m# bengCall.user.ServiceVehicleStepdefs.getAllVehicleServiceWithInvalidIdVehicleIdId(int)&amp#27;[0m
  &amp#27;[32mWhen &amp#27;[0m&amp#27;[32mSend request invalid path service&amp#27;[0m                                       &amp#27;[90m# bengCall.user.ServiceVehicleStepdefs.sendRequestInvalidPathService()&amp#27;[0m
  &amp#27;[32mThen &amp#27;[0m&amp#27;[32mStatus code &amp#27;[0m&amp#27;[32m&amp#27;[1m500&amp#27;[0m&amp#27;[32m Internal Server Error&amp#27;[0m                                   &amp#27;[90m# bengCall.user.ServiceVehicleStepdefs.statusCodeInternalServerError(int)&amp#27;[0m
  &amp#27;[32mAnd &amp#27;[0m&amp#27;[32minvalid id Response customer body should contain massage &amp#27;[0m&amp#27;[32m&amp#27;[1m"There's no ID"&amp#27;[0m &amp#27;[90m# bengCall.user.ServiceVehicleStepdefs.invalidIdResponseCustomerBodyShouldContainMassage(java.lang.String)&amp#27;[0m
  &amp#27;[32mAnd &amp#27;[0m&amp#27;[32mValidation Get Vehicle service with invalid parameter id&amp#27;[0m                 &amp#27;[90m# bengCall.user.ServiceVehicleStepdefs.validationGetVehicleServiceWithInvalidParameterId()&amp#27;[0m
07:15:21.465 [pool-2-thread-1] INFO  - 
  _____   ___   ___   _____     ___     _     ___   ___   ___   ___  
 |_   _| | __| / __| |_   _|   | _ \   /_\   / __| / __| | __| |   \ 
   | |   | _|  \__ \   | |     |  _/  / _ \  \__ \ \__ \ | _|  | |) |
   |_|   |___| |___/   |_|     |_|   /_/ \_\ |___/ |___/ |___| |___/ 

Get all Vehicle service with invalid parameter id
----------------------------------------------------------------------
]]></system-out>
  </testcase>
  <testcase name="Get all Vehicle service with invalid parameter id #3" classname="Service vehicle customer" time="0.194">
    <system-out><![CDATA[
@ServiceVehicleCustomer @GetServiceInvalidId
Scenario Outline: Get all Vehicle service with invalid parameter id            &amp#27;[90m# features/Bengcall/User/ServiceVehiclesUser.feature:28&amp#27;[0m
07:15:21.470 [pool-2-thread-1] INFO io.cucumber.core.plugin.SerenityReporter - Running feature from classpath:features/Bengcall/User/ServiceVehiclesUser.feature
07:15:21.482 [pool-2-thread-1] DEBUG net.thucydides.core.steps.StepInterceptor - STARTING STEP: ServiceVehicleStepdefs.getAllVehicleServiceWithInvalidIdVehicleIdId - Get service vehicle customer with invalid parameter id
07:15:21.483 [pool-2-thread-1] DEBUG net.thucydides.core.steps.StepInterceptor - STEP DONE: Get service vehicle customer with invalid parameter id
  &amp#27;[32mGiven &amp#27;[0m&amp#27;[32mGet all vehicle service with invalid id vehicle id &amp#27;[0m&amp#27;[32m&amp#27;[1m234&amp#27;[0m                 &amp#27;[90m# bengCall.user.ServiceVehicleStepdefs.getAllVehicleServiceWithInvalidIdVehicleIdId(int)&amp#27;[0m
  &amp#27;[32mWhen &amp#27;[0m&amp#27;[32mSend request invalid path service&amp#27;[0m                                       &amp#27;[90m# bengCall.user.ServiceVehicleStepdefs.sendRequestInvalidPathService()&amp#27;[0m
  &amp#27;[32mThen &amp#27;[0m&amp#27;[32mStatus code &amp#27;[0m&amp#27;[32m&amp#27;[1m500&amp#27;[0m&amp#27;[32m Internal Server Error&amp#27;[0m                                   &amp#27;[90m# bengCall.user.ServiceVehicleStepdefs.statusCodeInternalServerError(int)&amp#27;[0m
  &amp#27;[32mAnd &amp#27;[0m&amp#27;[32minvalid id Response customer body should contain massage &amp#27;[0m&amp#27;[32m&amp#27;[1m"There's no ID"&amp#27;[0m &amp#27;[90m# bengCall.user.ServiceVehicleStepdefs.invalidIdResponseCustomerBodyShouldContainMassage(java.lang.String)&amp#27;[0m
  &amp#27;[32mAnd &amp#27;[0m&amp#27;[32mValidation Get Vehicle service with invalid parameter id&amp#27;[0m                 &amp#27;[90m# bengCall.user.ServiceVehicleStepdefs.validationGetVehicleServiceWithInvalidParameterId()&amp#27;[0m
]]></system-out>
  </testcase>
  <testcase name="Get Vehicle service without id" classname="Service vehicle customer" time="0.157">
    <system-out><![CDATA[
@ServiceVehicleCustomer @GetServiceWithoutId
Scenario: Get Vehicle service without id                          &amp#27;[90m# features/Bengcall/User/ServiceVehiclesUser.feature:31&amp#27;[0m
07:15:21.666 [pool-2-thread-1] INFO io.cucumber.core.plugin.SerenityReporter - Running feature from classpath:features/Bengcall/User/ServiceVehiclesUser.feature
07:15:21.669 [pool-2-thread-1] INFO  - 
  _____   ___   ___   _____     ___   _____     _     ___   _____   ___   ___  
 |_   _| | __| / __| |_   _|   / __| |_   _|   /_\   | _ \ |_   _| | __| |   \ 
   | |   | _|  \__ \   | |     \__ \   | |    / _ \  |   /   | |   | _|  | |) |
   |_|   |___| |___/   |_|     |___/   |_|   /_/ \_\ |_|_\   |_|   |___| |___/ 

Get Vehicle service without id(service-vehicle-customer;get-vehicle-service-without-id)
--------------------------------------------------------------------------------
07:15:21.681 [pool-2-thread-1] DEBUG net.thucydides.core.steps.StepInterceptor - STARTING STEP: ServiceVehicleStepdefs.getVehicleServiceWithoutId - Get service vehicle customer without id
07:15:21.682 [pool-2-thread-1] DEBUG net.thucydides.core.steps.StepInterceptor - STEP DONE: Get service vehicle customer without id
  &amp#27;[32mGiven &amp#27;[0m&amp#27;[32mGet vehicle service Without id&amp#27;[0m                            &amp#27;[90m# bengCall.user.ServiceVehicleStepdefs.getVehicleServiceWithoutId()&amp#27;[0m
  &amp#27;[32mWhen &amp#27;[0m&amp#27;[32mSend path service without id&amp#27;[0m                               &amp#27;[90m# bengCall.user.ServiceVehicleStepdefs.sendPathServiceWithoutId()&amp#27;[0m
  &amp#27;[32mThen &amp#27;[0m&amp#27;[32mStatus code &amp#27;[0m&amp#27;[32m&amp#27;[1m404&amp#27;[0m&amp#27;[32m not found&amp#27;[0m                                  &amp#27;[90m# bengCall.admin.LoginAdminStepdefs.statusCodeNotFound(int)&amp#27;[0m
  &amp#27;[32mAnd &amp#27;[0m&amp#27;[32minvalid id Response body should contain massage &amp#27;[0m&amp#27;[32m&amp#27;[1m"Not Found"&amp#27;[0m &amp#27;[90m# bengCall.user.ServiceVehicleStepdefs.invalidIdResponseBodyShouldContainMassage(java.lang.String)&amp#27;[0m
  &amp#27;[32mAnd &amp#27;[0m&amp#27;[32mValidation Get Vehicle service without id&amp#27;[0m                   &amp#27;[90m# bengCall.user.ServiceVehicleStepdefs.validationGetVehicleServiceWithoutId()&amp#27;[0m
07:15:21.816 [pool-2-thread-1] INFO  - 
  _____   ___   ___   _____     ___     _     ___   ___   ___   ___  
 |_   _| | __| / __| |_   _|   | _ \   /_\   / __| / __| | __| |   \ 
   | |   | _|  \__ \   | |     |  _/  / _ \  \__ \ \__ \ | _|  | |) |
   |_|   |___| |___/   |_|     |_|   /_/ \_\ |___/ |___/ |___| |___/ 

Get Vehicle service without id
----------------------------------------------------------------------
]]></system-out>
  </testcase>
  <testcase name="Get vehicle service customer with invalid path" classname="Service vehicle customer" time="0.152">
    <system-out><![CDATA[
@ServiceVehicleCustomer @GetServiceWithInvalidPath
Scenario: Get vehicle service customer with invalid path            &amp#27;[90m# features/Bengcall/User/ServiceVehiclesUser.feature:39&amp#27;[0m
07:15:21.822 [pool-2-thread-1] INFO io.cucumber.core.plugin.SerenityReporter - Running feature from classpath:features/Bengcall/User/ServiceVehiclesUser.feature
07:15:21.825 [pool-2-thread-1] INFO  - 
  _____   ___   ___   _____     ___   _____     _     ___   _____   ___   ___  
 |_   _| | __| / __| |_   _|   / __| |_   _|   /_\   | _ \ |_   _| | __| |   \ 
   | |   | _|  \__ \   | |     \__ \   | |    / _ \  |   /   | |   | _|  | |) |
   |_|   |___| |___/   |_|     |___/   |_|   /_/ \_\ |_|_\   |_|   |___| |___/ 

Get vehicle service customer with invalid path(service-vehicle-customer;get-vehicle-service-customer-with-invalid-path)
--------------------------------------------------------------------------------
07:15:21.835 [pool-2-thread-1] DEBUG net.thucydides.core.steps.StepInterceptor - STARTING STEP: ServiceVehicleStepdefs.getVehicleServiceWithInvalidPath - Get service Vehicle with invalid path
07:15:21.836 [pool-2-thread-1] DEBUG net.thucydides.core.steps.StepInterceptor - STEP DONE: Get service Vehicle with invalid path
  &amp#27;[32mGiven &amp#27;[0m&amp#27;[32mget Vehicle service with invalid path and with id &amp#27;[0m&amp#27;[32m&amp#27;[1m1&amp#27;[0m         &amp#27;[90m# bengCall.user.ServiceVehicleStepdefs.getVehicleServiceWithInvalidPath(int)&amp#27;[0m
  &amp#27;[32mWhen &amp#27;[0m&amp#27;[32mSend invalid path&amp#27;[0m                                            &amp#27;[90m# bengCall.user.ServiceVehicleStepdefs.sendInvalidPath()&amp#27;[0m
  &amp#27;[32mThen &amp#27;[0m&amp#27;[32mStatus code &amp#27;[0m&amp#27;[32m&amp#27;[1m404&amp#27;[0m&amp#27;[32m not found&amp#27;[0m                                    &amp#27;[90m# bengCall.admin.LoginAdminStepdefs.statusCodeNotFound(int)&amp#27;[0m
  &amp#27;[32mAnd &amp#27;[0m&amp#27;[32minvalid path Response body should contain massage &amp#27;[0m&amp#27;[32m&amp#27;[1m"Not Found"&amp#27;[0m &amp#27;[90m# bengCall.admin.LoginAdminStepdefs.invalidPathResponseBodyShouldContainMassage(java.lang.String)&amp#27;[0m
  &amp#27;[32mAnd &amp#27;[0m&amp#27;[32mValidation Get vehicle service with invalid path&amp#27;[0m              &amp#27;[90m# bengCall.user.ServiceVehicleStepdefs.validationGetVehicleServiceWithInvalidPath()&amp#27;[0m
07:15:21.968 [pool-2-thread-1] INFO  - 
  _____   ___   ___   _____     ___     _     ___   ___   ___   ___  
 |_   _| | __| / __| |_   _|   | _ \   /_\   / __| / __| | __| |   \ 
   | |   | _|  \__ \   | |     |  _/  / _ \  \__ \ \__ \ | _|  | |) |
   |_|   |___| |___/   |_|     |_|   /_/ \_\ |___/ |___/ |___| |___/ 

Get vehicle service customer with invalid path
----------------------------------------------------------------------
]]></system-out>
  </testcase>
  <testcase name="Get vehicle service customer with invalid token" classname="Service vehicle customer" time="0.148">
    <system-out><![CDATA[
@ServiceVehicleCustomer @GetServiceWithInvalidToken
Scenario: Get vehicle service customer with invalid token                         &amp#27;[90m# features/Bengcall/User/ServiceVehiclesUser.feature:47&amp#27;[0m
07:15:21.974 [pool-2-thread-1] INFO io.cucumber.core.plugin.SerenityReporter - Running feature from classpath:features/Bengcall/User/ServiceVehiclesUser.feature
07:15:21.977 [pool-2-thread-1] INFO  - 
  _____   ___   ___   _____     ___   _____     _     ___   _____   ___   ___  
 |_   _| | __| / __| |_   _|   / __| |_   _|   /_\   | _ \ |_   _| | __| |   \ 
   | |   | _|  \__ \   | |     \__ \   | |    / _ \  |   /   | |   | _|  | |) |
   |_|   |___| |___/   |_|     |___/   |_|   /_/ \_\ |_|_\   |_|   |___| |___/ 

Get vehicle service customer with invalid token(service-vehicle-customer;get-vehicle-service-customer-with-invalid-token)
--------------------------------------------------------------------------------
07:15:21.988 [pool-2-thread-1] DEBUG net.thucydides.core.steps.StepInterceptor - STARTING STEP: ServiceVehicleStepdefs.vehicleServiceIdWithIdAndInvalidToken - Get Service vehicle customer with invalid token
07:15:21.989 [pool-2-thread-1] DEBUG net.thucydides.core.steps.StepInterceptor - STEP DONE: Get Service vehicle customer with invalid token
  &amp#27;[32mGiven &amp#27;[0m&amp#27;[32mVehicle service id with id &amp#27;[0m&amp#27;[32m&amp#27;[1m1&amp#27;[0m&amp#27;[32m and invalid token&amp#27;[0m                            &amp#27;[90m# bengCall.user.ServiceVehicleStepdefs.vehicleServiceIdWithIdAndInvalidToken(int)&amp#27;[0m
  &amp#27;[32mWhen &amp#27;[0m&amp#27;[32mSend request service&amp#27;[0m                                                       &amp#27;[90m# bengCall.user.ServiceVehicleStepdefs.sendRequestService()&amp#27;[0m
  &amp#27;[32mThen &amp#27;[0m&amp#27;[32mStatus code &amp#27;[0m&amp#27;[32m&amp#27;[1m401&amp#27;[0m&amp#27;[32m Unauthorized&amp#27;[0m                                               &amp#27;[90m# bengCall.user.ServiceVehicleStepdefs.statusCodeUnauthorized(int)&amp#27;[0m
  &amp#27;[32mAnd &amp#27;[0m&amp#27;[32minvalid token response body should contain massage &amp#27;[0m&amp#27;[32m&amp#27;[1m"invalid or expired jwt"&amp#27;[0m &amp#27;[90m# bengCall.user.ServiceVehicleStepdefs.invalidTokenResponseBodyShouldContainMassage(java.lang.String)&amp#27;[0m
  &amp#27;[32mAnd &amp#27;[0m&amp#27;[32mValidation Get Vehicle service with invalid token&amp#27;[0m                           &amp#27;[90m# bengCall.user.ServiceVehicleStepdefs.validationGetVehicleServiceWithInvalidToken()&amp#27;[0m
07:15:22.116 [pool-2-thread-1] INFO  - 
  _____   ___   ___   _____     ___     _     ___   ___   ___   ___  
 |_   _| | __| / __| |_   _|   | _ \   /_\   / __| / __| | __| |   \ 
   | |   | _|  \__ \   | |     |  _/  / _ \  \__ \ \__ \ | _|  | |) |
   |_|   |___| |___/   |_|     |_|   /_/ \_\ |___/ |___/ |___| |___/ 

Get vehicle service customer with invalid token
----------------------------------------------------------------------
]]></system-out>
  </testcase>
</testsuite>